<?xml version="1.0"?>
<!DOCTYPE coverage SYSTEM "http://cobertura.sourceforge.net/xml/coverage-04.dtd">

<coverage line-rate="0.0" branch-rate="0.0" lines-covered="0" lines-valid="44" branches-covered="0" branches-valid="14" complexity="1.4210526315789473" version="1.9.4.1" timestamp="1333932732704">
	<sources>
		<source>/common/home/jjs/workspace/javautil-proxy/src/main/java</source>
		<source>--source</source>
	</sources>
	<packages>
		<package name="org.javautil.proxy.controller" line-rate="0.0" branch-rate="1.0" complexity="1.0">
			<classes>
				<class name="org.javautil.proxy.controller.Proxy" filename="org/javautil/proxy/controller/Proxy.java" line-rate="0.0" branch-rate="1.0" complexity="1.0">
					<methods>
						<method name="&lt;init&gt;" signature="()V" line-rate="0.0" branch-rate="1.0">
							<lines>
								<line number="10" hits="0" branch="false"/>
							</lines>
						</method>
						<method name="download" signature="(Ljavax/servlet/http/HttpServletRequest;Ljavax/servlet/http/HttpServletResponse;)Lorg/springframework/web/servlet/ModelAndView;" line-rate="0.0" branch-rate="1.0">
							<lines>
								<line number="52" hits="0" branch="false"/>
							</lines>
						</method>
						<method name="getAuthenticatedUsrName" signature="(Ljavax/servlet/http/HttpServletRequest;)Ljava/lang/String;" line-rate="0.0" branch-rate="1.0">
							<lines>
								<line number="63" hits="0" branch="false"/>
							</lines>
						</method>
						<method name="getParameterChecker" signature="()LProxyParameterChecker;" line-rate="0.0" branch-rate="1.0">
							<lines>
								<line number="70" hits="0" branch="false"/>
							</lines>
						</method>
						<method name="getProxyController" signature="()Lorg/javautil/controller/ProxyController;" line-rate="0.0" branch-rate="1.0">
							<lines>
								<line number="85" hits="0" branch="false"/>
							</lines>
						</method>
						<method name="setParameterChecker" signature="(LProxyParameterChecker;)V" line-rate="0.0" branch-rate="1.0">
							<lines>
								<line number="78" hits="0" branch="false"/>
							</lines>
						</method>
						<method name="setProxyController" signature="(Lorg/javautil/controller/ProxyController;)V" line-rate="0.0" branch-rate="1.0">
							<lines>
								<line number="93" hits="0" branch="false"/>
							</lines>
						</method>
					</methods>
					<lines>
						<line number="10" hits="0" branch="false"/>
						<line number="52" hits="0" branch="false"/>
						<line number="63" hits="0" branch="false"/>
						<line number="70" hits="0" branch="false"/>
						<line number="78" hits="0" branch="false"/>
						<line number="85" hits="0" branch="false"/>
						<line number="93" hits="0" branch="false"/>
					</lines>
				</class>
			</classes>
		</package>
		<package name="org.javautil.proxy.util" line-rate="0.0" branch-rate="0.0" complexity="1.6153846153846154">
			<classes>
				<class name="org.javautil.proxy.util.ProxyParameterChecker" filename="org/javautil/proxy/util/ProxyParameterChecker.java" line-rate="0.0" branch-rate="0.0" complexity="2.75">
					<methods>
						<method name="&lt;init&gt;" signature="()V" line-rate="0.0" branch-rate="1.0">
							<lines>
								<line number="8" hits="0" branch="false"/>
							</lines>
						</method>
						<method name="checkParameters" signature="(Ljavax/servlet/http/HttpServletRequest;)V" line-rate="0.0" branch-rate="0.0">
							<lines>
								<line number="14" hits="0" branch="false"/>
								<line number="15" hits="0" branch="false"/>
								<line number="16" hits="0" branch="true" condition-coverage="0% (0/2)">
									<conditions>
										<condition number="0" type="jump" coverage="0%"/>
									</conditions>
								</line>
								<line number="17" hits="0" branch="false"/>
								<line number="18" hits="0" branch="true" condition-coverage="0% (0/2)">
									<conditions>
										<condition number="0" type="jump" coverage="0%"/>
									</conditions>
								</line>
								<line number="19" hits="0" branch="true" condition-coverage="0% (0/2)">
									<conditions>
										<condition number="0" type="jump" coverage="0%"/>
									</conditions>
								</line>
								<line number="21" hits="0" branch="false"/>
								<line number="24" hits="0" branch="false"/>
								<line number="25" hits="0" branch="false"/>
							</lines>
						</method>
						<method name="getRequestRule" signature="()Lorg/javautil/proxy/util/ProxyRequestRule;" line-rate="0.0" branch-rate="1.0">
							<lines>
								<line number="40" hits="0" branch="false"/>
							</lines>
						</method>
						<method name="initializePatterns" signature="(Lorg/javautil/proxy/util/ProxyRequestRule;)V" line-rate="0.0" branch-rate="0.0">
							<lines>
								<line number="28" hits="0" branch="true" condition-coverage="0% (0/4)">
									<conditions>
										<condition number="0" type="jump" coverage="0%"/>
										<condition number="1" type="jump" coverage="0%"/>
									</conditions>
								</line>
								<line number="29" hits="0" branch="true" condition-coverage="0% (0/2)">
									<conditions>
										<condition number="0" type="jump" coverage="0%"/>
									</conditions>
								</line>
								<line number="30" hits="0" branch="false"/>
								<line number="31" hits="0" branch="false"/>
								<line number="32" hits="0" branch="false"/>
								<line number="34" hits="0" branch="false"/>
							</lines>
						</method>
						<method name="setRequestRule" signature="(Lorg/javautil/proxy/util/ProxyRequestRule;)V" line-rate="0.0" branch-rate="1.0">
							<lines>
								<line number="47" hits="0" branch="false"/>
								<line number="48" hits="0" branch="false"/>
							</lines>
						</method>
					</methods>
					<lines>
						<line number="8" hits="0" branch="false"/>
						<line number="14" hits="0" branch="false"/>
						<line number="15" hits="0" branch="false"/>
						<line number="16" hits="0" branch="true" condition-coverage="0% (0/2)">
							<conditions>
								<condition number="0" type="jump" coverage="0%"/>
							</conditions>
						</line>
						<line number="17" hits="0" branch="false"/>
						<line number="18" hits="0" branch="true" condition-coverage="0% (0/2)">
							<conditions>
								<condition number="0" type="jump" coverage="0%"/>
							</conditions>
						</line>
						<line number="19" hits="0" branch="true" condition-coverage="0% (0/2)">
							<conditions>
								<condition number="0" type="jump" coverage="0%"/>
							</conditions>
						</line>
						<line number="21" hits="0" branch="false"/>
						<line number="24" hits="0" branch="false"/>
						<line number="25" hits="0" branch="false"/>
						<line number="28" hits="0" branch="true" condition-coverage="0% (0/4)">
							<conditions>
								<condition number="0" type="jump" coverage="0%"/>
								<condition number="1" type="jump" coverage="0%"/>
							</conditions>
						</line>
						<line number="29" hits="0" branch="true" condition-coverage="0% (0/2)">
							<conditions>
								<condition number="0" type="jump" coverage="0%"/>
							</conditions>
						</line>
						<line number="30" hits="0" branch="false"/>
						<line number="31" hits="0" branch="false"/>
						<line number="32" hits="0" branch="false"/>
						<line number="34" hits="0" branch="false"/>
						<line number="40" hits="0" branch="false"/>
						<line number="47" hits="0" branch="false"/>
						<line number="48" hits="0" branch="false"/>
					</lines>
				</class>
				<class name="org.javautil.proxy.util.ProxyRequestRule" filename="org/javautil/proxy/util/ProxyRequestRule.java" line-rate="0.0" branch-rate="0.0" complexity="1.1111111111111112">
					<methods>
						<method name="&lt;init&gt;" signature="()V" line-rate="0.0" branch-rate="1.0">
							<lines>
								<line number="10" hits="0" branch="false"/>
								<line number="13" hits="0" branch="false"/>
							</lines>
						</method>
						<method name="addPattern" signature="(Ljava/util/regex/Pattern;)V" line-rate="0.0" branch-rate="0.0">
							<lines>
								<line number="76" hits="0" branch="true" condition-coverage="0% (0/2)">
									<conditions>
										<condition number="0" type="jump" coverage="0%"/>
									</conditions>
								</line>
								<line number="77" hits="0" branch="false"/>
								<line number="79" hits="0" branch="false"/>
								<line number="81" hits="0" branch="false"/>
							</lines>
						</method>
						<method name="getDisallowedParameters" signature="()Ljava/util/List;" line-rate="0.0" branch-rate="1.0">
							<lines>
								<line number="23" hits="0" branch="false"/>
							</lines>
						</method>
						<method name="getPatterns" signature="()Ljava/util/List;" line-rate="0.0" branch-rate="1.0">
							<lines>
								<line number="65" hits="0" branch="false"/>
							</lines>
						</method>
						<method name="getStripPrefix" signature="()Ljava/lang/String;" line-rate="0.0" branch-rate="1.0">
							<lines>
								<line number="37" hits="0" branch="false"/>
							</lines>
						</method>
						<method name="isUseRegularExpressions" signature="()Z" line-rate="0.0" branch-rate="1.0">
							<lines>
								<line number="51" hits="0" branch="false"/>
							</lines>
						</method>
						<method name="setDisallowedParameters" signature="(Ljava/util/List;)V" line-rate="0.0" branch-rate="1.0">
							<lines>
								<line number="30" hits="0" branch="false"/>
								<line number="31" hits="0" branch="false"/>
							</lines>
						</method>
						<method name="setPatterns" signature="(Ljava/util/List;)V" line-rate="0.0" branch-rate="1.0">
							<lines>
								<line number="72" hits="0" branch="false"/>
								<line number="73" hits="0" branch="false"/>
							</lines>
						</method>
						<method name="setStripPrefix" signature="(Ljava/lang/String;)V" line-rate="0.0" branch-rate="1.0">
							<lines>
								<line number="44" hits="0" branch="false"/>
								<line number="45" hits="0" branch="false"/>
							</lines>
						</method>
						<method name="setUseRegularExpressions" signature="(Z)V" line-rate="0.0" branch-rate="1.0">
							<lines>
								<line number="58" hits="0" branch="false"/>
								<line number="59" hits="0" branch="false"/>
							</lines>
						</method>
					</methods>
					<lines>
						<line number="10" hits="0" branch="false"/>
						<line number="13" hits="0" branch="false"/>
						<line number="23" hits="0" branch="false"/>
						<line number="30" hits="0" branch="false"/>
						<line number="31" hits="0" branch="false"/>
						<line number="37" hits="0" branch="false"/>
						<line number="44" hits="0" branch="false"/>
						<line number="45" hits="0" branch="false"/>
						<line number="51" hits="0" branch="false"/>
						<line number="58" hits="0" branch="false"/>
						<line number="59" hits="0" branch="false"/>
						<line number="65" hits="0" branch="false"/>
						<line number="72" hits="0" branch="false"/>
						<line number="73" hits="0" branch="false"/>
						<line number="76" hits="0" branch="true" condition-coverage="0% (0/2)">
							<conditions>
								<condition number="0" type="jump" coverage="0%"/>
							</conditions>
						</line>
						<line number="77" hits="0" branch="false"/>
						<line number="79" hits="0" branch="false"/>
						<line number="81" hits="0" branch="false"/>
					</lines>
				</class>
			</classes>
		</package>
	</packages>
</coverage>
