-------------------------------------------------------------------------------
Test set: org.javautil.oracle.metadata.OracleSchemaTest
-------------------------------------------------------------------------------
Tests run: 1, Failures: 0, Errors: 1, Skipped: 0, Time elapsed: 0.037 sec <<< FAILURE!
scottTest(org.javautil.oracle.metadata.OracleSchemaTest)  Time elapsed: 0.022 sec  <<< ERROR!
org.javautil.jdbc.datasources.InvalidDataSourceException: name is 'null'
' configuration file : 'null'
Connection Values
DatabaseName: null
DataSourceName: 'OracleDataSource'
DriverType: 'thin'
ExplicitCachingEnabled: false
ImplicitCachingEnabled: false
MaxStatements: 0
NetworkProtocol: 'tcp'
PortNumber: 1526
User: 'hr'
ServerName: 'localhost'
TNSEntryName: null
Cache Values
ConnectionCacheName: 'OracleDataSource#0x0'
ConnectionCachingEnabled: true
Description: null
LogWriter: true
ONSConfiguration: null
url: : 'Type: url
Content: jdbc:oracle:thin:@(DESCRIPTION=(ADDRESS=(PROTOCOL=tcp)(PORT=1526)(HOST=localhost))(CONNECT_DATA=(SERVICE_NAME=XE)))
'
FastConnectionFailoverEnabled: false
LoginTimeout: 0
CacheProperties
MaxStatementsLimit: 0
AbandonedConnectionTimeout: 0
MinLimit: 0
TimeToLiveTimeout: 0
LowerThresholdLimit: 20
InitialLimit: 0
ValidateConnection: false
ConnectionWaitTimeout: 0
PropertyCheckInterval: 900
LocalTransactionCommitOnClose: false
InactivityTimeout: 0
ClosestConnectionMatch: false
MaxLimit: 2147483647
AttributeWeights: NULL
ConnectionProperties
Io exception: The Network Adapter could not establish the connection
	at org.javautil.oracle.datasources.OracleDataSourceWrapper.getConnection(OracleDataSourceWrapper.java:481)
	at org.javautil.oracle.metadata.OracleSchemaTest.scottTest(OracleSchemaTest.java:27)
	at sun.reflect.NativeMethodAccessorImpl.invoke0(Native Method)
	at sun.reflect.NativeMethodAccessorImpl.invoke(NativeMethodAccessorImpl.java:39)
	at sun.reflect.DelegatingMethodAccessorImpl.invoke(DelegatingMethodAccessorImpl.java:25)
	at java.lang.reflect.Method.invoke(Method.java:597)
	at org.springframework.test.context.junit4.SpringTestMethod.invoke(SpringTestMethod.java:160)
	at org.springframework.test.context.junit4.SpringMethodRoadie.runTestMethod(SpringMethodRoadie.java:233)
	at org.springframework.test.context.junit4.SpringMethodRoadie$RunBeforesThenTestThenAfters.run(SpringMethodRoadie.java:333)
	at org.springframework.test.context.junit4.SpringMethodRoadie.runWithRepetitions(SpringMethodRoadie.java:217)
	at org.springframework.test.context.junit4.SpringMethodRoadie.runTest(SpringMethodRoadie.java:197)
	at org.springframework.test.context.junit4.SpringMethodRoadie.run(SpringMethodRoadie.java:143)
	at org.springframework.test.context.junit4.SpringJUnit4ClassRunner.invokeTestMethod(SpringJUnit4ClassRunner.java:160)
	at org.junit.internal.runners.JUnit4ClassRunner.runMethods(JUnit4ClassRunner.java:51)
	at org.junit.internal.runners.JUnit4ClassRunner$1.run(JUnit4ClassRunner.java:44)
	at org.junit.internal.runners.ClassRoadie.runUnprotected(ClassRoadie.java:27)
	at org.junit.internal.runners.ClassRoadie.runProtected(ClassRoadie.java:37)
	at org.junit.internal.runners.JUnit4ClassRunner.run(JUnit4ClassRunner.java:42)
	at org.springframework.test.context.junit4.SpringJUnit4ClassRunner.run(SpringJUnit4ClassRunner.java:97)
	at org.apache.maven.surefire.junit4.JUnit4TestSet.execute(JUnit4TestSet.java:59)
	at org.apache.maven.surefire.suite.AbstractDirectoryTestSuite.executeTestSet(AbstractDirectoryTestSuite.java:115)
	at org.apache.maven.surefire.suite.AbstractDirectoryTestSuite.execute(AbstractDirectoryTestSuite.java:102)
	at org.apache.maven.surefire.Surefire.run(Surefire.java:180)
	at sun.reflect.NativeMethodAccessorImpl.invoke0(Native Method)
	at sun.reflect.NativeMethodAccessorImpl.invoke(NativeMethodAccessorImpl.java:39)
	at sun.reflect.DelegatingMethodAccessorImpl.invoke(DelegatingMethodAccessorImpl.java:25)
	at java.lang.reflect.Method.invoke(Method.java:597)
	at org.apache.maven.surefire.booter.SurefireBooter.runSuitesInProcess(SurefireBooter.java:350)
	at org.apache.maven.surefire.booter.SurefireBooter.main(SurefireBooter.java:1021)
Caused by: java.sql.SQLRecoverableException: Io exception: The Network Adapter could not establish the connection
	at oracle.jdbc.driver.SQLStateMapping.newSQLException(SQLStateMapping.java:101)
	at oracle.jdbc.driver.DatabaseError.newSQLException(DatabaseError.java:112)
	at oracle.jdbc.driver.DatabaseError.throwSqlException(DatabaseError.java:173)
	at oracle.jdbc.driver.DatabaseError.throwSqlException(DatabaseError.java:229)
	at oracle.jdbc.driver.DatabaseError.throwSqlException(DatabaseError.java:458)
	at oracle.jdbc.driver.T4CConnection.logon(T4CConnection.java:411)
	at oracle.jdbc.driver.PhysicalConnection.<init>(PhysicalConnection.java:490)
	at oracle.jdbc.driver.T4CConnection.<init>(T4CConnection.java:202)
	at oracle.jdbc.driver.T4CDriverExtension.getConnection(T4CDriverExtension.java:33)
	at oracle.jdbc.driver.OracleDriver.connect(OracleDriver.java:474)
	at oracle.jdbc.pool.OracleDataSource.getPhysicalConnection(OracleDataSource.java:275)
	at oracle.jdbc.pool.OracleDataSource.getConnection(OracleDataSource.java:206)
	at oracle.jdbc.pool.OracleConnectionPoolDataSource.getPhysicalConnection(OracleConnectionPoolDataSource.java:139)
	at oracle.jdbc.pool.OracleConnectionPoolDataSource.getPooledConnection(OracleConnectionPoolDataSource.java:88)
	at oracle.jdbc.pool.OracleImplicitConnectionCache.makeCacheConnection(OracleImplicitConnectionCache.java:1567)
	at oracle.jdbc.pool.OracleImplicitConnectionCache.makeOneConnection(OracleImplicitConnectionCache.java:499)
	at oracle.jdbc.pool.OracleImplicitConnectionCache.getCacheConnection(OracleImplicitConnectionCache.java:459)
	at oracle.jdbc.pool.OracleImplicitConnectionCache.getConnection(OracleImplicitConnectionCache.java:345)
	at oracle.jdbc.pool.OracleDataSource.getConnection(OracleDataSource.java:374)
	at oracle.jdbc.pool.OracleDataSource.getConnection(OracleDataSource.java:178)
	at oracle.jdbc.pool.OracleDataSource.getConnection(OracleDataSource.java:156)
	at org.javautil.oracle.datasources.OracleDataSourceWrapper.getConnection(OracleDataSourceWrapper.java:469)
	... 28 more

