<?xml version="1.0"?>
<!DOCTYPE coverage SYSTEM "http://cobertura.sourceforge.net/xml/coverage-04.dtd">

<coverage line-rate="0.3681948424068768" branch-rate="0.3560606060606061" lines-covered="257" lines-valid="698" branches-covered="94" branches-valid="264" complexity="2.0316455696202533" version="1.9.4.1" timestamp="1333932723190">
	<sources>
		<source>--source</source>
		<source>/common/home/jjs/workspace/javautil-web/src/main/java</source>
	</sources>
	<packages>
		<package name="org.javautil.controller" line-rate="0.554140127388535" branch-rate="0.5208333333333334" complexity="2.676470588235294">
			<classes>
				<class name="org.javautil.controller.AbstractSpringController" filename="org/javautil/controller/AbstractSpringController.java" line-rate="0.0" branch-rate="0.0" complexity="2.5833333333333335">
					<methods>
						<method name="&lt;init&gt;" signature="()V" line-rate="0.0" branch-rate="1.0">
							<lines>
								<line number="25" hits="0" branch="false"/>
							</lines>
						</method>
						<method name="contains" signature="(Ljava/lang/String;Ljava/util/Set;Ljava/lang/Object;)V" line-rate="0.0" branch-rate="0.0">
							<lines>
								<line number="68" hits="0" branch="true" condition-coverage="0% (0/2)">
									<conditions>
										<condition number="0" type="jump" coverage="0%"/>
									</conditions>
								</line>
								<line number="69" hits="0" branch="false"/>
								<line number="71" hits="0" branch="true" condition-coverage="0% (0/2)">
									<conditions>
										<condition number="0" type="jump" coverage="0%"/>
									</conditions>
								</line>
								<line number="72" hits="0" branch="true" condition-coverage="0% (0/2)">
									<conditions>
										<condition number="0" type="jump" coverage="0%"/>
									</conditions>
								</line>
								<line number="73" hits="0" branch="false"/>
								<line number="76" hits="0" branch="true" condition-coverage="0% (0/2)">
									<conditions>
										<condition number="0" type="jump" coverage="0%"/>
									</conditions>
								</line>
								<line number="77" hits="0" branch="false"/>
								<line number="78" hits="0" branch="false"/>
								<line number="81" hits="0" branch="false"/>
							</lines>
						</method>
						<method name="getSession" signature="()Lorg/hibernate/Session;" line-rate="0.0" branch-rate="1.0">
							<lines>
								<line number="30" hits="0" branch="false"/>
							</lines>
						</method>
						<method name="getSessionFactory" signature="()Lorg/hibernate/SessionFactory;" line-rate="0.0" branch-rate="1.0">
							<lines>
								<line number="109" hits="0" branch="false"/>
							</lines>
						</method>
						<method name="logModel" signature="(Lorg/apache/commons/logging/Log;Ljavax/servlet/http/HttpServletRequest;Ljava/util/Map;)V" line-rate="0.0" branch-rate="1.0">
							<lines>
								<line number="89" hits="0" branch="false"/>
								<line number="90" hits="0" branch="false"/>
								<line number="91" hits="0" branch="false"/>
							</lines>
						</method>
						<method name="prohibit" signature="(Ljava/lang/String;Ljava/lang/Object;)V" line-rate="0.0" branch-rate="0.0">
							<lines>
								<line number="35" hits="0" branch="true" condition-coverage="0% (0/2)">
									<conditions>
										<condition number="0" type="jump" coverage="0%"/>
									</conditions>
								</line>
								<line number="36" hits="0" branch="false"/>
								<line number="38" hits="0" branch="true" condition-coverage="0% (0/2)">
									<conditions>
										<condition number="0" type="jump" coverage="0%"/>
									</conditions>
								</line>
								<line number="39" hits="0" branch="false"/>
								<line number="41" hits="0" branch="false"/>
							</lines>
						</method>
						<method name="require" signature="(Ljava/lang/String;Ljava/lang/Object;)V" line-rate="0.0" branch-rate="0.0">
							<lines>
								<line number="45" hits="0" branch="true" condition-coverage="0% (0/2)">
									<conditions>
										<condition number="0" type="jump" coverage="0%"/>
									</conditions>
								</line>
								<line number="46" hits="0" branch="false"/>
								<line number="48" hits="0" branch="true" condition-coverage="0% (0/2)">
									<conditions>
										<condition number="0" type="jump" coverage="0%"/>
									</conditions>
								</line>
								<line number="49" hits="0" branch="false"/>
								<line number="51" hits="0" branch="false"/>
							</lines>
						</method>
						<method name="require" signature="(Ljava/lang/String;Ljava/lang/Object;Ljava/lang/Object;)Ljava/lang/Object;" line-rate="0.0" branch-rate="0.0">
							<lines>
								<line number="56" hits="0" branch="true" condition-coverage="0% (0/2)">
									<conditions>
										<condition number="0" type="jump" coverage="0%"/>
									</conditions>
								</line>
								<line number="57" hits="0" branch="false"/>
								<line number="59" hits="0" branch="false"/>
								<line number="60" hits="0" branch="true" condition-coverage="0% (0/2)">
									<conditions>
										<condition number="0" type="jump" coverage="0%"/>
									</conditions>
								</line>
								<line number="61" hits="0" branch="false"/>
								<line number="63" hits="0" branch="false"/>
							</lines>
						</method>
						<method name="setDownload" signature="(Ljavax/servlet/http/HttpServletResponse;Ljava/io/InputStream;)V" line-rate="0.0" branch-rate="1.0">
							<lines>
								<line number="100" hits="0" branch="false"/>
								<line number="101" hits="0" branch="false"/>
							</lines>
						</method>
						<method name="setDownload" signature="(Ljavax/servlet/http/HttpServletResponse;Ljava/sql/Blob;)V" line-rate="0.0" branch-rate="1.0">
							<lines>
								<line number="105" hits="0" branch="false"/>
								<line number="106" hits="0" branch="false"/>
							</lines>
						</method>
						<method name="setDownloadHeaders" signature="(Ljavax/servlet/http/HttpServletResponse;Ljava/lang/String;Ljava/lang/Integer;)V" line-rate="0.0" branch-rate="1.0">
							<lines>
								<line number="95" hits="0" branch="false"/>
								<line number="96" hits="0" branch="false"/>
							</lines>
						</method>
						<method name="setNoCacheHeaders" signature="(Ljavax/servlet/http/HttpServletResponse;)V" line-rate="0.0" branch-rate="1.0">
							<lines>
								<line number="84" hits="0" branch="false"/>
								<line number="85" hits="0" branch="false"/>
							</lines>
						</method>
						<method name="setSessionFactory" signature="(Lorg/hibernate/SessionFactory;)V" line-rate="0.0" branch-rate="1.0">
							<lines>
								<line number="113" hits="0" branch="false"/>
								<line number="114" hits="0" branch="false"/>
							</lines>
						</method>
					</methods>
					<lines>
						<line number="25" hits="0" branch="false"/>
						<line number="30" hits="0" branch="false"/>
						<line number="35" hits="0" branch="true" condition-coverage="0% (0/2)">
							<conditions>
								<condition number="0" type="jump" coverage="0%"/>
							</conditions>
						</line>
						<line number="36" hits="0" branch="false"/>
						<line number="38" hits="0" branch="true" condition-coverage="0% (0/2)">
							<conditions>
								<condition number="0" type="jump" coverage="0%"/>
							</conditions>
						</line>
						<line number="39" hits="0" branch="false"/>
						<line number="41" hits="0" branch="false"/>
						<line number="45" hits="0" branch="true" condition-coverage="0% (0/2)">
							<conditions>
								<condition number="0" type="jump" coverage="0%"/>
							</conditions>
						</line>
						<line number="46" hits="0" branch="false"/>
						<line number="48" hits="0" branch="true" condition-coverage="0% (0/2)">
							<conditions>
								<condition number="0" type="jump" coverage="0%"/>
							</conditions>
						</line>
						<line number="49" hits="0" branch="false"/>
						<line number="51" hits="0" branch="false"/>
						<line number="56" hits="0" branch="true" condition-coverage="0% (0/2)">
							<conditions>
								<condition number="0" type="jump" coverage="0%"/>
							</conditions>
						</line>
						<line number="57" hits="0" branch="false"/>
						<line number="59" hits="0" branch="false"/>
						<line number="60" hits="0" branch="true" condition-coverage="0% (0/2)">
							<conditions>
								<condition number="0" type="jump" coverage="0%"/>
							</conditions>
						</line>
						<line number="61" hits="0" branch="false"/>
						<line number="63" hits="0" branch="false"/>
						<line number="68" hits="0" branch="true" condition-coverage="0% (0/2)">
							<conditions>
								<condition number="0" type="jump" coverage="0%"/>
							</conditions>
						</line>
						<line number="69" hits="0" branch="false"/>
						<line number="71" hits="0" branch="true" condition-coverage="0% (0/2)">
							<conditions>
								<condition number="0" type="jump" coverage="0%"/>
							</conditions>
						</line>
						<line number="72" hits="0" branch="true" condition-coverage="0% (0/2)">
							<conditions>
								<condition number="0" type="jump" coverage="0%"/>
							</conditions>
						</line>
						<line number="73" hits="0" branch="false"/>
						<line number="76" hits="0" branch="true" condition-coverage="0% (0/2)">
							<conditions>
								<condition number="0" type="jump" coverage="0%"/>
							</conditions>
						</line>
						<line number="77" hits="0" branch="false"/>
						<line number="78" hits="0" branch="false"/>
						<line number="81" hits="0" branch="false"/>
						<line number="84" hits="0" branch="false"/>
						<line number="85" hits="0" branch="false"/>
						<line number="89" hits="0" branch="false"/>
						<line number="90" hits="0" branch="false"/>
						<line number="91" hits="0" branch="false"/>
						<line number="95" hits="0" branch="false"/>
						<line number="96" hits="0" branch="false"/>
						<line number="100" hits="0" branch="false"/>
						<line number="101" hits="0" branch="false"/>
						<line number="105" hits="0" branch="false"/>
						<line number="106" hits="0" branch="false"/>
						<line number="109" hits="0" branch="false"/>
						<line number="113" hits="0" branch="false"/>
						<line number="114" hits="0" branch="false"/>
					</lines>
				</class>
				<class name="org.javautil.controller.ProxyController" filename="org/javautil/controller/ProxyController.java" line-rate="0.75" branch-rate="0.6578947368421053" complexity="2.727272727272727">
					<methods>
						<method name="&lt;init&gt;" signature="()V" line-rate="1.0" branch-rate="1.0">
							<lines>
								<line number="36" hits="20" branch="false"/>
								<line number="39" hits="10" branch="false"/>
								<line number="62" hits="10" branch="false"/>
								<line number="74" hits="10" branch="false"/>
								<line number="80" hits="10" branch="false"/>
								<line number="86" hits="10" branch="false"/>
							</lines>
						</method>
						<method name="afterPropertiesSet" signature="()V" line-rate="0.6666666666666666" branch-rate="0.5">
							<lines>
								<line number="128" hits="10" branch="true" condition-coverage="50% (1/2)">
									<conditions>
										<condition number="0" type="jump" coverage="50%"/>
									</conditions>
								</line>
								<line number="129" hits="0" branch="false"/>
								<line number="131" hits="10" branch="false"/>
							</lines>
						</method>
						<method name="appendCustomParameters" signature="(Ljava/util/Map;)V" line-rate="0.7272727272727273" branch-rate="0.5">
							<lines>
								<line number="230" hits="6" branch="true" condition-coverage="100% (2/2)">
									<conditions>
										<condition number="0" type="jump" coverage="100%"/>
									</conditions>
								</line>
								<line number="231" hits="2" branch="false"/>
								<line number="232" hits="2" branch="false"/>
								<line number="233" hits="2" branch="true" condition-coverage="50% (1/2)">
									<conditions>
										<condition number="0" type="jump" coverage="50%"/>
									</conditions>
								</line>
								<line number="234" hits="2" branch="true" condition-coverage="50% (1/2)">
									<conditions>
										<condition number="0" type="jump" coverage="50%"/>
									</conditions>
								</line>
								<line number="235" hits="0" branch="false"/>
								<line number="236" hits="0" branch="true" condition-coverage="0% (0/2)">
									<conditions>
										<condition number="0" type="jump" coverage="0%"/>
									</conditions>
								</line>
								<line number="237" hits="0" branch="false"/>
								<line number="240" hits="2" branch="false"/>
								<line number="243" hits="2" branch="false"/>
								<line number="245" hits="2" branch="false"/>
							</lines>
						</method>
						<method name="appendLocalUrlParameters" signature="(Ljava/util/Map;Ljavax/servlet/http/HttpServletRequest;)V" line-rate="0.8" branch-rate="0.42857142857142855">
							<lines>
								<line number="209" hits="10" branch="false"/>
								<line number="210" hits="10" branch="false"/>
								<line number="211" hits="32" branch="true" condition-coverage="100% (2/2)">
									<conditions>
										<condition number="0" type="jump" coverage="100%"/>
									</conditions>
								</line>
								<line number="212" hits="24" branch="true" condition-coverage="50% (1/2)">
									<conditions>
										<condition number="0" type="jump" coverage="50%"/>
									</conditions>
								</line>
								<line number="213" hits="0" branch="true" condition-coverage="0% (0/2)">
									<conditions>
										<condition number="0" type="jump" coverage="0%"/>
									</conditions>
								</line>
								<line number="214" hits="24" branch="true" condition-coverage="50% (1/2)">
									<conditions>
										<condition number="0" type="jump" coverage="50%"/>
									</conditions>
								</line>
								<line number="215" hits="0" branch="true" condition-coverage="0% (0/2)">
									<conditions>
										<condition number="0" type="jump" coverage="0%"/>
									</conditions>
								</line>
								<line number="216" hits="12" branch="true" condition-coverage="50% (2/4)">
									<conditions>
										<condition number="0" type="jump" coverage="50%"/>
										<condition number="1" type="jump" coverage="50%"/>
									</conditions>
								</line>
								<line number="217" hits="12" branch="false"/>
								<line number="220" hits="10" branch="false"/>
							</lines>
						</method>
						<method name="buildRemoteURL" signature="(Ljavax/servlet/http/HttpServletRequest;)Ljava/net/URL;" line-rate="0.8787878787878788" branch-rate="0.7666666666666667">
							<lines>
								<line number="143" hits="13" branch="false"/>
								<line number="146" hits="13" branch="true" condition-coverage="50% (1/2)">
									<conditions>
										<condition number="0" type="jump" coverage="50%"/>
									</conditions>
								</line>
								<line number="147" hits="13" branch="true" condition-coverage="50% (1/2)">
									<conditions>
										<condition number="0" type="jump" coverage="50%"/>
									</conditions>
								</line>
								<line number="148" hits="13" branch="true" condition-coverage="50% (1/2)">
									<conditions>
										<condition number="0" type="jump" coverage="50%"/>
									</conditions>
								</line>
								<line number="149" hits="13" branch="false"/>
								<line number="151" hits="13" branch="false"/>
								<line number="153" hits="13" branch="true" condition-coverage="75% (3/4)">
									<conditions>
										<condition number="0" type="jump" coverage="100%"/>
										<condition number="1" type="jump" coverage="50%"/>
									</conditions>
								</line>
								<line number="154" hits="1" branch="false"/>
								<line number="156" hits="13" branch="false"/>
								<line number="159" hits="13" branch="false"/>
								<line number="161" hits="13" branch="true" condition-coverage="100% (2/2)">
									<conditions>
										<condition number="0" type="jump" coverage="100%"/>
									</conditions>
								</line>
								<line number="162" hits="2" branch="false"/>
								<line number="166" hits="13" branch="true" condition-coverage="100% (2/2)">
									<conditions>
										<condition number="0" type="jump" coverage="100%"/>
									</conditions>
								</line>
								<line number="167" hits="10" branch="false"/>
								<line number="172" hits="13" branch="true" condition-coverage="100% (2/2)">
									<conditions>
										<condition number="0" type="jump" coverage="100%"/>
									</conditions>
								</line>
								<line number="173" hits="9" branch="true" condition-coverage="50% (1/2)">
									<conditions>
										<condition number="0" type="jump" coverage="50%"/>
									</conditions>
								</line>
								<line number="174" hits="32" branch="true" condition-coverage="100% (2/2)">
									<conditions>
										<condition number="0" type="jump" coverage="100%"/>
									</conditions>
								</line>
								<line number="175" hits="14" branch="false"/>
								<line number="176" hits="14" branch="true" condition-coverage="50% (1/2)">
									<conditions>
										<condition number="0" type="jump" coverage="50%"/>
									</conditions>
								</line>
								<line number="177" hits="0" branch="false"/>
								<line number="178" hits="0" branch="false"/>
								<line number="180" hits="42" branch="true" condition-coverage="100% (2/2)">
									<conditions>
										<condition number="0" type="jump" coverage="100%"/>
									</conditions>
								</line>
								<line number="181" hits="14" branch="true" condition-coverage="100% (2/2)">
									<conditions>
										<condition number="0" type="jump" coverage="100%"/>
									</conditions>
								</line>
								<line number="182" hits="14" branch="false"/>
								<line number="183" hits="14" branch="true" condition-coverage="75% (3/4)">
									<conditions>
										<condition number="0" type="jump" coverage="50%"/>
										<condition number="1" type="jump" coverage="100%"/>
									</conditions>
								</line>
								<line number="184" hits="12" branch="false"/>
								<line number="185" hits="24" branch="false"/>
								<line number="186" hits="12" branch="false"/>
								<line number="188" hits="14" branch="false"/>
								<line number="192" hits="0" branch="false"/>
								<line number="193" hits="0" branch="false"/>
								<line number="196" hits="13" branch="false"/>
								<line number="197" hits="13" branch="false"/>
							</lines>
						</method>
						<method name="getAdditionalParameters" signature="()Ljava/util/Map;" line-rate="0.0" branch-rate="1.0">
							<lines>
								<line number="277" hits="0" branch="false"/>
							</lines>
						</method>
						<method name="getRemoteUri" signature="()Ljava/lang/String;" line-rate="0.0" branch-rate="1.0">
							<lines>
								<line number="293" hits="0" branch="false"/>
							</lines>
						</method>
						<method name="getStripParameterNames" signature="()Ljava/util/List;" line-rate="0.0" branch-rate="1.0">
							<lines>
								<line number="285" hits="0" branch="false"/>
							</lines>
						</method>
						<method name="getStripPrefix" signature="()Ljava/lang/String;" line-rate="0.0" branch-rate="1.0">
							<lines>
								<line number="309" hits="0" branch="false"/>
							</lines>
						</method>
						<method name="handleRequestInternal" signature="(Ljavax/servlet/http/HttpServletRequest;Ljavax/servlet/http/HttpServletResponse;)Lorg/springframework/web/servlet/ModelAndView;" line-rate="0.9333333333333333" branch-rate="0.6428571428571429">
							<lines>
								<line number="95" hits="10" branch="false"/>
								<line number="97" hits="10" branch="true" condition-coverage="50% (1/2)">
									<conditions>
										<condition number="0" type="jump" coverage="50%"/>
									</conditions>
								</line>
								<line number="98" hits="0" branch="false"/>
								<line number="102" hits="10" branch="false"/>
								<line number="103" hits="20" branch="false"/>
								<line number="104" hits="10" branch="false"/>
								<line number="107" hits="10" branch="true" condition-coverage="50% (2/4)">
									<conditions>
										<condition number="0" type="jump" coverage="50%"/>
										<condition number="1" type="jump" coverage="50%"/>
									</conditions>
								</line>
								<line number="108" hits="10" branch="false"/>
								<line number="109" hits="10" branch="false"/>
								<line number="111" hits="20" branch="true" condition-coverage="50% (1/2)">
									<conditions>
										<condition number="0" type="jump" coverage="50%"/>
									</conditions>
								</line>
								<line number="112" hits="10" branch="true" condition-coverage="100% (2/2)">
									<conditions>
										<condition number="0" type="jump" coverage="100%"/>
									</conditions>
								</line>
								<line number="115" hits="10" branch="true" condition-coverage="75% (3/4)">
									<conditions>
										<condition number="0" type="jump" coverage="50%"/>
										<condition number="1" type="jump" coverage="100%"/>
									</conditions>
								</line>
								<line number="116" hits="18" branch="false"/>
								<line number="117" hits="9" branch="false"/>
								<line number="121" hits="10" branch="false"/>
							</lines>
						</method>
						<method name="isAddTrailingSlash" signature="()Z" line-rate="1.0" branch-rate="1.0">
							<lines>
								<line number="336" hits="13" branch="false"/>
							</lines>
						</method>
						<method name="isProxyHttpRequestHeaders" signature="()Z" line-rate="0.0" branch-rate="1.0">
							<lines>
								<line number="325" hits="0" branch="false"/>
							</lines>
						</method>
						<method name="isProxyRequestParameters" signature="()Z" line-rate="0.0" branch-rate="1.0">
							<lines>
								<line number="317" hits="0" branch="false"/>
							</lines>
						</method>
						<method name="isProxyRequestUri" signature="()Z" line-rate="0.0" branch-rate="1.0">
							<lines>
								<line number="301" hits="0" branch="false"/>
							</lines>
						</method>
						<method name="proxyHttpHeaders" signature="(Ljava/net/HttpURLConnection;Ljavax/servlet/http/HttpServletResponse;)V" line-rate="0.7857142857142857" branch-rate="0.875">
							<lines>
								<line number="256" hits="10" branch="false"/>
								<line number="258" hits="10" branch="false"/>
								<line number="259" hits="0" branch="false"/>
								<line number="260" hits="0" branch="false"/>
								<line number="262" hits="10" branch="false"/>
								<line number="263" hits="10" branch="false"/>
								<line number="264" hits="50" branch="true" condition-coverage="100% (2/2)">
									<conditions>
										<condition number="0" type="jump" coverage="100%"/>
									</conditions>
								</line>
								<line number="265" hits="40" branch="false"/>
								<line number="266" hits="40" branch="false"/>
								<line number="267" hits="40" branch="true" condition-coverage="75% (3/4)">
									<conditions>
										<condition number="0" type="jump" coverage="100%"/>
										<condition number="1" type="jump" coverage="50%"/>
									</conditions>
								</line>
								<line number="268" hits="0" branch="false"/>
								<line number="270" hits="40" branch="true" condition-coverage="100% (2/2)">
									<conditions>
										<condition number="0" type="jump" coverage="100%"/>
									</conditions>
								</line>
								<line number="271" hits="30" branch="false"/>
								<line number="274" hits="10" branch="false"/>
							</lines>
						</method>
						<method name="setAddTrailingSlash" signature="(Z)V" line-rate="0.0" branch-rate="1.0">
							<lines>
								<line number="344" hits="0" branch="false"/>
								<line number="345" hits="0" branch="false"/>
							</lines>
						</method>
						<method name="setAdditionalParameters" signature="(Ljava/util/Map;)V" line-rate="1.0" branch-rate="1.0">
							<lines>
								<line number="281" hits="2" branch="false"/>
								<line number="282" hits="2" branch="false"/>
							</lines>
						</method>
						<method name="setProxyHttpRequestHeaders" signature="(Z)V" line-rate="0.0" branch-rate="1.0">
							<lines>
								<line number="329" hits="0" branch="false"/>
								<line number="330" hits="0" branch="false"/>
							</lines>
						</method>
						<method name="setProxyRequestParameters" signature="(Z)V" line-rate="1.0" branch-rate="1.0">
							<lines>
								<line number="321" hits="3" branch="false"/>
								<line number="322" hits="3" branch="false"/>
							</lines>
						</method>
						<method name="setProxyRequestUri" signature="(Z)V" line-rate="0.0" branch-rate="1.0">
							<lines>
								<line number="305" hits="0" branch="false"/>
								<line number="306" hits="0" branch="false"/>
							</lines>
						</method>
						<method name="setRemoteUri" signature="(Ljava/lang/String;)V" line-rate="1.0" branch-rate="1.0">
							<lines>
								<line number="297" hits="10" branch="false"/>
								<line number="298" hits="10" branch="false"/>
							</lines>
						</method>
						<method name="setStripParameterNames" signature="(Ljava/util/List;)V" line-rate="0.0" branch-rate="1.0">
							<lines>
								<line number="289" hits="0" branch="false"/>
								<line number="290" hits="0" branch="false"/>
							</lines>
						</method>
						<method name="setStripPrefix" signature="(Ljava/lang/String;)V" line-rate="1.0" branch-rate="1.0">
							<lines>
								<line number="313" hits="1" branch="false"/>
								<line number="314" hits="1" branch="false"/>
							</lines>
						</method>
					</methods>
					<lines>
						<line number="36" hits="20" branch="false"/>
						<line number="39" hits="10" branch="false"/>
						<line number="62" hits="10" branch="false"/>
						<line number="74" hits="10" branch="false"/>
						<line number="80" hits="10" branch="false"/>
						<line number="86" hits="10" branch="false"/>
						<line number="95" hits="10" branch="false"/>
						<line number="97" hits="10" branch="true" condition-coverage="50% (1/2)">
							<conditions>
								<condition number="0" type="jump" coverage="50%"/>
							</conditions>
						</line>
						<line number="98" hits="0" branch="false"/>
						<line number="102" hits="10" branch="false"/>
						<line number="103" hits="20" branch="false"/>
						<line number="104" hits="10" branch="false"/>
						<line number="107" hits="10" branch="true" condition-coverage="50% (2/4)">
							<conditions>
								<condition number="0" type="jump" coverage="50%"/>
								<condition number="1" type="jump" coverage="50%"/>
							</conditions>
						</line>
						<line number="108" hits="10" branch="false"/>
						<line number="109" hits="10" branch="false"/>
						<line number="111" hits="20" branch="true" condition-coverage="50% (1/2)">
							<conditions>
								<condition number="0" type="jump" coverage="50%"/>
							</conditions>
						</line>
						<line number="112" hits="10" branch="true" condition-coverage="100% (2/2)">
							<conditions>
								<condition number="0" type="jump" coverage="100%"/>
							</conditions>
						</line>
						<line number="115" hits="10" branch="true" condition-coverage="75% (3/4)">
							<conditions>
								<condition number="0" type="jump" coverage="50%"/>
								<condition number="1" type="jump" coverage="100%"/>
							</conditions>
						</line>
						<line number="116" hits="18" branch="false"/>
						<line number="117" hits="9" branch="false"/>
						<line number="121" hits="10" branch="false"/>
						<line number="128" hits="10" branch="true" condition-coverage="50% (1/2)">
							<conditions>
								<condition number="0" type="jump" coverage="50%"/>
							</conditions>
						</line>
						<line number="129" hits="0" branch="false"/>
						<line number="131" hits="10" branch="false"/>
						<line number="143" hits="13" branch="false"/>
						<line number="146" hits="13" branch="true" condition-coverage="50% (1/2)">
							<conditions>
								<condition number="0" type="jump" coverage="50%"/>
							</conditions>
						</line>
						<line number="147" hits="13" branch="true" condition-coverage="50% (1/2)">
							<conditions>
								<condition number="0" type="jump" coverage="50%"/>
							</conditions>
						</line>
						<line number="148" hits="13" branch="true" condition-coverage="50% (1/2)">
							<conditions>
								<condition number="0" type="jump" coverage="50%"/>
							</conditions>
						</line>
						<line number="149" hits="13" branch="false"/>
						<line number="151" hits="13" branch="false"/>
						<line number="153" hits="13" branch="true" condition-coverage="75% (3/4)">
							<conditions>
								<condition number="0" type="jump" coverage="100%"/>
								<condition number="1" type="jump" coverage="50%"/>
							</conditions>
						</line>
						<line number="154" hits="1" branch="false"/>
						<line number="156" hits="13" branch="false"/>
						<line number="159" hits="13" branch="false"/>
						<line number="161" hits="13" branch="true" condition-coverage="100% (2/2)">
							<conditions>
								<condition number="0" type="jump" coverage="100%"/>
							</conditions>
						</line>
						<line number="162" hits="2" branch="false"/>
						<line number="166" hits="13" branch="true" condition-coverage="100% (2/2)">
							<conditions>
								<condition number="0" type="jump" coverage="100%"/>
							</conditions>
						</line>
						<line number="167" hits="10" branch="false"/>
						<line number="172" hits="13" branch="true" condition-coverage="100% (2/2)">
							<conditions>
								<condition number="0" type="jump" coverage="100%"/>
							</conditions>
						</line>
						<line number="173" hits="9" branch="true" condition-coverage="50% (1/2)">
							<conditions>
								<condition number="0" type="jump" coverage="50%"/>
							</conditions>
						</line>
						<line number="174" hits="32" branch="true" condition-coverage="100% (2/2)">
							<conditions>
								<condition number="0" type="jump" coverage="100%"/>
							</conditions>
						</line>
						<line number="175" hits="14" branch="false"/>
						<line number="176" hits="14" branch="true" condition-coverage="50% (1/2)">
							<conditions>
								<condition number="0" type="jump" coverage="50%"/>
							</conditions>
						</line>
						<line number="177" hits="0" branch="false"/>
						<line number="178" hits="0" branch="false"/>
						<line number="180" hits="42" branch="true" condition-coverage="100% (2/2)">
							<conditions>
								<condition number="0" type="jump" coverage="100%"/>
							</conditions>
						</line>
						<line number="181" hits="14" branch="true" condition-coverage="100% (2/2)">
							<conditions>
								<condition number="0" type="jump" coverage="100%"/>
							</conditions>
						</line>
						<line number="182" hits="14" branch="false"/>
						<line number="183" hits="14" branch="true" condition-coverage="75% (3/4)">
							<conditions>
								<condition number="0" type="jump" coverage="50%"/>
								<condition number="1" type="jump" coverage="100%"/>
							</conditions>
						</line>
						<line number="184" hits="12" branch="false"/>
						<line number="185" hits="24" branch="false"/>
						<line number="186" hits="12" branch="false"/>
						<line number="188" hits="14" branch="false"/>
						<line number="192" hits="0" branch="false"/>
						<line number="193" hits="0" branch="false"/>
						<line number="196" hits="13" branch="false"/>
						<line number="197" hits="13" branch="false"/>
						<line number="209" hits="10" branch="false"/>
						<line number="210" hits="10" branch="false"/>
						<line number="211" hits="32" branch="true" condition-coverage="100% (2/2)">
							<conditions>
								<condition number="0" type="jump" coverage="100%"/>
							</conditions>
						</line>
						<line number="212" hits="24" branch="true" condition-coverage="50% (1/2)">
							<conditions>
								<condition number="0" type="jump" coverage="50%"/>
							</conditions>
						</line>
						<line number="213" hits="0" branch="true" condition-coverage="0% (0/2)">
							<conditions>
								<condition number="0" type="jump" coverage="0%"/>
							</conditions>
						</line>
						<line number="214" hits="24" branch="true" condition-coverage="50% (1/2)">
							<conditions>
								<condition number="0" type="jump" coverage="50%"/>
							</conditions>
						</line>
						<line number="215" hits="0" branch="true" condition-coverage="0% (0/2)">
							<conditions>
								<condition number="0" type="jump" coverage="0%"/>
							</conditions>
						</line>
						<line number="216" hits="12" branch="true" condition-coverage="50% (2/4)">
							<conditions>
								<condition number="0" type="jump" coverage="50%"/>
								<condition number="1" type="jump" coverage="50%"/>
							</conditions>
						</line>
						<line number="217" hits="12" branch="false"/>
						<line number="220" hits="10" branch="false"/>
						<line number="230" hits="6" branch="true" condition-coverage="100% (2/2)">
							<conditions>
								<condition number="0" type="jump" coverage="100%"/>
							</conditions>
						</line>
						<line number="231" hits="2" branch="false"/>
						<line number="232" hits="2" branch="false"/>
						<line number="233" hits="2" branch="true" condition-coverage="50% (1/2)">
							<conditions>
								<condition number="0" type="jump" coverage="50%"/>
							</conditions>
						</line>
						<line number="234" hits="2" branch="true" condition-coverage="50% (1/2)">
							<conditions>
								<condition number="0" type="jump" coverage="50%"/>
							</conditions>
						</line>
						<line number="235" hits="0" branch="false"/>
						<line number="236" hits="0" branch="true" condition-coverage="0% (0/2)">
							<conditions>
								<condition number="0" type="jump" coverage="0%"/>
							</conditions>
						</line>
						<line number="237" hits="0" branch="false"/>
						<line number="240" hits="2" branch="false"/>
						<line number="243" hits="2" branch="false"/>
						<line number="245" hits="2" branch="false"/>
						<line number="256" hits="10" branch="false"/>
						<line number="258" hits="10" branch="false"/>
						<line number="259" hits="0" branch="false"/>
						<line number="260" hits="0" branch="false"/>
						<line number="262" hits="10" branch="false"/>
						<line number="263" hits="10" branch="false"/>
						<line number="264" hits="50" branch="true" condition-coverage="100% (2/2)">
							<conditions>
								<condition number="0" type="jump" coverage="100%"/>
							</conditions>
						</line>
						<line number="265" hits="40" branch="false"/>
						<line number="266" hits="40" branch="false"/>
						<line number="267" hits="40" branch="true" condition-coverage="75% (3/4)">
							<conditions>
								<condition number="0" type="jump" coverage="100%"/>
								<condition number="1" type="jump" coverage="50%"/>
							</conditions>
						</line>
						<line number="268" hits="0" branch="false"/>
						<line number="270" hits="40" branch="true" condition-coverage="100% (2/2)">
							<conditions>
								<condition number="0" type="jump" coverage="100%"/>
							</conditions>
						</line>
						<line number="271" hits="30" branch="false"/>
						<line number="274" hits="10" branch="false"/>
						<line number="277" hits="0" branch="false"/>
						<line number="281" hits="2" branch="false"/>
						<line number="282" hits="2" branch="false"/>
						<line number="285" hits="0" branch="false"/>
						<line number="289" hits="0" branch="false"/>
						<line number="290" hits="0" branch="false"/>
						<line number="293" hits="0" branch="false"/>
						<line number="297" hits="10" branch="false"/>
						<line number="298" hits="10" branch="false"/>
						<line number="301" hits="0" branch="false"/>
						<line number="305" hits="0" branch="false"/>
						<line number="306" hits="0" branch="false"/>
						<line number="309" hits="0" branch="false"/>
						<line number="313" hits="1" branch="false"/>
						<line number="314" hits="1" branch="false"/>
						<line number="317" hits="0" branch="false"/>
						<line number="321" hits="3" branch="false"/>
						<line number="322" hits="3" branch="false"/>
						<line number="325" hits="0" branch="false"/>
						<line number="329" hits="0" branch="false"/>
						<line number="330" hits="0" branch="false"/>
						<line number="336" hits="13" branch="false"/>
						<line number="344" hits="0" branch="false"/>
						<line number="345" hits="0" branch="false"/>
					</lines>
				</class>
			</classes>
		</package>
		<package name="org.javautil.controller.exception" line-rate="0.0" branch-rate="1.0" complexity="1.0">
			<classes>
				<class name="org.javautil.controller.exception.InvalidParameterValueException" filename="org/javautil/controller/exception/InvalidParameterValueException.java" line-rate="0.0" branch-rate="1.0" complexity="1.0">
					<methods>
						<method name="&lt;init&gt;" signature="(Ljava/lang/String;)V" line-rate="0.0" branch-rate="1.0">
							<lines>
								<line number="13" hits="0" branch="false"/>
								<line number="15" hits="0" branch="false"/>
								<line number="26" hits="0" branch="false"/>
								<line number="27" hits="0" branch="false"/>
								<line number="28" hits="0" branch="false"/>
							</lines>
						</method>
						<method name="&lt;init&gt;" signature="(Ljava/lang/String;Ljava/lang/Object;)V" line-rate="0.0" branch-rate="1.0">
							<lines>
								<line number="19" hits="0" branch="false"/>
								<line number="20" hits="0" branch="false"/>
								<line number="21" hits="0" branch="false"/>
								<line number="22" hits="0" branch="false"/>
								<line number="23" hits="0" branch="false"/>
							</lines>
						</method>
						<method name="getParameterName" signature="()Ljava/lang/String;" line-rate="0.0" branch-rate="1.0">
							<lines>
								<line number="31" hits="0" branch="false"/>
							</lines>
						</method>
						<method name="getParameterValue" signature="()Ljava/lang/Object;" line-rate="0.0" branch-rate="1.0">
							<lines>
								<line number="35" hits="0" branch="false"/>
							</lines>
						</method>
					</methods>
					<lines>
						<line number="13" hits="0" branch="false"/>
						<line number="15" hits="0" branch="false"/>
						<line number="19" hits="0" branch="false"/>
						<line number="20" hits="0" branch="false"/>
						<line number="21" hits="0" branch="false"/>
						<line number="22" hits="0" branch="false"/>
						<line number="23" hits="0" branch="false"/>
						<line number="26" hits="0" branch="false"/>
						<line number="27" hits="0" branch="false"/>
						<line number="28" hits="0" branch="false"/>
						<line number="31" hits="0" branch="false"/>
						<line number="35" hits="0" branch="false"/>
					</lines>
				</class>
				<class name="org.javautil.controller.exception.InvalidReferenceException" filename="org/javautil/controller/exception/InvalidReferenceException.java" line-rate="0.0" branch-rate="1.0" complexity="1.0">
					<methods>
						<method name="&lt;init&gt;" signature="(Ljava/lang/String;Ljava/lang/Object;)V" line-rate="0.0" branch-rate="1.0">
							<lines>
								<line number="13" hits="0" branch="false"/>
								<line number="15" hits="0" branch="false"/>
								<line number="19" hits="0" branch="false"/>
								<line number="20" hits="0" branch="false"/>
								<line number="21" hits="0" branch="false"/>
								<line number="22" hits="0" branch="false"/>
								<line number="23" hits="0" branch="false"/>
							</lines>
						</method>
						<method name="getParameterName" signature="()Ljava/lang/String;" line-rate="0.0" branch-rate="1.0">
							<lines>
								<line number="26" hits="0" branch="false"/>
							</lines>
						</method>
						<method name="getParameterValue" signature="()Ljava/lang/Object;" line-rate="0.0" branch-rate="1.0">
							<lines>
								<line number="30" hits="0" branch="false"/>
							</lines>
						</method>
					</methods>
					<lines>
						<line number="13" hits="0" branch="false"/>
						<line number="15" hits="0" branch="false"/>
						<line number="19" hits="0" branch="false"/>
						<line number="20" hits="0" branch="false"/>
						<line number="21" hits="0" branch="false"/>
						<line number="22" hits="0" branch="false"/>
						<line number="23" hits="0" branch="false"/>
						<line number="26" hits="0" branch="false"/>
						<line number="30" hits="0" branch="false"/>
					</lines>
				</class>
				<class name="org.javautil.controller.exception.MalformedRequestException" filename="org/javautil/controller/exception/MalformedRequestException.java" line-rate="1.0" branch-rate="1.0" complexity="0.0">
					<methods>
					</methods>
					<lines>
					</lines>
				</class>
				<class name="org.javautil.controller.exception.MissingParameterException" filename="org/javautil/controller/exception/MissingParameterException.java" line-rate="0.0" branch-rate="1.0" complexity="1.0">
					<methods>
						<method name="&lt;init&gt;" signature="(Ljava/lang/String;)V" line-rate="0.0" branch-rate="1.0">
							<lines>
								<line number="16" hits="0" branch="false"/>
								<line number="17" hits="0" branch="false"/>
								<line number="18" hits="0" branch="false"/>
							</lines>
						</method>
						<method name="getParameterName" signature="()Ljava/lang/String;" line-rate="0.0" branch-rate="1.0">
							<lines>
								<line number="21" hits="0" branch="false"/>
							</lines>
						</method>
					</methods>
					<lines>
						<line number="16" hits="0" branch="false"/>
						<line number="17" hits="0" branch="false"/>
						<line number="18" hits="0" branch="false"/>
						<line number="21" hits="0" branch="false"/>
					</lines>
				</class>
			</classes>
		</package>
		<package name="org.javautil.mail" line-rate="0.0" branch-rate="0.0" complexity="1.5454545454545454">
			<classes>
				<class name="org.javautil.mail.MailHelper" filename="org/javautil/mail/MailHelper.java" line-rate="0.0" branch-rate="0.0" complexity="1.5454545454545454">
					<methods>
						<method name="&lt;init&gt;" signature="()V" line-rate="0.0" branch-rate="1.0">
							<lines>
								<line number="32" hits="0" branch="false"/>
								<line number="39" hits="0" branch="false"/>
								<line number="41" hits="0" branch="false"/>
								<line number="43" hits="0" branch="false"/>
								<line number="45" hits="0" branch="false"/>
								<line number="51" hits="0" branch="false"/>
							</lines>
						</method>
						<method name="addAttachments" signature="(Ljavax/mail/Multipart;Ljava/util/List;)V" line-rate="0.0" branch-rate="0.0">
							<lines>
								<line number="146" hits="0" branch="true" condition-coverage="0% (0/2)">
									<conditions>
										<condition number="0" type="jump" coverage="0%"/>
									</conditions>
								</line>
								<line number="147" hits="0" branch="false"/>
								<line number="148" hits="0" branch="false"/>
								<line number="149" hits="0" branch="false"/>
								<line number="150" hits="0" branch="false"/>
								<line number="151" hits="0" branch="false"/>
								<line number="153" hits="0" branch="false"/>
							</lines>
						</method>
						<method name="addRecipients" signature="(Ljavax/mail/internet/MimeMessage;Ljavax/mail/Message$RecipientType;Ljava/util/List;)V" line-rate="0.0" branch-rate="0.0">
							<lines>
								<line number="131" hits="0" branch="true" condition-coverage="0% (0/2)">
									<conditions>
										<condition number="0" type="jump" coverage="0%"/>
									</conditions>
								</line>
								<line number="132" hits="0" branch="false"/>
								<line number="133" hits="0" branch="false"/>
								<line number="135" hits="0" branch="false"/>
							</lines>
						</method>
						<method name="createAddressArray" signature="(Ljava/util/Collection;)[Ljavax/mail/internet/InternetAddress;" line-rate="0.0" branch-rate="1.0">
							<lines>
								<line number="187" hits="0" branch="false"/>
							</lines>
						</method>
						<method name="createAddressArray" signature="([Ljava/lang/String;)[Ljavax/mail/internet/InternetAddress;" line-rate="0.0" branch-rate="0.0">
							<lines>
								<line number="202" hits="0" branch="false"/>
								<line number="203" hits="0" branch="true" condition-coverage="0% (0/2)">
									<conditions>
										<condition number="0" type="jump" coverage="0%"/>
									</conditions>
								</line>
								<line number="204" hits="0" branch="false"/>
								<line number="206" hits="0" branch="false"/>
							</lines>
						</method>
						<method name="createInternetAddress" signature="(Ljava/lang/String;)Ljavax/mail/internet/InternetAddress;" line-rate="0.0" branch-rate="0.0">
							<lines>
								<line number="166" hits="0" branch="false"/>
								<line number="167" hits="0" branch="false"/>
								<line number="168" hits="0" branch="true" condition-coverage="0% (0/2)">
									<conditions>
										<condition number="0" type="jump" coverage="0%"/>
									</conditions>
								</line>
								<line number="169" hits="0" branch="false"/>
								<line number="171" hits="0" branch="false"/>
								<line number="172" hits="0" branch="false"/>
								<line number="173" hits="0" branch="false"/>
							</lines>
						</method>
						<method name="errorCondition" signature="(Ljava/lang/String;Z)V" line-rate="0.0" branch-rate="0.0">
							<lines>
								<line number="79" hits="0" branch="true" condition-coverage="0% (0/2)">
									<conditions>
										<condition number="0" type="jump" coverage="0%"/>
									</conditions>
								</line>
								<line number="80" hits="0" branch="false"/>
								<line number="82" hits="0" branch="false"/>
							</lines>
						</method>
						<method name="getAttachments" signature="()Ljava/util/List;" line-rate="0.0" branch-rate="1.0">
							<lines>
								<line number="238" hits="0" branch="false"/>
							</lines>
						</method>
						<method name="getBccRecipients" signature="()Ljava/util/List;" line-rate="0.0" branch-rate="1.0">
							<lines>
								<line number="226" hits="0" branch="false"/>
							</lines>
						</method>
						<method name="getCcRecipients" signature="()Ljava/util/List;" line-rate="0.0" branch-rate="1.0">
							<lines>
								<line number="222" hits="0" branch="false"/>
							</lines>
						</method>
						<method name="getEmailToNameMap" signature="()Ljava/util/HashMap;" line-rate="0.0" branch-rate="1.0">
							<lines>
								<line number="267" hits="0" branch="false"/>
							</lines>
						</method>
						<method name="getFromEmailAddress" signature="()Ljava/lang/String;" line-rate="0.0" branch-rate="1.0">
							<lines>
								<line number="214" hits="0" branch="false"/>
							</lines>
						</method>
						<method name="getMessage" signature="()Ljava/lang/String;" line-rate="0.0" branch-rate="1.0">
							<lines>
								<line number="234" hits="0" branch="false"/>
							</lines>
						</method>
						<method name="getRecipients" signature="()Ljava/util/List;" line-rate="0.0" branch-rate="1.0">
							<lines>
								<line number="218" hits="0" branch="false"/>
							</lines>
						</method>
						<method name="getSmtpHost" signature="()Ljava/lang/String;" line-rate="0.0" branch-rate="1.0">
							<lines>
								<line number="210" hits="0" branch="false"/>
							</lines>
						</method>
						<method name="getSubject" signature="()Ljava/lang/String;" line-rate="0.0" branch-rate="1.0">
							<lines>
								<line number="230" hits="0" branch="false"/>
							</lines>
						</method>
						<method name="sendEmail" signature="()V" line-rate="0.0" branch-rate="0.0">
							<lines>
								<line number="90" hits="0" branch="false"/>
								<line number="92" hits="0" branch="false"/>
								<line number="93" hits="0" branch="false"/>
								<line number="94" hits="0" branch="false"/>
								<line number="95" hits="0" branch="false"/>
								<line number="97" hits="0" branch="false"/>
								<line number="99" hits="0" branch="false"/>
								<line number="100" hits="0" branch="false"/>
								<line number="101" hits="0" branch="true" condition-coverage="0% (0/2)">
									<conditions>
										<condition number="0" type="jump" coverage="0%"/>
									</conditions>
								</line>
								<line number="102" hits="0" branch="false"/>
								<line number="104" hits="0" branch="false"/>
								<line number="105" hits="0" branch="false"/>
								<line number="106" hits="0" branch="false"/>
								<line number="108" hits="0" branch="false"/>
								<line number="110" hits="0" branch="false"/>
								<line number="111" hits="0" branch="false"/>
								<line number="112" hits="0" branch="false"/>
								<line number="114" hits="0" branch="false"/>
								<line number="116" hits="0" branch="false"/>
								<line number="118" hits="0" branch="false"/>
								<line number="119" hits="0" branch="false"/>
							</lines>
						</method>
						<method name="setFromEmailAddress" signature="(Ljava/lang/String;)V" line-rate="0.0" branch-rate="1.0">
							<lines>
								<line number="254" hits="0" branch="false"/>
								<line number="255" hits="0" branch="false"/>
							</lines>
						</method>
						<method name="setMessage" signature="(Ljava/lang/String;)V" line-rate="0.0" branch-rate="1.0">
							<lines>
								<line number="250" hits="0" branch="false"/>
								<line number="251" hits="0" branch="false"/>
							</lines>
						</method>
						<method name="setRecipients" signature="(Ljava/util/List;)V" line-rate="0.0" branch-rate="1.0">
							<lines>
								<line number="242" hits="0" branch="false"/>
								<line number="243" hits="0" branch="false"/>
							</lines>
						</method>
						<method name="setSmtpHost" signature="(Ljava/lang/String;)V" line-rate="0.0" branch-rate="1.0">
							<lines>
								<line number="258" hits="0" branch="false"/>
								<line number="259" hits="0" branch="false"/>
							</lines>
						</method>
						<method name="setSubject" signature="(Ljava/lang/String;)V" line-rate="0.0" branch-rate="1.0">
							<lines>
								<line number="246" hits="0" branch="false"/>
								<line number="247" hits="0" branch="false"/>
							</lines>
						</method>
						<method name="validateReadyForSend" signature="()V" line-rate="0.0" branch-rate="0.0">
							<lines>
								<line number="57" hits="0" branch="true" condition-coverage="0% (0/2)">
									<conditions>
										<condition number="0" type="jump" coverage="0%"/>
									</conditions>
								</line>
								<line number="58" hits="0" branch="false"/>
								<line number="59" hits="0" branch="true" condition-coverage="0% (0/2)">
									<conditions>
										<condition number="0" type="jump" coverage="0%"/>
									</conditions>
								</line>
								<line number="60" hits="0" branch="true" condition-coverage="0% (0/2)">
									<conditions>
										<condition number="0" type="jump" coverage="0%"/>
									</conditions>
								</line>
								<line number="61" hits="0" branch="true" condition-coverage="0% (0/2)">
									<conditions>
										<condition number="0" type="jump" coverage="0%"/>
									</conditions>
								</line>
								<line number="62" hits="0" branch="true" condition-coverage="0% (0/2)">
									<conditions>
										<condition number="0" type="jump" coverage="0%"/>
									</conditions>
								</line>
								<line number="64" hits="0" branch="true" condition-coverage="0% (0/2)">
									<conditions>
										<condition number="0" type="jump" coverage="0%"/>
									</conditions>
								</line>
								<line number="65" hits="0" branch="false"/>
								<line number="66" hits="0" branch="false"/>
								<line number="67" hits="0" branch="true" condition-coverage="0% (0/4)">
									<conditions>
										<condition number="0" type="jump" coverage="0%"/>
										<condition number="1" type="jump" coverage="0%"/>
									</conditions>
								</line>
								<line number="69" hits="0" branch="false"/>
							</lines>
						</method>
					</methods>
					<lines>
						<line number="32" hits="0" branch="false"/>
						<line number="39" hits="0" branch="false"/>
						<line number="41" hits="0" branch="false"/>
						<line number="43" hits="0" branch="false"/>
						<line number="45" hits="0" branch="false"/>
						<line number="51" hits="0" branch="false"/>
						<line number="57" hits="0" branch="true" condition-coverage="0% (0/2)">
							<conditions>
								<condition number="0" type="jump" coverage="0%"/>
							</conditions>
						</line>
						<line number="58" hits="0" branch="false"/>
						<line number="59" hits="0" branch="true" condition-coverage="0% (0/2)">
							<conditions>
								<condition number="0" type="jump" coverage="0%"/>
							</conditions>
						</line>
						<line number="60" hits="0" branch="true" condition-coverage="0% (0/2)">
							<conditions>
								<condition number="0" type="jump" coverage="0%"/>
							</conditions>
						</line>
						<line number="61" hits="0" branch="true" condition-coverage="0% (0/2)">
							<conditions>
								<condition number="0" type="jump" coverage="0%"/>
							</conditions>
						</line>
						<line number="62" hits="0" branch="true" condition-coverage="0% (0/2)">
							<conditions>
								<condition number="0" type="jump" coverage="0%"/>
							</conditions>
						</line>
						<line number="64" hits="0" branch="true" condition-coverage="0% (0/2)">
							<conditions>
								<condition number="0" type="jump" coverage="0%"/>
							</conditions>
						</line>
						<line number="65" hits="0" branch="false"/>
						<line number="66" hits="0" branch="false"/>
						<line number="67" hits="0" branch="true" condition-coverage="0% (0/4)">
							<conditions>
								<condition number="0" type="jump" coverage="0%"/>
								<condition number="1" type="jump" coverage="0%"/>
							</conditions>
						</line>
						<line number="69" hits="0" branch="false"/>
						<line number="79" hits="0" branch="true" condition-coverage="0% (0/2)">
							<conditions>
								<condition number="0" type="jump" coverage="0%"/>
							</conditions>
						</line>
						<line number="80" hits="0" branch="false"/>
						<line number="82" hits="0" branch="false"/>
						<line number="90" hits="0" branch="false"/>
						<line number="92" hits="0" branch="false"/>
						<line number="93" hits="0" branch="false"/>
						<line number="94" hits="0" branch="false"/>
						<line number="95" hits="0" branch="false"/>
						<line number="97" hits="0" branch="false"/>
						<line number="99" hits="0" branch="false"/>
						<line number="100" hits="0" branch="false"/>
						<line number="101" hits="0" branch="true" condition-coverage="0% (0/2)">
							<conditions>
								<condition number="0" type="jump" coverage="0%"/>
							</conditions>
						</line>
						<line number="102" hits="0" branch="false"/>
						<line number="104" hits="0" branch="false"/>
						<line number="105" hits="0" branch="false"/>
						<line number="106" hits="0" branch="false"/>
						<line number="108" hits="0" branch="false"/>
						<line number="110" hits="0" branch="false"/>
						<line number="111" hits="0" branch="false"/>
						<line number="112" hits="0" branch="false"/>
						<line number="114" hits="0" branch="false"/>
						<line number="116" hits="0" branch="false"/>
						<line number="118" hits="0" branch="false"/>
						<line number="119" hits="0" branch="false"/>
						<line number="131" hits="0" branch="true" condition-coverage="0% (0/2)">
							<conditions>
								<condition number="0" type="jump" coverage="0%"/>
							</conditions>
						</line>
						<line number="132" hits="0" branch="false"/>
						<line number="133" hits="0" branch="false"/>
						<line number="135" hits="0" branch="false"/>
						<line number="146" hits="0" branch="true" condition-coverage="0% (0/2)">
							<conditions>
								<condition number="0" type="jump" coverage="0%"/>
							</conditions>
						</line>
						<line number="147" hits="0" branch="false"/>
						<line number="148" hits="0" branch="false"/>
						<line number="149" hits="0" branch="false"/>
						<line number="150" hits="0" branch="false"/>
						<line number="151" hits="0" branch="false"/>
						<line number="153" hits="0" branch="false"/>
						<line number="166" hits="0" branch="false"/>
						<line number="167" hits="0" branch="false"/>
						<line number="168" hits="0" branch="true" condition-coverage="0% (0/2)">
							<conditions>
								<condition number="0" type="jump" coverage="0%"/>
							</conditions>
						</line>
						<line number="169" hits="0" branch="false"/>
						<line number="171" hits="0" branch="false"/>
						<line number="172" hits="0" branch="false"/>
						<line number="173" hits="0" branch="false"/>
						<line number="187" hits="0" branch="false"/>
						<line number="202" hits="0" branch="false"/>
						<line number="203" hits="0" branch="true" condition-coverage="0% (0/2)">
							<conditions>
								<condition number="0" type="jump" coverage="0%"/>
							</conditions>
						</line>
						<line number="204" hits="0" branch="false"/>
						<line number="206" hits="0" branch="false"/>
						<line number="210" hits="0" branch="false"/>
						<line number="214" hits="0" branch="false"/>
						<line number="218" hits="0" branch="false"/>
						<line number="222" hits="0" branch="false"/>
						<line number="226" hits="0" branch="false"/>
						<line number="230" hits="0" branch="false"/>
						<line number="234" hits="0" branch="false"/>
						<line number="238" hits="0" branch="false"/>
						<line number="242" hits="0" branch="false"/>
						<line number="243" hits="0" branch="false"/>
						<line number="246" hits="0" branch="false"/>
						<line number="247" hits="0" branch="false"/>
						<line number="250" hits="0" branch="false"/>
						<line number="251" hits="0" branch="false"/>
						<line number="254" hits="0" branch="false"/>
						<line number="255" hits="0" branch="false"/>
						<line number="258" hits="0" branch="false"/>
						<line number="259" hits="0" branch="false"/>
						<line number="267" hits="0" branch="false"/>
					</lines>
				</class>
				<class name="org.javautil.mail.package-info" filename="org/javautil/mail/package-info.java" line-rate="1.0" branch-rate="1.0" complexity="0.0">
					<methods>
					</methods>
					<lines>
					</lines>
				</class>
			</classes>
		</package>
		<package name="org.javautil.model" line-rate="0.0" branch-rate="1.0" complexity="1.0">
			<classes>
				<class name="org.javautil.model.SelectItem" filename="org/javautil/model/SelectItem.java" line-rate="0.0" branch-rate="1.0" complexity="1.0">
					<methods>
						<method name="&lt;init&gt;" signature="()V" line-rate="0.0" branch-rate="1.0">
							<lines>
								<line number="11" hits="0" branch="false"/>
							</lines>
						</method>
						<method name="getDataType" signature="()Ljava/lang/String;" line-rate="0.0" branch-rate="1.0">
							<lines>
								<line number="98" hits="0" branch="false"/>
							</lines>
						</method>
						<method name="getDescr" signature="()Ljava/lang/String;" line-rate="0.0" branch-rate="1.0">
							<lines>
								<line number="42" hits="0" branch="false"/>
							</lines>
						</method>
						<method name="getId" signature="()Ljava/lang/Integer;" line-rate="0.0" branch-rate="1.0">
							<lines>
								<line number="84" hits="0" branch="false"/>
							</lines>
						</method>
						<method name="getName" signature="()Ljava/lang/String;" line-rate="0.0" branch-rate="1.0">
							<lines>
								<line number="112" hits="0" branch="false"/>
							</lines>
						</method>
						<method name="getNameValues" signature="()Ljava/util/Map;" line-rate="0.0" branch-rate="1.0">
							<lines>
								<line number="70" hits="0" branch="false"/>
							</lines>
						</method>
						<method name="getSelectedValue" signature="()Ljava/lang/String;" line-rate="0.0" branch-rate="1.0">
							<lines>
								<line number="56" hits="0" branch="false"/>
							</lines>
						</method>
						<method name="setDataType" signature="(Ljava/lang/String;)V" line-rate="0.0" branch-rate="1.0">
							<lines>
								<line number="105" hits="0" branch="false"/>
								<line number="106" hits="0" branch="false"/>
							</lines>
						</method>
						<method name="setDescr" signature="(Ljava/lang/String;)V" line-rate="0.0" branch-rate="1.0">
							<lines>
								<line number="49" hits="0" branch="false"/>
								<line number="50" hits="0" branch="false"/>
							</lines>
						</method>
						<method name="setId" signature="(Ljava/lang/Integer;)V" line-rate="0.0" branch-rate="1.0">
							<lines>
								<line number="91" hits="0" branch="false"/>
								<line number="92" hits="0" branch="false"/>
							</lines>
						</method>
						<method name="setName" signature="(Ljava/lang/String;)V" line-rate="0.0" branch-rate="1.0">
							<lines>
								<line number="119" hits="0" branch="false"/>
								<line number="120" hits="0" branch="false"/>
							</lines>
						</method>
						<method name="setNameValues" signature="(Ljava/util/Map;)V" line-rate="0.0" branch-rate="1.0">
							<lines>
								<line number="77" hits="0" branch="false"/>
								<line number="78" hits="0" branch="false"/>
							</lines>
						</method>
						<method name="setSelectedValue" signature="(Ljava/lang/String;)V" line-rate="0.0" branch-rate="1.0">
							<lines>
								<line number="63" hits="0" branch="false"/>
								<line number="64" hits="0" branch="false"/>
							</lines>
						</method>
					</methods>
					<lines>
						<line number="11" hits="0" branch="false"/>
						<line number="42" hits="0" branch="false"/>
						<line number="49" hits="0" branch="false"/>
						<line number="50" hits="0" branch="false"/>
						<line number="56" hits="0" branch="false"/>
						<line number="63" hits="0" branch="false"/>
						<line number="64" hits="0" branch="false"/>
						<line number="70" hits="0" branch="false"/>
						<line number="77" hits="0" branch="false"/>
						<line number="78" hits="0" branch="false"/>
						<line number="84" hits="0" branch="false"/>
						<line number="91" hits="0" branch="false"/>
						<line number="92" hits="0" branch="false"/>
						<line number="98" hits="0" branch="false"/>
						<line number="105" hits="0" branch="false"/>
						<line number="106" hits="0" branch="false"/>
						<line number="112" hits="0" branch="false"/>
						<line number="119" hits="0" branch="false"/>
						<line number="120" hits="0" branch="false"/>
					</lines>
				</class>
			</classes>
		</package>
		<package name="org.javautil.security" line-rate="0.0" branch-rate="1.0" complexity="1.0">
			<classes>
				<class name="org.javautil.security.NoSaltSource" filename="org/javautil/security/NoSaltSource.java" line-rate="0.0" branch-rate="1.0" complexity="1.0">
					<methods>
						<method name="&lt;init&gt;" signature="()V" line-rate="0.0" branch-rate="1.0">
							<lines>
								<line number="12" hits="0" branch="false"/>
							</lines>
						</method>
						<method name="getSalt" signature="(Lorg/springframework/security/userdetails/UserDetails;)Ljava/lang/Object;" line-rate="0.0" branch-rate="1.0">
							<lines>
								<line number="17" hits="0" branch="false"/>
							</lines>
						</method>
					</methods>
					<lines>
						<line number="12" hits="0" branch="false"/>
						<line number="17" hits="0" branch="false"/>
					</lines>
				</class>
			</classes>
		</package>
		<package name="org.javautil.util" line-rate="0.0" branch-rate="0.0" complexity="1.0909090909090908">
			<classes>
				<class name="org.javautil.util.ApplicationInfo" filename="org/javautil/util/ApplicationInfo.java" line-rate="0.0" branch-rate="1.0" complexity="1.0">
					<methods>
						<method name="&lt;clinit&gt;" signature="()V" line-rate="0.0" branch-rate="1.0">
							<lines>
								<line number="15" hits="0" branch="false"/>
								<line number="21" hits="0" branch="false"/>
								<line number="22" hits="0" branch="false"/>
								<line number="23" hits="0" branch="false"/>
								<line number="24" hits="0" branch="false"/>
							</lines>
						</method>
						<method name="&lt;init&gt;" signature="()V" line-rate="0.0" branch-rate="1.0">
							<lines>
								<line number="13" hits="0" branch="false"/>
								<line number="32" hits="0" branch="false"/>
								<line number="34" hits="0" branch="false"/>
								<line number="36" hits="0" branch="false"/>
								<line number="38" hits="0" branch="false"/>
								<line number="40" hits="0" branch="false"/>
								<line number="42" hits="0" branch="false"/>
							</lines>
						</method>
						<method name="getApplicationName" signature="()Ljava/lang/String;" line-rate="0.0" branch-rate="1.0">
							<lines>
								<line number="45" hits="0" branch="false"/>
							</lines>
						</method>
						<method name="getHostName" signature="()Ljava/lang/String;" line-rate="0.0" branch-rate="1.0">
							<lines>
								<line number="69" hits="0" branch="false"/>
							</lines>
						</method>
						<method name="getIpAddress" signature="()Ljava/lang/String;" line-rate="0.0" branch-rate="1.0">
							<lines>
								<line number="85" hits="0" branch="false"/>
							</lines>
						</method>
						<method name="getLocalHostname" signature="()Ljava/lang/String;" line-rate="0.0" branch-rate="1.0">
							<lines>
								<line number="29" hits="0" branch="false"/>
							</lines>
						</method>
						<method name="getModuleName" signature="()Ljava/lang/String;" line-rate="0.0" branch-rate="1.0">
							<lines>
								<line number="77" hits="0" branch="false"/>
							</lines>
						</method>
						<method name="getUniqueIdentifier" signature="()Ljava/lang/Object;" line-rate="0.0" branch-rate="1.0">
							<lines>
								<line number="61" hits="0" branch="false"/>
							</lines>
						</method>
						<method name="getUserName" signature="()Ljava/lang/String;" line-rate="0.0" branch-rate="1.0">
							<lines>
								<line number="53" hits="0" branch="false"/>
							</lines>
						</method>
						<method name="setApplicationName" signature="(Ljava/lang/String;)V" line-rate="0.0" branch-rate="1.0">
							<lines>
								<line number="49" hits="0" branch="false"/>
								<line number="50" hits="0" branch="false"/>
							</lines>
						</method>
						<method name="setHostName" signature="(Ljava/lang/String;)V" line-rate="0.0" branch-rate="1.0">
							<lines>
								<line number="73" hits="0" branch="false"/>
								<line number="74" hits="0" branch="false"/>
							</lines>
						</method>
						<method name="setIpAddress" signature="(Ljava/lang/String;)V" line-rate="0.0" branch-rate="1.0">
							<lines>
								<line number="89" hits="0" branch="false"/>
								<line number="90" hits="0" branch="false"/>
							</lines>
						</method>
						<method name="setModuleName" signature="(Ljava/lang/String;)V" line-rate="0.0" branch-rate="1.0">
							<lines>
								<line number="81" hits="0" branch="false"/>
								<line number="82" hits="0" branch="false"/>
							</lines>
						</method>
						<method name="setUniqueIdentifier" signature="(Ljava/lang/Object;)V" line-rate="0.0" branch-rate="1.0">
							<lines>
								<line number="65" hits="0" branch="false"/>
								<line number="66" hits="0" branch="false"/>
							</lines>
						</method>
						<method name="setUserName" signature="(Ljava/lang/String;)V" line-rate="0.0" branch-rate="1.0">
							<lines>
								<line number="57" hits="0" branch="false"/>
								<line number="58" hits="0" branch="false"/>
							</lines>
						</method>
					</methods>
					<lines>
						<line number="13" hits="0" branch="false"/>
						<line number="15" hits="0" branch="false"/>
						<line number="21" hits="0" branch="false"/>
						<line number="22" hits="0" branch="false"/>
						<line number="23" hits="0" branch="false"/>
						<line number="24" hits="0" branch="false"/>
						<line number="29" hits="0" branch="false"/>
						<line number="32" hits="0" branch="false"/>
						<line number="34" hits="0" branch="false"/>
						<line number="36" hits="0" branch="false"/>
						<line number="38" hits="0" branch="false"/>
						<line number="40" hits="0" branch="false"/>
						<line number="42" hits="0" branch="false"/>
						<line number="45" hits="0" branch="false"/>
						<line number="49" hits="0" branch="false"/>
						<line number="50" hits="0" branch="false"/>
						<line number="53" hits="0" branch="false"/>
						<line number="57" hits="0" branch="false"/>
						<line number="58" hits="0" branch="false"/>
						<line number="61" hits="0" branch="false"/>
						<line number="65" hits="0" branch="false"/>
						<line number="66" hits="0" branch="false"/>
						<line number="69" hits="0" branch="false"/>
						<line number="73" hits="0" branch="false"/>
						<line number="74" hits="0" branch="false"/>
						<line number="77" hits="0" branch="false"/>
						<line number="81" hits="0" branch="false"/>
						<line number="82" hits="0" branch="false"/>
						<line number="85" hits="0" branch="false"/>
						<line number="89" hits="0" branch="false"/>
						<line number="90" hits="0" branch="false"/>
					</lines>
				</class>
				<class name="org.javautil.util.ModelHelper" filename="org/javautil/util/ModelHelper.java" line-rate="0.0" branch-rate="0.0" complexity="1.3333333333333333">
					<methods>
						<method name="&lt;clinit&gt;" signature="()V" line-rate="0.0" branch-rate="1.0">
							<lines>
								<line number="16" hits="0" branch="false"/>
								<line number="17" hits="0" branch="false"/>
							</lines>
						</method>
						<method name="&lt;init&gt;" signature="()V" line-rate="0.0" branch-rate="1.0">
							<lines>
								<line number="14" hits="0" branch="false"/>
							</lines>
						</method>
						<method name="asModel" signature="(Ljava/lang/String;Ljava/lang/Object;)Ljava/util/Map;" line-rate="0.0" branch-rate="1.0">
							<lines>
								<line number="81" hits="0" branch="false"/>
								<line number="82" hits="0" branch="false"/>
								<line number="83" hits="0" branch="false"/>
							</lines>
						</method>
						<method name="asNameAndValue" signature="(Ljava/lang/String;Ljava/lang/Integer;)Lorg/javautil/util/NameAndValue;" line-rate="0.0" branch-rate="1.0">
							<lines>
								<line number="27" hits="0" branch="false"/>
							</lines>
						</method>
						<method name="asNameAndValue" signature="(Ljava/lang/String;Ljava/lang/String;)Lorg/javautil/util/NameAndValue;" line-rate="0.0" branch-rate="1.0">
							<lines>
								<line number="38" hits="0" branch="false"/>
							</lines>
						</method>
						<method name="getEmptyModel" signature="()Ljava/util/Map;" line-rate="0.0" branch-rate="1.0">
							<lines>
								<line number="92" hits="0" branch="false"/>
							</lines>
						</method>
						<method name="getNamesFromList" signature="(Ljava/util/List;)Ljava/util/List;" line-rate="0.0" branch-rate="0.0">
							<lines>
								<line number="49" hits="0" branch="false"/>
								<line number="50" hits="0" branch="true" condition-coverage="0% (0/2)">
									<conditions>
										<condition number="0" type="jump" coverage="0%"/>
									</conditions>
								</line>
								<line number="51" hits="0" branch="false"/>
								<line number="53" hits="0" branch="false"/>
							</lines>
						</method>
						<method name="getValuesFromList" signature="(Ljava/util/List;)Ljava/util/List;" line-rate="0.0" branch-rate="0.0">
							<lines>
								<line number="64" hits="0" branch="false"/>
								<line number="65" hits="0" branch="true" condition-coverage="0% (0/2)">
									<conditions>
										<condition number="0" type="jump" coverage="0%"/>
									</conditions>
								</line>
								<line number="66" hits="0" branch="false"/>
								<line number="68" hits="0" branch="false"/>
							</lines>
						</method>
					</methods>
					<lines>
						<line number="14" hits="0" branch="false"/>
						<line number="16" hits="0" branch="false"/>
						<line number="17" hits="0" branch="false"/>
						<line number="27" hits="0" branch="false"/>
						<line number="38" hits="0" branch="false"/>
						<line number="49" hits="0" branch="false"/>
						<line number="50" hits="0" branch="true" condition-coverage="0% (0/2)">
							<conditions>
								<condition number="0" type="jump" coverage="0%"/>
							</conditions>
						</line>
						<line number="51" hits="0" branch="false"/>
						<line number="53" hits="0" branch="false"/>
						<line number="64" hits="0" branch="false"/>
						<line number="65" hits="0" branch="true" condition-coverage="0% (0/2)">
							<conditions>
								<condition number="0" type="jump" coverage="0%"/>
							</conditions>
						</line>
						<line number="66" hits="0" branch="false"/>
						<line number="68" hits="0" branch="false"/>
						<line number="81" hits="0" branch="false"/>
						<line number="82" hits="0" branch="false"/>
						<line number="83" hits="0" branch="false"/>
						<line number="92" hits="0" branch="false"/>
					</lines>
				</class>
				<class name="org.javautil.util.ThreadLocalApplicationInfo" filename="org/javautil/util/ThreadLocalApplicationInfo.java" line-rate="0.0" branch-rate="1.0" complexity="1.0">
					<methods>
						<method name="&lt;clinit&gt;" signature="()V" line-rate="0.0" branch-rate="1.0">
							<lines>
								<line number="9" hits="0" branch="false"/>
								<line number="14" hits="0" branch="false"/>
							</lines>
						</method>
						<method name="&lt;init&gt;" signature="()V" line-rate="0.0" branch-rate="1.0">
							<lines>
								<line number="11" hits="0" branch="false"/>
								<line number="12" hits="0" branch="false"/>
							</lines>
						</method>
						<method name="getApplicationInfo" signature="()Lorg/javautil/util/ApplicationInfo;" line-rate="0.0" branch-rate="1.0">
							<lines>
								<line number="17" hits="0" branch="false"/>
							</lines>
						</method>
						<method name="setApplicationInfo" signature="(Lorg/javautil/util/ApplicationInfo;)V" line-rate="0.0" branch-rate="1.0">
							<lines>
								<line number="21" hits="0" branch="false"/>
								<line number="22" hits="0" branch="false"/>
							</lines>
						</method>
					</methods>
					<lines>
						<line number="9" hits="0" branch="false"/>
						<line number="11" hits="0" branch="false"/>
						<line number="12" hits="0" branch="false"/>
						<line number="14" hits="0" branch="false"/>
						<line number="17" hits="0" branch="false"/>
						<line number="21" hits="0" branch="false"/>
						<line number="22" hits="0" branch="false"/>
					</lines>
				</class>
			</classes>
		</package>
		<package name="org.javautil.view" line-rate="0.597457627118644" branch-rate="0.40789473684210525" complexity="2.5384615384615383">
			<classes>
				<class name="org.javautil.view.AbstractJsonView" filename="org/javautil/view/AbstractJsonView.java" line-rate="1.0" branch-rate="1.0" complexity="1.0">
					<methods>
						<method name="&lt;init&gt;" signature="()V" line-rate="1.0" branch-rate="1.0">
							<lines>
								<line number="16" hits="2" branch="false"/>
								<line number="17" hits="2" branch="false"/>
								<line number="18" hits="2" branch="false"/>
							</lines>
						</method>
						<method name="renderMergedOutputModel" signature="(Ljava/util/Map;Ljavax/servlet/http/HttpServletRequest;Ljavax/servlet/http/HttpServletResponse;)V" line-rate="1.0" branch-rate="1.0">
							<lines>
								<line number="28" hits="2" branch="false"/>
								<line number="30" hits="2" branch="false"/>
								<line number="31" hits="2" branch="false"/>
								<line number="32" hits="2" branch="false"/>
								<line number="35" hits="2" branch="false"/>
								<line number="36" hits="2" branch="false"/>
								<line number="37" hits="2" branch="false"/>
								<line number="38" hits="2" branch="false"/>
							</lines>
						</method>
					</methods>
					<lines>
						<line number="16" hits="2" branch="false"/>
						<line number="17" hits="2" branch="false"/>
						<line number="18" hits="2" branch="false"/>
						<line number="28" hits="2" branch="false"/>
						<line number="30" hits="2" branch="false"/>
						<line number="31" hits="2" branch="false"/>
						<line number="32" hits="2" branch="false"/>
						<line number="35" hits="2" branch="false"/>
						<line number="36" hits="2" branch="false"/>
						<line number="37" hits="2" branch="false"/>
						<line number="38" hits="2" branch="false"/>
					</lines>
				</class>
				<class name="org.javautil.view.FileDownloadView" filename="org/javautil/view/FileDownloadView.java" line-rate="0.0" branch-rate="0.0" complexity="3.125">
					<methods>
						<method name="&lt;init&gt;" signature="()V" line-rate="0.0" branch-rate="1.0">
							<lines>
								<line number="44" hits="0" branch="false"/>
								<line number="45" hits="0" branch="false"/>
							</lines>
						</method>
						<method name="&lt;init&gt;" signature="(Ljava/io/File;)V" line-rate="0.0" branch-rate="0.0">
							<lines>
								<line number="54" hits="0" branch="false"/>
								<line number="55" hits="0" branch="true" condition-coverage="0% (0/2)">
									<conditions>
										<condition number="0" type="jump" coverage="0%"/>
									</conditions>
								</line>
								<line number="56" hits="0" branch="false"/>
								<line number="58" hits="0" branch="false"/>
								<line number="59" hits="0" branch="false"/>
							</lines>
						</method>
						<method name="getContentType" signature="()Ljava/lang/String;" line-rate="0.0" branch-rate="0.0">
							<lines>
								<line number="71" hits="0" branch="true" condition-coverage="0% (0/2)">
									<conditions>
										<condition number="0" type="jump" coverage="0%"/>
									</conditions>
								</line>
								<line number="72" hits="0" branch="false"/>
								<line number="74" hits="0" branch="false"/>
								<line number="75" hits="0" branch="false"/>
								<line number="76" hits="0" branch="true" condition-coverage="0% (0/2)">
									<conditions>
										<condition number="0" type="jump" coverage="0%"/>
									</conditions>
								</line>
								<line number="77" hits="0" branch="false"/>
								<line number="78" hits="0" branch="false"/>
								<line number="80" hits="0" branch="false"/>
							</lines>
						</method>
						<method name="getFile" signature="()Ljava/io/File;" line-rate="0.0" branch-rate="1.0">
							<lines>
								<line number="143" hits="0" branch="false"/>
							</lines>
						</method>
						<method name="getFileName" signature="()Ljava/lang/String;" line-rate="0.0" branch-rate="1.0">
							<lines>
								<line number="161" hits="0" branch="false"/>
							</lines>
						</method>
						<method name="renderMergedOutputModel" signature="(Ljava/util/Map;Ljavax/servlet/http/HttpServletRequest;Ljavax/servlet/http/HttpServletResponse;)V" line-rate="0.0" branch-rate="0.0">
							<lines>
								<line number="97" hits="0" branch="true" condition-coverage="0% (0/2)">
									<conditions>
										<condition number="0" type="jump" coverage="0%"/>
									</conditions>
								</line>
								<line number="98" hits="0" branch="false"/>
								<line number="100" hits="0" branch="true" condition-coverage="0% (0/2)">
									<conditions>
										<condition number="0" type="jump" coverage="0%"/>
									</conditions>
								</line>
								<line number="101" hits="0" branch="false"/>
								<line number="102" hits="0" branch="false"/>
								<line number="104" hits="0" branch="true" condition-coverage="0% (0/2)">
									<conditions>
										<condition number="0" type="jump" coverage="0%"/>
									</conditions>
								</line>
[...]
									<conditions>
										<condition number="0" type="jump" coverage="0%"/>
									</conditions>
								</line>
								<line number="145" hits="0" branch="false"/>
								<line number="146" hits="0" branch="false"/>
								<line number="147" hits="0" branch="false"/>
								<line number="148" hits="0" branch="false"/>
								<line number="149" hits="0" branch="false"/>
								<line number="151" hits="0" branch="true" condition-coverage="0% (0/2)">
									<conditions>
										<condition number="0" type="jump" coverage="0%"/>
									</conditions>
								</line>
								<line number="152" hits="0" branch="false"/>
								<line number="154" hits="2" branch="false"/>
							</lines>
						</method>
						<method name="getSingleParametersLike" signature="(Ljava/lang/String;Ljavax/servlet/http/HttpServletRequest;Z)Ljava/util/Map;" line-rate="0.7058823529411765" branch-rate="0.6">
							<lines>
								<line number="108" hits="3" branch="false"/>
								<line number="109" hits="3" branch="false"/>
								<line number="110" hits="7" branch="true" condition-coverage="100% (2/2)">
									<conditions>
										<condition number="0" type="jump" coverage="100%"/>
									</conditions>
								</line>
								<line number="111" hits="1" branch="true" condition-coverage="50% (1/2)">
									<conditions>
										<condition number="0" type="jump" coverage="50%"/>
									</conditions>
								</line>
								<line number="112" hits="1" branch="false"/>
								<line number="113" hits="1" branch="true" condition-coverage="50% (1/2)">
									<conditions>
										<condition number="0" type="jump" coverage="50%"/>
									</conditions>
								</line>
								<line number="114" hits="1" branch="false"/>
								<line number="116" hits="1" branch="false"/>
								<line number="117" hits="1" branch="true" condition-coverage="50% (1/2)">
									<conditions>
										<condition number="0" type="jump" coverage="50%"/>
									</conditions>
								</line>
								<line number="118" hits="0" branch="false"/>
								<line number="119" hits="0" branch="false"/>
								<line number="120" hits="0" branch="false"/>
								<line number="121" hits="0" branch="false"/>
								<line number="122" hits="0" branch="false"/>
								<line number="124" hits="1" branch="true" condition-coverage="50% (1/2)">
									<conditions>
										<condition number="0" type="jump" coverage="50%"/>
									</conditions>
								</line>
								<line number="125" hits="1" branch="false"/>
								<line number="128" hits="3" branch="false"/>
							</lines>
						</method>
					</methods>
					<lines>
						<line number="19" hits="0" branch="false"/>
						<line number="32" hits="15" branch="false"/>
						<line number="33" hits="15" branch="false"/>
						<line number="34" hits="43" branch="true" condition-coverage="100% (2/2)">
							<conditions>
								<condition number="0" type="jump" coverage="100%"/>
							</conditions>
						</line>
						<line number="35" hits="13" branch="false"/>
						<line number="36" hits="13" branch="false"/>
						<line number="37" hits="13" branch="true" condition-coverage="50% (1/2)">
							<conditions>
								<condition number="0" type="jump" coverage="50%"/>
							</conditions>
						</line>
						<line number="38" hits="0" branch="false"/>
						<line number="39" hits="0" branch="false"/>
						<line number="40" hits="0" branch="false"/>
						<line number="41" hits="13" branch="true" condition-coverage="50% (1/2)">
							<conditions>
								<condition number="0" type="jump" coverage="50%"/>
							</conditions>
						</line>
						<line number="42" hits="13" branch="false"/>
						<line number="43" hits="13" branch="false"/>
						<line number="44" hits="26" branch="true" condition-coverage="100% (2/2)">
							<conditions>
								<condition number="0" type="jump" coverage="100%"/>
							</conditions>
						</line>
						<line number="45" hits="13" branch="false"/>
						<line number="48" hits="13" branch="false"/>
						<line number="50" hits="15" branch="false"/>
						<line number="64" hits="0" branch="false"/>
						<line number="80" hits="0" branch="false"/>
						<line number="81" hits="0" branch="false"/>
						<line number="82" hits="0" branch="true" condition-coverage="0% (0/2)">
							<conditions>
								<condition number="0" type="jump" coverage="0%"/>
							</conditions>
						</line>
						<line number="83" hits="0" branch="true" condition-coverage="0% (0/2)">
							<conditions>
								<condition number="0" type="jump" coverage="0%"/>
							</conditions>
						</line>
						<line number="84" hits="0" branch="false"/>
						<line number="85" hits="0" branch="true" condition-coverage="0% (0/2)">
							<conditions>
								<condition number="0" type="jump" coverage="0%"/>
							</conditions>
						</line>
						<line number="86" hits="0" branch="false"/>
						<line number="88" hits="0" branch="false"/>
						<line number="91" hits="0" branch="false"/>
						<line number="108" hits="3" branch="false"/>
						<line number="109" hits="3" branch="false"/>
						<line number="110" hits="7" branch="true" condition-coverage="100% (2/2)">
							<conditions>
								<condition number="0" type="jump" coverage="100%"/>
							</conditions>
						</line>
						<line number="111" hits="1" branch="true" condition-coverage="50% (1/2)">
							<conditions>
								<condition number="0" type="jump" coverage="50%"/>
							</conditions>
						</line>
						<line number="112" hits="1" branch="false"/>
						<line number="113" hits="1" branch="true" condition-coverage="50% (1/2)">
							<conditions>
								<condition number="0" type="jump" coverage="50%"/>
							</conditions>
						</line>
						<line number="114" hits="1" branch="false"/>
						<line number="116" hits="1" branch="false"/>
						<line number="117" hits="1" branch="true" condition-coverage="50% (1/2)">
							<conditions>
								<condition number="0" type="jump" coverage="50%"/>
							</conditions>
						</line>
						<line number="118" hits="0" branch="false"/>
						<line number="119" hits="0" branch="false"/>
						<line number="120" hits="0" branch="false"/>
						<line number="121" hits="0" branch="false"/>
						<line number="122" hits="0" branch="false"/>
						<line number="124" hits="1" branch="true" condition-coverage="50% (1/2)">
							<conditions>
								<condition number="0" type="jump" coverage="50%"/>
							</conditions>
						</line>
						<line number="125" hits="1" branch="false"/>
						<line number="128" hits="3" branch="false"/>
						<line number="140" hits="2" branch="false"/>
						<line number="141" hits="2" branch="false"/>
						<line number="142" hits="4" branch="true" condition-coverage="50% (1/2)">
							<conditions>
								<condition number="0" type="jump" coverage="50%"/>
							</conditions>
						</line>
						<line number="143" hits="0" branch="false"/>
						<line number="144" hits="0" branch="true" condition-coverage="0% (0/2)">
							<conditions>
								<condition number="0" type="jump" coverage="0%"/>
							</conditions>
						</line>
						<line number="145" hits="0" branch="false"/>
						<line number="146" hits="0" branch="false"/>
						<line number="147" hits="0" branch="false"/>
						<line number="148" hits="0" branch="false"/>
						<line number="149" hits="0" branch="false"/>
						<line number="151" hits="0" branch="true" condition-coverage="0% (0/2)">
							<conditions>
								<condition number="0" type="jump" coverage="0%"/>
							</conditions>
						</line>
						<line number="152" hits="0" branch="false"/>
						<line number="154" hits="2" branch="false"/>
						<line number="165" hits="0" branch="false"/>
						<line number="166" hits="0" branch="false"/>
						<line number="167" hits="0" branch="true" condition-coverage="0% (0/4)">
							<conditions>
								<condition number="0" type="jump" coverage="0%"/>
								<condition number="1" type="jump" coverage="0%"/>
							</conditions>
						</line>
						<line number="168" hits="0" branch="false"/>
						<line number="170" hits="0" branch="false"/>
						<line number="172" hits="0" branch="true" condition-coverage="0% (0/4)">
							<conditions>
								<condition number="0" type="jump" coverage="0%"/>
								<condition number="1" type="jump" coverage="0%"/>
							</conditions>
						</line>
						<line number="173" hits="0" branch="true" condition-coverage="0% (0/2)">
							<conditions>
								<condition number="0" type="jump" coverage="0%"/>
							</conditions>
						</line>
						<line number="175" hits="0" branch="false"/>
						<line number="177" hits="0" branch="false"/>
						<line number="178" hits="0" branch="true" condition-coverage="0% (0/4)">
							<conditions>
								<condition number="0" type="jump" coverage="0%"/>
								<condition number="1" type="jump" coverage="0%"/>
							</conditions>
						</line>
						<line number="179" hits="0" branch="false"/>
						<line number="181" hits="0" branch="false"/>
					</lines>
				</class>
				<class name="org.javautil.web.HttpResponseUtils" filename="org/javautil/web/HttpResponseUtils.java" line-rate="0.0" branch-rate="0.0" complexity="2.5">
					<methods>
						<method name="&lt;init&gt;" signature="()V" line-rate="0.0" branch-rate="1.0">
							<lines>
								<line number="5" hits="0" branch="false"/>
							</lines>
						</method>
						<method name="getContentTypeForExtension" signature="(Ljava/lang/String;)Ljava/lang/String;" line-rate="0.0" branch-rate="0.0">
							<lines>
								<line number="25" hits="0" branch="false"/>
								<line number="26" hits="0" branch="false"/>
								<line number="27" hits="0" branch="true" condition-coverage="0% (0/2)">
									<conditions>
										<condition number="0" type="jump" coverage="0%"/>
									</conditions>
								</line>
								<line number="28" hits="0" branch="false"/>
								<line number="29" hits="0" branch="true" condition-coverage="0% (0/2)">
									<conditions>
										<condition number="0" type="jump" coverage="0%"/>
									</conditions>
								</line>
								<line number="30" hits="0" branch="false"/>
								<line number="31" hits="0" branch="true" condition-coverage="0% (0/2)">
									<conditions>
										<condition number="0" type="jump" coverage="0%"/>
									</conditions>
								</line>
								<line number="32" hits="0" branch="false"/>
								<line number="34" hits="0" branch="false"/>
							</lines>
						</method>
						<method name="getContentTypeForFilename" signature="(Ljava/lang/String;)Ljava/lang/String;" line-rate="0.0" branch-rate="0.0">
							<lines>
								<line number="38" hits="0" branch="false"/>
								<line number="39" hits="0" branch="true" condition-coverage="0% (0/2)">
									<conditions>
										<condition number="0" type="jump" coverage="0%"/>
									</conditions>
								</line>
								<line number="40" hits="0" branch="false"/>
								<line number="41" hits="0" branch="false"/>
								<line number="42" hits="0" branch="false"/>
								<line number="44" hits="0" branch="true" condition-coverage="0% (0/2)">
									<conditions>
										<condition number="0" type="jump" coverage="0%"/>
									</conditions>
								</line>
								<line number="45" hits="0" branch="false"/>
								<line number="47" hits="0" branch="false"/>
							</lines>
						</method>
						<method name="setDownloadHeaders" signature="(Ljavax/servlet/http/HttpServletResponse;Ljava/lang/String;Ljava/lang/Number;)V" line-rate="0.0" branch-rate="0.0">
							<lines>
								<line number="15" hits="0" branch="false"/>
								<line number="16" hits="0" branch="false"/>
								<line number="17" hits="0" branch="false"/>
								<line number="18" hits="0" branch="false"/>
								<line number="19" hits="0" branch="true" condition-coverage="0% (0/2)">
									<conditions>
										<condition number="0" type="jump" coverage="0%"/>
									</conditions>
								</line>
								<line number="20" hits="0" branch="false"/>
								<line number="22" hits="0" branch="false"/>
							</lines>
						</method>
						<method name="setNoCacheHeaders" signature="(Ljavax/servlet/http/HttpServletResponse;)V" line-rate="0.0" branch-rate="1.0">
							<lines>
								<line number="51" hits="0" branch="false"/>
								<line number="52" hits="0" branch="false"/>
								<line number="53" hits="0" branch="false"/>
								<line number="54" hits="0" branch="false"/>
							</lines>
						</method>
					</methods>
					<lines>
						<line number="5" hits="0" branch="false"/>
						<line number="15" hits="0" branch="false"/>
						<line number="16" hits="0" branch="false"/>
						<line number="17" hits="0" branch="false"/>
						<line number="18" hits="0" branch="false"/>
						<line number="19" hits="0" branch="true" condition-coverage="0% (0/2)">
							<conditions>
								<condition number="0" type="jump" coverage="0%"/>
							</conditions>
						</line>
						<line number="20" hits="0" branch="false"/>
						<line number="22" hits="0" branch="false"/>
						<line number="25" hits="0" branch="false"/>
						<line number="26" hits="0" branch="false"/>
						<line number="27" hits="0" branch="true" condition-coverage="0% (0/2)">
							<conditions>
								<condition number="0" type="jump" coverage="0%"/>
							</conditions>
						</line>
						<line number="28" hits="0" branch="false"/>
						<line number="29" hits="0" branch="true" condition-coverage="0% (0/2)">
							<conditions>
								<condition number="0" type="jump" coverage="0%"/>
							</conditions>
						</line>
						<line number="30" hits="0" branch="false"/>
						<line number="31" hits="0" branch="true" condition-coverage="0% (0/2)">
							<conditions>
								<condition number="0" type="jump" coverage="0%"/>
							</conditions>
						</line>
						<line number="32" hits="0" branch="false"/>
						<line number="34" hits="0" branch="false"/>
						<line number="38" hits="0" branch="false"/>
						<line number="39" hits="0" branch="true" condition-coverage="0% (0/2)">
							<conditions>
								<condition number="0" type="jump" coverage="0%"/>
							</conditions>
						</line>
						<line number="40" hits="0" branch="false"/>
						<line number="41" hits="0" branch="false"/>
						<line number="42" hits="0" branch="false"/>
						<line number="44" hits="0" branch="true" condition-coverage="0% (0/2)">
							<conditions>
								<condition number="0" type="jump" coverage="0%"/>
							</conditions>
						</line>
						<line number="45" hits="0" branch="false"/>
						<line number="47" hits="0" branch="false"/>
						<line number="51" hits="0" branch="false"/>
						<line number="52" hits="0" branch="false"/>
						<line number="53" hits="0" branch="false"/>
						<line number="54" hits="0" branch="false"/>
					</lines>
				</class>
				<class name="org.javautil.web.RedirectingServletResponse" filename="org/javautil/web/RedirectingServletResponse.java" line-rate="0.0" branch-rate="0.0" complexity="1.2222222222222223">
					<methods>
						<method name="&lt;init&gt;" signature="(Ljavax/servlet/http/HttpServletResponse;Ljava/io/OutputStream;)V" line-rate="0.0" branch-rate="1.0">
							<lines>
								<line number="29" hits="0" branch="false"/>
								<line number="30" hits="0" branch="false"/>
								<line number="31" hits="0" branch="false"/>
								<line number="32" hits="0" branch="false"/>
							</lines>
						</method>
						<method name="&lt;init&gt;" signature="(Ljavax/servlet/http/HttpServletResponse;Ljava/io/Writer;)V" line-rate="0.0" branch-rate="1.0">
							<lines>
								<line number="36" hits="0" branch="false"/>
								<line number="37" hits="0" branch="false"/>
								<line number="38" hits="0" branch="false"/>
							</lines>
						</method>
						<method name="flushBuffer" signature="()V" line-rate="0.0" branch-rate="0.0">
							<lines>
								<line number="47" hits="0" branch="true" condition-coverage="0% (0/2)">
									<conditions>
										<condition number="0" type="jump" coverage="0%"/>
									</conditions>
								</line>
								<line number="48" hits="0" branch="false"/>
								<line number="49" hits="0" branch="true" condition-coverage="0% (0/2)">
									<conditions>
										<condition number="0" type="jump" coverage="0%"/>
									</conditions>
								</line>
								<line number="50" hits="0" branch="false"/>
								<line number="52" hits="0" branch="false"/>
							</lines>
						</method>
						<method name="getOutputStream" signature="()Ljavax/servlet/ServletOutputStream;" line-rate="0.0" branch-rate="1.0">
							<lines>
								<line number="61" hits="0" branch="false"/>
							</lines>
						</method>
						<method name="getWriter" signature="()Ljava/io/PrintWriter;" line-rate="0.0" branch-rate="1.0">
							<lines>
								<line number="71" hits="0" branch="false"/>
							</lines>
						</method>
					</methods>
					<lines>
						<line number="29" hits="0" branch="false"/>
						<line number="30" hits="0" branch="false"/>
						<line number="31" hits="0" branch="false"/>
						<line number="32" hits="0" branch="false"/>
						<line number="36" hits="0" branch="false"/>
						<line number="37" hits="0" branch="false"/>
						<line number="38" hits="0" branch="false"/>
						<line number="47" hits="0" branch="true" condition-coverage="0% (0/2)">
							<conditions>
								<condition number="0" type="jump" coverage="0%"/>
							</conditions>
						</line>
						<line number="48" hits="0" branch="false"/>
						<line number="49" hits="0" branch="true" condition-coverage="0% (0/2)">
							<conditions>
								<condition number="0" type="jump" coverage="0%"/>
							</conditions>
						</line>
						<line number="50" hits="0" branch="false"/>
						<line number="52" hits="0" branch="false"/>
						<line number="61" hits="0" branch="false"/>
						<line number="71" hits="0" branch="false"/>
					</lines>
				</class>
				<class name="org.javautil.web.RedirectingServletResponse$RedirectServletStream" filename="org/javautil/web/RedirectingServletResponse.java" line-rate="0.0" branch-rate="1.0" complexity="1.2222222222222223">
					<methods>
						<method name="&lt;init&gt;" signature="(Ljava/io/OutputStream;)V" line-rate="0.0" branch-rate="1.0">
							<lines>
								<line number="77" hits="0" branch="false"/>
								<line number="78" hits="0" branch="false"/>
								<line number="79" hits="0" branch="false"/>
							</lines>
						</method>
						<method name="write" signature="(I)V" line-rate="0.0" branch-rate="1.0">
							<lines>
								<line number="94" hits="0" branch="false"/>
								<line number="95" hits="0" branch="false"/>
							</lines>
						</method>
						<method name="write" signature="([B)V" line-rate="0.0" branch-rate="1.0">
							<lines>
								<line number="83" hits="0" branch="false"/>
								<line number="84" hits="0" branch="false"/>
							</lines>
						</method>
						<method name="write" signature="([BII)V" line-rate="0.0" branch-rate="1.0">
							<lines>
								<line number="89" hits="0" branch="false"/>
								<line number="90" hits="0" branch="false"/>
							</lines>
						</method>
					</methods>
					<lines>
						<line number="77" hits="0" branch="false"/>
						<line number="78" hits="0" branch="false"/>
						<line number="79" hits="0" branch="false"/>
						<line number="83" hits="0" branch="false"/>
						<line number="84" hits="0" branch="false"/>
						<line number="89" hits="0" branch="false"/>
						<line number="90" hits="0" branch="false"/>
						<line number="94" hits="0" branch="false"/>
						<line number="95" hits="0" branch="false"/>
					</lines>
				</class>
				<class name="org.javautil.web.package-info" filename="org/javautil/web/package-info.java" line-rate="1.0" branch-rate="1.0" complexity="0.0">
					<methods>
					</methods>
					<lines>
					</lines>
				</class>
			</classes>
		</package>
	</packages>
</coverage>
