<?xml version="1.0"?>
<!DOCTYPE coverage SYSTEM "http://cobertura.sourceforge.net/xml/coverage-04.dtd">

<coverage line-rate="0.07188841201716738" branch-rate="0.0985691573926868" lines-covered="134" lines-valid="1864" branches-covered="62" branches-valid="629" complexity="2.556122448979592" version="1.9.4.1" timestamp="1333932695040">
	<sources>
		<source>--source</source>
		<source>/common/home/jjs/workspace/javautil-poi/src/main/java</source>
	</sources>
	<packages>
		<package name="org.javautil.poi" line-rate="8.936550491510277E-4" branch-rate="0.0" complexity="3.268421052631579">
			<classes>
				<class name="org.javautil.poi.AbstractSheetRenderer" filename="org/javautil/poi/AbstractSheetRenderer.java" line-rate="0.0" branch-rate="0.0" complexity="1.8125">
					<methods>
						<method name="&lt;init&gt;" signature="()V" line-rate="0.0" branch-rate="1.0">
							<lines>
								<line number="50" hits="0" branch="false"/>
								<line number="52" hits="0" branch="false"/>
							</lines>
						</method>
						<method name="&lt;init&gt;" signature="(Lorg/apache/poi/hssf/usermodel/HSSFWorkbook;)V" line-rate="0.0" branch-rate="0.0">
							<lines>
								<line number="34" hits="0" branch="false"/>
								<line number="42" hits="0" branch="false"/>
								<line number="54" hits="0" branch="false"/>
								<line number="55" hits="0" branch="true" condition-coverage="0% (0/2)">
									<conditions>
										<condition number="0" type="jump" coverage="0%"/>
									</conditions>
								</line>
								<line number="56" hits="0" branch="false"/>
								<line number="58" hits="0" branch="false"/>
								<line number="59" hits="0" branch="false"/>
								<line number="60" hits="0" branch="false"/>
								<line number="63" hits="0" branch="false"/>
							</lines>
						</method>
						<method name="addCell" signature="(Ljava/lang/Object;ILorg/apache/poi/hssf/usermodel/HSSFCellStyle;)V" line-rate="0.0" branch-rate="1.0">
							<lines>
								<line number="210" hits="0" branch="false"/>
								<line number="211" hits="0" branch="false"/>
								<line number="212" hits="0" branch="false"/>
							</lines>
						</method>
						<method name="addCell" signature="(Ljava/lang/Object;Lorg/apache/poi/hssf/usermodel/HSSFCellStyle;)V" line-rate="0.0" branch-rate="0.0">
							<lines>
								<line number="196" hits="0" branch="true" condition-coverage="0% (0/2)">
									<conditions>
										<condition number="0" type="jump" coverage="0%"/>
									</conditions>
								</line>
								<line number="197" hits="0" branch="false"/>
								<line number="199" hits="0" branch="false"/>
								<line number="200" hits="0" branch="false"/>
								<line number="201" hits="0" branch="true" condition-coverage="0% (0/2)">
									<conditions>
										<condition number="0" type="jump" coverage="0%"/>
									</conditions>
								</line>
								<line number="202" hits="0" branch="false"/>
								<line number="204" hits="0" branch="false"/>
								<line number="205" hits="0" branch="false"/>
							</lines>
						</method>
						<method name="addFormulaCell" signature="(Ljava/lang/String;Ljava/util/Map;Ljava/lang/String;II)Lorg/apache/poi/hssf/usermodel/HSSFCell;" line-rate="0.0" branch-rate="0.0">
							<lines>
								<line number="357" hits="0" branch="true" condition-coverage="0% (0/4)">
									<conditions>
										<condition number="0" type="jump" coverage="0%"/>
										<condition number="1" type="jump" coverage="0%"/>
									</conditions>
								</line>
								<line number="358" hits="0" branch="false"/>
								<line number="361" hits="0" branch="false"/>
								<line number="362" hits="0" branch="false"/>
								<line number="363" hits="0" branch="false"/>
								<line number="365" hits="0" branch="false"/>
								<line number="366" hits="0" branch="false"/>
								<line number="367" hits="0" branch="false"/>
								<line number="368" hits="0" branch="false"/>
								<line number="369" hits="0" branch="false"/>
								<line number="370" hits="0" branch="false"/>
								<line number="372" hits="0" branch="false"/>
								<line number="373" hits="0" branch="false"/>
								<line number="374" hits="0" branch="false"/>
								<line number="375" hits="0" branch="false"/>
								<line number="376" hits="0" branch="false"/>
								<line number="377" hits="0" branch="false"/>
								<line number="378" hits="0" branch="false"/>
								<line number="379" hits="0" branch="false"/>
								<line number="382" hits="0" branch="false"/>
							</lines>
						</method>
						<method name="addFormulaCell" signature="(Ljava/lang/String;Lorg/apache/poi/hssf/usermodel/HSSFCellStyle;)V" line-rate="0.0" branch-rate="0.0">
							<lines>
								<line number="255" hits="0" branch="false"/>
								<line number="256" hits="0" branch="false"/>
								<line number="257" hits="0" branch="false"/>
								<line number="258" hits="0" branch="true" condition-coverage="0% (0/2)">
									<conditions>
										<condition number="0" type="jump" coverage="0%"/>
									</conditions>
								</line>
								<line number="259" hits="0" branch="false"/>
								<line number="261" hits="0" branch="false"/>
								<line number="263" hits="0" branch="false"/>
							</lines>
						</method>
						<method name="addMergedRegion" signature="(Lorg/apache/poi/hssf/util/CellRangeAddress;)V" line-rate="0.0" branch-rate="1.0">
							<lines>
								<line number="337" hits="0" branch="false"/>
								<line number="339" hits="0" branch="false"/>
							</lines>
						</method>
						<method name="addRow" signature="()Lorg/apache/poi/hssf/usermodel/HSSFRow;" line-rate="0.0" branch-rate="0.0">
							<lines>
								<line number="119" hits="0" branch="true" condition-coverage="0% (0/2)">
									<conditions>
										<condition number="0" type="jump" coverage="0%"/>
									</conditions>
								</line>
								<line number="120" hits="0" branch="false"/>
								<line number="122" hits="0" branch="false"/>
								<line number="123" hits="0" branch="false"/>
								<line number="124" hits="0" branch="false"/>
								<line number="125" hits="0" branch="false"/>
							</lines>
						</method>
						<method name="addRow" signature="(I)V" line-rate="0.0" branch-rate="0.0">
							<lines>
								<line number="112" hits="0" branch="true" condition-coverage="0% (0/2)">
									<conditions>
										<condition number="0" type="jump" coverage="0%"/>
									</conditions>
								</line>
								<line number="113" hits="0" branch="false"/>
								<line number="115" hits="0" branch="false"/>
							</lines>
						</method>
						<method name="createFreezePaneRow" signature="()V" line-rate="0.0" branch-rate="1.0">
							<lines>
								<line number="182" hits="0" branch="false"/>
								<line number="184" hits="0" branch="false"/>
							</lines>
						</method>
						<method name="createSheet" signature="(Ljava/lang/String;)Lorg/apache/poi/hssf/usermodel/HSSFSheet;" line-rate="0.0" branch-rate="1.0">
							<lines>
								<line number="94" hits="0" branch="false"/>
								<line number="95" hits="0" branch="false"/>
								<line number="96" hits="0" branch="false"/>
								<line number="97" hits="0" branch="false"/>
								<line number="98" hits="0" branch="false"/>
								<line number="99" hits="0" branch="false"/>
							</lines>
						</method>
						<method name="createSheet" signature="(Ljava/lang/String;Lorg/javautil/poi/style/HSSFCellStyleFactory;)Lorg/apache/poi/hssf/usermodel/HSSFSheet;" line-rate="0.0" branch-rate="1.0">
							<lines>
								<line number="105" hits="0" branch="false"/>
								<line number="106" hits="0" branch="false"/>
								<line number="107" hits="0" branch="false"/>
							</lines>
						</method>
						<method name="createStyle" signature="(Ljava/lang/String;)Lorg/apache/poi/hssf/usermodel/HSSFCellStyle;" line-rate="0.0" branch-rate="1.0">
							<lines>
								<line number="148" hits="0" branch="false"/>
								<line number="149" hits="0" branch="false"/>
								<line number="150" hits="0" branch="false"/>
							</lines>
						</method>
						<method name="emitHeaders" signature="(Ljava/util/List;Lorg/javautil/document/style/Style;)V" line-rate="0.0" branch-rate="0.0">
							<lines>
								<line number="309" hits="0" branch="false"/>
								<line number="310" hits="0" branch="true" condition-coverage="0% (0/2)">
									<conditions>
										<condition number="0" type="jump" coverage="0%"/>
									</conditions>
								</line>
								<line number="312" hits="0" branch="false"/>
								<line number="313" hits="0" branch="false"/>
								<line number="314" hits="0" branch="false"/>
								<line number="315" hits="0" branch="false"/>
								<line number="316" hits="0" branch="true" condition-coverage="0% (0/2)">
									<conditions>
										<condition number="0" type="jump" coverage="0%"/>
									</conditions>
								</line>
								<line number="317" hits="0" branch="false"/>
								<line number="318" hits="0" branch="false"/>
								<line number="320" hits="0" branch="false"/>
								<line number="323" hits="0" branch="false"/>
							</lines>
						</method>
						<method name="getColumnIndex" signature="()S" line-rate="0.0" branch-rate="1.0">
							<lines>
								<line number="248" hits="0" branch="false"/>
							</lines>
						</method>
						<method name="getDateStyle" signature="()Lorg/apache/poi/hssf/usermodel/HSSFCellStyle;" line-rate="0.0" branch-rate="1.0">
							<lines>
								<line number="329" hits="0" branch="false"/>
							</lines>
						</method>
						<method name="getDateStyleFormat" signature="()Ljava/lang/String;" line-rate="0.0" branch-rate="1.0">
							<lines>
								<line number="157" hits="0" branch="false"/>
							</lines>
						</method>
						<method name="getRowIndex" signature="()S" line-rate="0.0" branch-rate="1.0">
							<lines>
								<line number="243" hits="0" branch="false"/>
							</lines>
						</method>
						<method name="getSheet" signature="()Lorg/apache/poi/hssf/usermodel/HSSFSheet;" line-rate="0.0" branch-rate="1.0">
							<lines>
								<line number="333" hits="0" branch="false"/>
							</lines>
						</method>
						<method name="getSheetHelper" signature="()Lorg/javautil/poi/SheetStyleHelper;" line-rate="0.0" branch-rate="1.0">
							<lines>
								<line number="394" hits="0" branch="false"/>
							</lines>
						</method>
						<method name="getStyle" signature="(Lorg/javautil/document/style/Style;Ljava/lang/String;Ljava/lang/String;)Lorg/javautil/document/style/Style;" line-rate="0.0" branch-rate="1.0">
							<lines>
								<line number="277" hits="0" branch="false"/>
								<line number="278" hits="0" branch="false"/>
								<line number="279" hits="0" branch="false"/>
								<line number="280" hits="0" branch="false"/>
								<line number="281" hits="0" branch="false"/>
								<line number="282" hits="0" branch="false"/>
								<line number="283" hits="0" branch="false"/>
							</lines>
						</method>
						<method name="getStyle" signature="(Lorg/javautil/document/style/Style;Ljava/lang/String;Lorg/javautil/document/style/HorizontalAlignment;)Lorg/javautil/document/style/Style;" line-rate="0.0" branch-rate="1.0">
							<lines>
								<line number="298" hits="0" branch="false"/>
								<line number="299" hits="0" branch="false"/>
								<line number="300" hits="0" branch="false"/>
								<line number="301" hits="0" branch="false"/>
								<line number="302" hits="0" branch="false"/>
							</lines>
						</method>
						<method name="getStyleFactory" signature="()Lorg/javautil/poi/style/HSSFCellStyleFactory;" line-rate="0.0" branch-rate="0.0">
							<lines>
								<line number="387" hits="0" branch="true" condition-coverage="0% (0/2)">
									<conditions>
										<condition number="0" type="jump" coverage="0%"/>
									</conditions>
								</line>
								<line number="388" hits="0" branch="false"/>
								<line number="390" hits="0" branch="false"/>
							</lines>
						</method>
						<method name="getWorkbook" signature="()Lorg/apache/poi/hssf/usermodel/HSSFWorkbook;" line-rate="0.0" branch-rate="0.0">
							<lines>
								<line number="188" hits="0" branch="true" condition-coverage="0% (0/2)">
									<conditions>
										<condition number="0" type="jump" coverage="0%"/>
									</conditions>
								</line>
								<line number="189" hits="0" branch="false"/>
								<line number="191" hits="0" branch="false"/>
							</lines>
						</method>
						<method name="setCellData" signature="(Lorg/apache/poi/hssf/usermodel/HSSFCell;Ljava/lang/Object;)V" line-rate="0.0" branch-rate="0.0">
							<lines>
								<line number="215" hits="0" branch="true" condition-coverage="0% (0/2)">
									<conditions>
										<condition number="0" type="jump" coverage="0%"/>
									</conditions>
								</line>
								<line number="220" hits="0" branch="true" condition-coverage="0% (0/2)">
									<conditions>
										<condition number="0" type="jump" coverage="0%"/>
									</conditions>
								</line>
								<line number="221" hits="0" branch="false"/>
								<line number="222" hits="0" branch="false"/>
								<line number="225" hits="0" branch="true" condition-coverage="0% (0/2)">
									<conditions>
										<condition number="0" type="jump" coverage="0%"/>
									</conditions>
								</line>
								<line number="226" hits="0" branch="false"/>
								<line number="227" hits="0" branch="true" condition-coverage="0% (0/2)">
									<conditions>
										<condition number="0" type="jump" coverage="0%"/>
									</conditions>
								</line>
								<line number="228" hits="0" branch="false"/>
								<line number="232" hits="0" branch="false"/>
								<line number="234" hits="0" branch="false"/>
							</lines>
						</method>
						<method name="setColumnWidth" signature="(I)V" line-rate="0.0" branch-rate="1.0">
							<lines>
								<line number="144" hits="0" branch="false"/>
								<line number="145" hits="0" branch="false"/>
							</lines>
						</method>
						<method name="setColumnWidth" signature="(II)V" line-rate="0.0" branch-rate="0.0">
							<lines>
								<line number="135" hits="0" branch="false"/>
								<line number="136" hits="0" branch="false"/>
								<line number="137" hits="0" branch="true" condition-coverage="0% (0/2)">
									<conditions>
										<condition number="0" type="jump" coverage="0%"/>
									</conditions>
								</line>
								<line number="138" hits="0" branch="false"/>
								<line number="139" hits="0" branch="false"/>
								<line number="140" hits="0" branch="false"/>
							</lines>
						</method>
						<method name="setPreviousColumnWidth" signature="(I)V" line-rate="0.0" branch-rate="1.0">
							<lines>
								<line number="164" hits="0" branch="false"/>
								<line number="166" hits="0" branch="false"/>
							</lines>
						</method>
						<method name="setRowHeight" signature="(I)V" line-rate="0.0" branch-rate="1.0">
							<lines>
								<line number="130" hits="0" branch="false"/>
								<line number="131" hits="0" branch="false"/>
							</lines>
						</method>
						<method name="setSheetHelper" signature="(Lorg/javautil/poi/SheetStyleHelper;)V" line-rate="0.0" branch-rate="1.0">
							<lines>
								<line number="398" hits="0" branch="false"/>
								<line number="399" hits="0" branch="false"/>
							</lines>
						</method>
						<method name="setStyleFactory" signature="(Lorg/javautil/poi/style/HSSFCellStyleFactory;)V" line-rate="0.0" branch-rate="1.0">
							<lines>
								<line number="342" hits="0" branch="false"/>
								<line number="344" hits="0" branch="false"/>
							</lines>
						</method>
						<method name="setWorkbook" signature="(Lorg/apache/poi/hssf/usermodel/HSSFWorkbook;)V" line-rate="0.0" branch-rate="1.0">
							<lines>
								<line number="237" hits="0" branch="false"/>
								<line number="239" hits="0" branch="false"/>
							</lines>
						</method>
					</methods>
					<lines>
						<line number="34" hits="0" branch="false"/>
						<line number="42" hits="0" branch="false"/>
						<line number="50" hits="0" branch="false"/>
						<line number="52" hits="0" branch="false"/>
						<line number="54" hits="0" branch="false"/>
						<line number="55" hits="0" branch="true" condition-coverage="0% (0/2)">
							<conditions>
								<condition number="0" type="jump" coverage="0%"/>
							</conditions>
						</line>
						<line number="56" hits="0" branch="false"/>
						<line number="58" hits="0" branch="false"/>
						<line number="59" hits="0" branch="false"/>
						<line number="60" hits="0" branch="false"/>
						<line number="63" hits="0" branch="false"/>
						<line number="94" hits="0" branch="false"/>
						<line number="95" hits="0" branch="false"/>
						<line number="96" hits="0" branch="false"/>
						<line number="97" hits="0" branch="false"/>
						<line number="98" hits="0" branch="false"/>
						<line number="99" hits="0" branch="false"/>
						<line number="105" hits="0" branch="false"/>
						<line number="106" hits="0" branch="false"/>
						<line number="107" hits="0" branch="false"/>
						<line number="112" hits="0" branch="true" condition-coverage="0% (0/2)">
							<conditions>
								<condition number="0" type="jump" coverage="0%"/>
							</conditions>
						</line>
						<line number="113" hits="0" branch="false"/>
						<line number="115" hits="0" branch="false"/>
						<line number="119" hits="0" branch="true" condition-coverage="0% (0/2)">
							<conditions>
								<condition number="0" type="jump" coverage="0%"/>
							</conditions>
						</line>
						<line number="120" hits="0" branch="false"/>
						<line number="122" hits="0" branch="false"/>
						<line number="123" hits="0" branch="false"/>
						<line number="124" hits="0" branch="false"/>
						<line number="125" hits="0" branch="false"/>
						<line number="130" hits="0" branch="false"/>
						<line number="131" hits="0" branch="false"/>
						<line number="135" hits="0" branch="false"/>
						<line number="136" hits="0" branch="false"/>
						<line number="137" hits="0" branch="true" condition-coverage="0% (0/2)">
							<conditions>
								<condition number="0" type="jump" coverage="0%"/>
							</conditions>
						</line>
						<line number="138" hits="0" branch="false"/>
						<line number="139" hits="0" branch="false"/>
						<line number="140" hits="0" branch="false"/>
						<line number="144" hits="0" branch="false"/>
						<line number="145" hits="0" branch="false"/>
						<line number="148" hits="0" branch="false"/>
						<line number="149" hits="0" branch="false"/>
						<line number="150" hits="0" branch="false"/>
						<line number="157" hits="0" branch="false"/>
						<line number="164" hits="0" branch="false"/>
						<line number="166" hits="0" branch="false"/>
						<line number="182" hits="0" branch="false"/>
						<line number="184" hits="0" branch="false"/>
						<line number="188" hits="0" branch="true" condition-coverage="0% (0/2)">
							<conditions>
								<condition number="0" type="jump" coverage="0%"/>
							</conditions>
						</line>
						<line number="189" hits="0" branch="false"/>
						<line number="191" hits="0" branch="false"/>
						<line number="196" hits="0" branch="true" condition-coverage="0% (0/2)">
							<conditions>
								<condition number="0" type="jump" coverage="0%"/>
							</conditions>
						</line>
						<line number="197" hits="0" branch="false"/>
						<line number="199" hits="0" branch="false"/>
						<line number="200" hits="0" branch="false"/>
						<line number="201" hits="0" branch="true" condition-coverage="0% (0/2)">
							<conditions>
								<condition number="0" type="jump" coverage="0%"/>
							</conditions>
						</line>
						<line number="202" hits="0" branch="false"/>
						<line number="204" hits="0" branch="false"/>
						<line number="205" hits="0" branch="false"/>
						<line number="210" hits="0" branch="false"/>
						<line number="211" hits="0" branch="false"/>
						<line number="212" hits="0" branch="false"/>
						<line number="215" hits="0" branch="true" condition-coverage="0% (0/2)">
							<conditions>
								<condition number="0" type="jump" coverage="0%"/>
							</conditions>
						</line>
						<line number="220" hits="0" branch="true" condition-coverage="0% (0/2)">
							<conditions>
								<condition number="0" type="jump" coverage="0%"/>
							</conditions>
						</line>
						<line number="221" hits="0" branch="false"/>
						<line number="222" hits="0" branch="false"/>
						<line number="225" hits="0" branch="true" condition-coverage="0% (0/2)">
							<conditions>
								<condition number="0" type="jump" coverage="0%"/>
							</conditions>
						</line>
						<line number="226" hits="0" branch="false"/>
						<line number="227" hits="0" branch="true" condition-coverage="0% (0/2)">
							<conditions>
								<condition number="0" type="jump" coverage="0%"/>
							</conditions>
						</line>
						<line number="228" hits="0" branch="false"/>
						<line number="232" hits="0" branch="false"/>
						<line number="234" hits="0" branch="false"/>
						<line number="237" hits="0" branch="false"/>
						<line number="239" hits="0" branch="false"/>
						<line number="243" hits="0" branch="false"/>
						<line number="248" hits="0" branch="false"/>
						<line number="255" hits="0" branch="false"/>
						<line number="256" hits="0" branch="false"/>
						<line number="257" hits="0" branch="false"/>
						<line number="258" hits="0" branch="true" condition-coverage="0% (0/2)">
							<conditions>
								<condition number="0" type="jump" coverage="0%"/>
							</conditions>
						</line>
						<line number="259" hits="0" branch="false"/>
						<line number="261" hits="0" branch="false"/>
						<line number="263" hits="0" branch="false"/>
						<line number="277" hits="0" branch="false"/>
						<line number="278" hits="0" branch="false"/>
						<line number="279" hits="0" branch="false"/>
						<line number="280" hits="0" branch="false"/>
						<line number="281" hits="0" branch="false"/>
						<line number="282" hits="0" branch="false"/>
						<line number="283" hits="0" branch="false"/>
						<line number="298" hits="0" branch="false"/>
						<line number="299" hits="0" branch="false"/>
						<line number="300" hits="0" branch="false"/>
						<line number="301" hits="0" branch="false"/>
						<line number="302" hits="0" branch="false"/>
						<line number="309" hits="0" branch="false"/>
						<line number="310" hits="0" branch="true" condition-coverage="0% (0/2)">
							<conditions>
								<condition number="0" type="jump" coverage="0%"/>
							</conditions>
						</line>
						<line number="312" hits="0" branch="false"/>
						<line number="313" hits="0" branch="false"/>
						<line number="314" hits="0" branch="false"/>
						<line number="315" hits="0" branch="false"/>
						<line number="316" hits="0" branch="true" condition-coverage="0% (0/2)">
							<conditions>
								<condition number="0" type="jump" coverage="0%"/>
							</conditions>
						</line>
						<line number="317" hits="0" branch="false"/>
						<line number="318" hits="0" branch="false"/>
						<line number="320" hits="0" branch="false"/>
						<line number="323" hits="0" branch="false"/>
						<line number="329" hits="0" branch="false"/>
						<line number="333" hits="0" branch="false"/>
						<line number="337" hits="0" branch="false"/>
						<line number="339" hits="0" branch="false"/>
						<line number="342" hits="0" branch="false"/>
						<line number="344" hits="0" branch="false"/>
						<line number="357" hits="0" branch="true" condition-coverage="0% (0/4)">
							<conditions>
								<condition number="0" type="jump" coverage="0%"/>
								<condition number="1" type="jump" coverage="0%"/>
							</conditions>
						</line>
						<line number="358" hits="0" branch="false"/>
						<line number="361" hits="0" branch="false"/>
						<line number="362" hits="0" branch="false"/>
						<line number="363" hits="0" branch="false"/>
						<line number="365" hits="0" branch="false"/>
						<line number="366" hits="0" branch="false"/>
						<line number="367" hits="0" branch="false"/>
						<line number="368" hits="0" branch="false"/>
						<line number="369" hits="0" branch="false"/>
						<line number="370" hits="0" branch="false"/>
						<line number="372" hits="0" branch="false"/>
						<line number="373" hits="0" branch="false"/>
						<line number="374" hits="0" branch="false"/>
						<line number="375" hits="0" branch="false"/>
						<line number="376" hits="0" branch="false"/>
						<line number="377" hits="0" branch="false"/>
						<line number="378" hits="0" branch="false"/>
						<line number="379" hits="0" branch="false"/>
						<line number="382" hits="0" branch="false"/>
						<line number="387" hits="0" branch="true" condition-coverage="0% (0/2)">
							<conditions>
								<condition number="0" type="jump" coverage="0%"/>
							</conditions>
						</line>
						<line number="388" hits="0" branch="false"/>
						<line number="390" hits="0" branch="false"/>
						<line number="394" hits="0" branch="false"/>
						<line number="398" hits="0" branch="false"/>
						<line number="399" hits="0" branch="false"/>
					</lines>
				</class>
				<class name="org.javautil.poi.AbstractWorkbookRenderer" filename="org/javautil/poi/AbstractWorkbookRenderer.java" line-rate="0.0" branch-rate="1.0" complexity="1.0">
					<methods>
						<method name="&lt;init&gt;" signature="(Lorg/apache/poi/hssf/usermodel/HSSFWorkbook;)V" line-rate="0.0" branch-rate="1.0">
							<lines>
								<line number="9" hits="0" branch="false"/>
								<line number="10" hits="0" branch="false"/>
							</lines>
						</method>
					</methods>
					<lines>
						<line number="9" hits="0" branch="false"/>
						<line number="10" hits="0" branch="false"/>
					</lines>
				</class>
				<class name="org.javautil.poi.App" filename="org/javautil/poi/App.java" line-rate="0.0" branch-rate="1.0" complexity="1.0">
					<methods>
						<method name="&lt;init&gt;" signature="()V" line-rate="0.0" branch-rate="1.0">
							<lines>
								<line number="7" hits="0" branch="false"/>
							</lines>
						</method>
						<method name="main" signature="([Ljava/lang/String;)V" line-rate="0.0" branch-rate="1.0">
							<lines>
								<line number="9" hits="0" branch="false"/>
								<line number="10" hits="0" branch="false"/>
							</lines>
						</method>
					</methods>
					<lines>
						<line number="7" hits="0" branch="false"/>
						<line number="9" hits="0" branch="false"/>
						<line number="10" hits="0" branch="false"/>
					</lines>
				</class>
				<class name="org.javautil.poi.CellEvaluator" filename="org/javautil/poi/CellEvaluator.java" line-rate="1.0" branch-rate="1.0" complexity="1.0">
					<methods>
					</methods>
					<lines>
					</lines>
				</class>
				<class name="org.javautil.poi.CellEvaluatorImpl" filename="org/javautil/poi/CellEvaluatorImpl.java" line-rate="0.0" branch-rate="0.0" complexity="1.3846153846153846">
					<methods>
						<method name="&lt;init&gt;" signature="(Lorg/apache/poi/hssf/usermodel/HSSFCell;)V" line-rate="0.0" branch-rate="1.0">
							<lines>
								<line number="13" hits="0" branch="false"/>
								<line number="14" hits="0" branch="false"/>
								<line number="15" hits="0" branch="false"/>
							</lines>
						</method>
						<method name="checkCell" signature="()V" line-rate="0.0" branch-rate="0.0">
							<lines>
								<line number="71" hits="0" branch="true" condition-coverage="0% (0/2)">
									<conditions>
										<condition number="0" type="jump" coverage="0%"/>
									</conditions>
								</line>
								<line number="72" hits="0" branch="false"/>
								<line number="75" hits="0" branch="false"/>
							</lines>
						</method>
						<method name="checkCell" signature="(Lorg/apache/poi/hssf/usermodel/HSSFCell;)V" line-rate="0.0" branch-rate="0.0">
							<lines>
								<line number="65" hits="0" branch="true" condition-coverage="0% (0/2)">
									<conditions>
										<condition number="0" type="jump" coverage="0%"/>
									</conditions>
								</line>
								<line number="66" hits="0" branch="false"/>
								<line number="68" hits="0" branch="false"/>
							</lines>
						</method>
						<method name="getAsDate" signature="()Ljava/util/Date;" line-rate="0.0" branch-rate="1.0">
							<lines>
								<line number="20" hits="0" branch="false"/>
							</lines>
						</method>
						<method name="getAsDouble" signature="()Ljava/lang/Double;" line-rate="0.0" branch-rate="0.0">
							<lines>
								<line number="26" hits="0" branch="true" condition-coverage="0% (0/2)">
									<conditions>
										<condition number="0" type="jump" coverage="0%"/>
									</conditions>
								</line>
								<line number="30" hits="0" branch="false"/>
							</lines>
						</method>
						<method name="isDate" signature="(Lorg/apache/poi/hssf/usermodel/HSSFCell;)Z" line-rate="0.0" branch-rate="0.0">
							<lines>
								<line number="36" hits="0" branch="true" condition-coverage="0% (0/2)">
									<conditions>
										<condition number="0" type="jump" coverage="0%"/>
									</conditions>
								</line>
								<line number="37" hits="0" branch="false"/>
							</lines>
						</method>
						<method name="isFormula" signature="()Z" line-rate="0.0" branch-rate="1.0">
							<lines>
								<line number="47" hits="0" branch="false"/>
								<line number="48" hits="0" branch="false"/>
							</lines>
						</method>
						<method name="isFormula" signature="(Lorg/apache/poi/hssf/usermodel/HSSFCell;)Z" line-rate="0.0" branch-rate="0.0">
							<lines>
								<line number="42" hits="0" branch="true" condition-coverage="0% (0/2)">
									<conditions>
										<condition number="0" type="jump" coverage="0%"/>
									</conditions>
								</line>
								<line number="43" hits="0" branch="false"/>
							</lines>
						</method>
						<method name="isNumeric" signature="()Z" line-rate="0.0" branch-rate="0.0">
							<lines>
								<line number="52" hits="0" branch="true" condition-coverage="0% (0/2)">
									<conditions>
										<condition number="0" type="jump" coverage="0%"/>
									</conditions>
								</line>
							</lines>
						</method>
						<method name="isNumeric" signature="(Lorg/apache/poi/hssf/usermodel/HSSFCell;)Z" line-rate="0.0" branch-rate="1.0">
							<lines>
								<line number="82" hits="0" branch="false"/>
							</lines>
						</method>
						<method name="isString" signature="()Z" line-rate="0.0" branch-rate="0.0">
							<lines>
								<line number="56" hits="0" branch="true" condition-coverage="0% (0/2)">
									<conditions>
										<condition number="0" type="jump" coverage="0%"/>
									</conditions>
								</line>
							</lines>
						</method>
						<method name="isString" signature="(Lorg/apache/poi/hssf/usermodel/HSSFCell;)Z" line-rate="0.0" branch-rate="1.0">
							<lines>
								<line number="89" hits="0" branch="false"/>
							</lines>
						</method>
						<method name="setCell" signature="(Lorg/apache/poi/hssf/usermodel/HSSFCell;)V" line-rate="0.0" branch-rate="1.0">
							<lines>
								<line number="60" hits="0" branch="false"/>
								<line number="61" hits="0" branch="false"/>
								<line number="62" hits="0" branch="false"/>
							</lines>
						</method>
					</methods>
					<lines>
						<line number="13" hits="0" branch="false"/>
						<line number="14" hits="0" branch="false"/>
						<line number="15" hits="0" branch="false"/>
						<line number="20" hits="0" branch="false"/>
						<line number="26" hits="0" branch="true" condition-coverage="0% (0/2)">
							<conditions>
								<condition number="0" type="jump" coverage="0%"/>
							</conditions>
						</line>
						<line number="30" hits="0" branch="false"/>
						<line number="36" hits="0" branch="true" condition-coverage="0% (0/2)">
							<conditions>
								<condition number="0" type="jump" coverage="0%"/>
							</conditions>
						</line>
						<line number="37" hits="0" branch="false"/>
						<line number="42" hits="0" branch="true" condition-coverage="0% (0/2)">
							<conditions>
								<condition number="0" type="jump" coverage="0%"/>
							</conditions>
						</line>
						<line number="43" hits="0" branch="false"/>
						<line number="47" hits="0" branch="false"/>
						<line number="48" hits="0" branch="false"/>
						<line number="52" hits="0" branch="true" condition-coverage="0% (0/2)">
							<conditions>
								<condition number="0" type="jump" coverage="0%"/>
							</conditions>
						</line>
						<line number="56" hits="0" branch="true" condition-coverage="0% (0/2)">
							<conditions>
								<condition number="0" type="jump" coverage="0%"/>
							</conditions>
						</line>
						<line number="60" hits="0" branch="false"/>
						<line number="61" hits="0" branch="false"/>
						<line number="62" hits="0" branch="false"/>
						<line number="65" hits="0" branch="true" condition-coverage="0% (0/2)">
							<conditions>
								<condition number="0" type="jump" coverage="0%"/>
							</conditions>
						</line>
						<line number="66" hits="0" branch="false"/>
						<line number="68" hits="0" branch="false"/>
						<line number="71" hits="0" branch="true" condition-coverage="0% (0/2)">
							<conditions>
								<condition number="0" type="jump" coverage="0%"/>
							</conditions>
						</line>
						<line number="72" hits="0" branch="false"/>
						<line number="75" hits="0" branch="false"/>
						<line number="82" hits="0" branch="false"/>
						<line number="89" hits="0" branch="false"/>
					</lines>
				</class>
				<class name="org.javautil.poi.CrosstabbedWorksheetHelper" filename="org/javautil/poi/CrosstabbedWorksheetHelper.java" line-rate="0.0" branch-rate="0.0" complexity="6.105263157894737">
					<methods>
						<method name="&lt;init&gt;" signature="(Lorg/apache/poi/hssf/usermodel/HSSFSheet;Lorg/javautil/poi/style/HSSFCellStyleFactory;)V" line-rate="0.0" branch-rate="1.0">
							<lines>
								<line number="35" hits="0" branch="false"/>
								<line number="52" hits="0" branch="false"/>
								<line number="53" hits="0" branch="false"/>
							</lines>
						</method>
						<method name="addCell" signature="(Lorg/javautil/dataset/ColumnMetadata;Lorg/javautil/document/style/Style;II)V" line-rate="0.0" branch-rate="0.0">
							<lines>
								<line number="676" hits="0" branch="true" condition-coverage="0% (0/2)">
									<conditions>
										<condition number="0" type="jump" coverage="0%"/>
									</conditions>
								</line>
								<line number="677" hits="0" branch="false"/>
								<line number="679" hits="0" branch="false"/>
								<line number="680" hits="0" branch="false"/>
								<line number="681" hits="0" branch="true" condition-coverage="0% (0/2)">
									<conditions>
										<condition number="0" type="jump" coverage="0%"/>
									</conditions>
								</line>
								<line number="682" hits="0" branch="true" condition-coverage="0% (0/2)">
									<conditions>
										<condition number="0" type="jump" coverage="0%"/>
									</conditions>
								</line>
								<line number="683" hits="0" branch="false"/>
								<line number="686" hits="0" branch="false"/>
								<line number="687" hits="0" branch="false"/>
								<line number="689" hits="0" branch="true" condition-coverage="0% (0/2)">
									<conditions>
										<condition number="0" type="jump" coverage="0%"/>
									</conditions>
								</line>
								<line number="690" hits="0" branch="false"/>
								<line number="692" hits="0" branch="false"/>
								<line number="693" hits="0" branch="true" condition-coverage="0% (0/2)">
									<conditions>
										<condition number="0" type="jump" coverage="0%"/>
									</conditions>
								</line>
								<line number="694" hits="0" branch="false"/>
								<line number="695" hits="0" branch="false"/>
								<line number="697" hits="0" branch="false"/>
							</lines>
						</method>
						<method name="addGroupHeaderSpanCell" signature="(Lorg/javautil/dataset/ColumnMetadata;Lorg/javautil/document/style/Style;IIII)V" line-rate="0.0" branch-rate="0.0">
							<lines>
								<line number="621" hits="0" branch="false"/>
								<line number="622" hits="0" branch="false"/>
								<line number="623" hits="0" branch="true" condition-coverage="0% (0/2)">
									<conditions>
										<condition number="0" type="jump" coverage="0%"/>
									</conditions>
								</line>
								<line number="624" hits="0" branch="true" condition-coverage="0% (0/2)">
									<conditions>
										<condition number="0" type="jump" coverage="0%"/>
									</conditions>
								</line>
								<line number="625" hits="0" branch="false"/>
								<line number="628" hits="0" branch="false"/>
								<line number="633" hits="0" branch="true" condition-coverage="0% (0/2)">
									<conditions>
										<condition number="0" type="jump" coverage="0%"/>
									</conditions>
								</line>
								<line number="635" hits="0" branch="false"/>
								<line number="638" hits="0" branch="false"/>
								<line number="639" hits="0" branch="false"/>
								<line number="640" hits="0" branch="false"/>
								<line number="643" hits="0" branch="false"/>
								<line number="644" hits="0" branch="false"/>
								<line number="645" hits="0" branch="false"/>
								<line number="646" hits="0" branch="true" condition-coverage="0% (0/2)">
									<conditions>
										<condition number="0" type="jump" coverage="0%"/>
									</conditions>
								</line>
								<line number="647" hits="0" branch="false"/>
								<line number="648" hits="0" branch="false"/>
								<line number="649" hits="0" branch="false"/>
								<line number="650" hits="0" branch="false"/>
								<line number="656" hits="0" branch="false"/>
								<line number="657" hits="0" branch="true" condition-coverage="0% (0/2)">
									<conditions>
										<condition number="0" type="jump" coverage="0%"/>
									</conditions>
								</line>
								<line number="658" hits="0" branch="false"/>
								<line number="660" hits="0" branch="false"/>
								<line number="661" hits="0" branch="true" condition-coverage="0% (0/2)">
									<conditions>
										<condition number="0" type="jump" coverage="0%"/>
									</conditions>
								</line>
								<line number="662" hits="0" branch="false"/>
								<line number="663" hits="0" branch="false"/>
								<line number="664" hits="0" branch="false"/>
								<line number="665" hits="0" branch="false"/>
								<line number="667" hits="0" branch="false"/>
								<line number="668" hits="0" branch="true" condition-coverage="0% (0/2)">
									<conditions>
										<condition number="0" type="jump" coverage="0%"/>
									</conditions>
								</line>
								<line number="669" hits="0" branch="false"/>
								<line number="670" hits="0" branch="false"/>
								<line number="672" hits="0" branch="false"/>
							</lines>
						</method>
						<method name="emitCrosstabHeaders" signature="(Ljava/util/List;Lorg/javautil/document/style/Style;IILjava/util/List;Ljava/util/Map;)V" line-rate="0.0" branch-rate="0.0">
							<lines>
								<line number="492" hits="0" branch="true" condition-coverage="0% (0/2)">
									<conditions>
										<condition number="0" type="jump" coverage="0%"/>
									</conditions>
								</line>
								<line number="493" hits="0" branch="false"/>
								<line number="496" hits="0" branch="false"/>
								<line number="497" hits="0" branch="false"/>
								<line number="498" hits="0" branch="false"/>
								<line number="499" hits="0" branch="true" condition-coverage="0% (0/2)">
									<conditions>
										<condition number="0" type="jump" coverage="0%"/>
									</conditions>
								</line>
								<line number="501" hits="0" branch="false"/>
								<line number="502" hits="0" branch="false"/>
								<line number="503" hits="0" branch="true" condition-coverage="0% (0/2)">
									<conditions>
										<condition number="0" type="jump" coverage="0%"/>
									</conditions>
								</line>
								<line number="504" hits="0" branch="false"/>
								<line number="505" hits="0" branch="false"/>
								<line number="508" hits="0" branch="true" condition-coverage="0% (0/2)">
									<conditions>
										<condition number="0" type="jump" coverage="0%"/>
									</conditions>
								</line>
								<line number="509" hits="0" branch="false"/>
								<line number="512" hits="0" branch="false"/>
								<line number="513" hits="0" branch="false"/>
								<line number="514" hits="0" branch="true" condition-coverage="0% (0/2)">
									<conditions>
										<condition number="0" type="jump" coverage="0%"/>
									</conditions>
								</line>
								<line number="515" hits="0" branch="false"/>
								<line number="516" hits="0" branch="false"/>
								<line number="518" hits="0" branch="false"/>
								<line number="521" hits="0" branch="true" condition-coverage="0% (0/2)">
									<conditions>
										<condition number="0" type="jump" coverage="0%"/>
									</conditions>
								</line>
								<line number="522" hits="0" branch="false"/>
								<line number="524" hits="0" branch="true" condition-coverage="0% (0/2)">
									<conditions>
										<condition number="0" type="jump" coverage="0%"/>
									</conditions>
								</line>
								<line number="525" hits="0" branch="false"/>
								<line number="528" hits="0" branch="true" condition-coverage="0% (0/2)">
									<conditions>
										<condition number="0" type="jump" coverage="0%"/>
									</conditions>
								</line>
								<line number="529" hits="0" branch="false"/>
								<line number="532" hits="0" branch="false"/>
								<line number="533" hits="0" branch="true" condition-coverage="0% (0/4)">
									<conditions>
										<condition number="0" type="jump" coverage="0%"/>
										<condition number="1" type="jump" coverage="0%"/>
									</conditions>
								</line>
								<line number="534" hits="0" branch="false"/>
								<line number="535" hits="0" branch="false"/>
								<line number="537" hits="0" branch="false"/>
								<line number="538" hits="0" branch="false"/>
								<line number="541" hits="0" branch="false"/>
							</lines>
						</method>
						<method name="emitCrosstabHeadersForCrosstabData" signature="(Lorg/javautil/dataset/Dataset;[Ljava/lang/String;Ljava/util/List;Ljava/util/Map;Lorg/javautil/document/style/Style;II)V" line-rate="0.0" branch-rate="0.0">
							<lines>
								<line number="759" hits="0" branch="true" condition-coverage="0% (0/2)">
									<conditions>
										<condition number="0" type="jump" coverage="0%"/>
									</conditions>
								</line>
								<line number="760" hits="0" branch="false"/>
								<line number="762" hits="0" branch="false"/>
								<line number="764" hits="0" branch="false"/>
								<line number="765" hits="0" branch="false"/>
								<line number="766" hits="0" branch="false"/>
								<line number="767" hits="0" branch="false"/>
								<line number="770" hits="0" branch="true" condition-coverage="0% (0/2)">
									<conditions>
										<condition number="0" type="jump" coverage="0%"/>
									</conditions>
								</line>
								<line number="771" hits="0" branch="false"/>
								<line number="772" hits="0" branch="true" condition-coverage="0% (0/2)">
									<conditions>
										<condition number="0" type="jump" coverage="0%"/>
									</conditions>
								</line>
								<line number="773" hits="0" branch="false"/>
								<line number="774" hits="0" branch="true" condition-coverage="0% (0/2)">
									<conditions>
										<condition number="0" type="jump" coverage="0%"/>
									</conditions>
								</line>
								<line number="775" hits="0" branch="false"/>
								<line number="776" hits="0" branch="false"/>
								<line number="777" hits="0" branch="false"/>
								<line number="779" hits="0" branch="false"/>
								<line number="780" hits="0" branch="false"/>
								<line number="781" hits="0" branch="true" condition-coverage="0% (0/2)">
									<conditions>
										<condition number="0" type="jump" coverage="0%"/>
									</conditions>
								</line>
								<line number="782" hits="0" branch="false"/>
								<line number="783" hits="0" branch="false"/>
								<line number="785" hits="0" branch="false"/>
								<line number="786" hits="0" branch="true" condition-coverage="0% (0/2)">
									<conditions>
										<condition number="0" type="jump" coverage="0%"/>
									</conditions>
								</line>
								<line number="787" hits="0" branch="false"/>
								<line number="788" hits="0" branch="false"/>
								<line number="789" hits="0" branch="false"/>
								<line number="792" hits="0" branch="false"/>
								<line number="793" hits="0" branch="false"/>
								<line number="794" hits="0" branch="false"/>
								<line number="796" hits="0" branch="false"/>
								<line number="798" hits="0" branch="false"/>
							</lines>
						</method>
						<method name="emitCrosstabHeadersForCrosstabDataWithSpannedHeaders" signature="(Lorg/javautil/dataset/Dataset;[Ljava/lang/String;Ljava/util/List;Ljava/util/Map;Lorg/javautil/document/style/Style;II)V" line-rate="0.0" branch-rate="0.0">
							<lines>
								<line number="827" hits="0" branch="true" condition-coverage="0% (0/2)">
									<conditions>
										<condition number="0" type="jump" coverage="0%"/>
									</conditions>
								</line>
								<line number="828" hits="0" branch="false"/>
								<line number="830" hits="0" branch="false"/>
								<line number="832" hits="0" branch="false"/>
								<line number="833" hits="0" branch="false"/>
								<line number="834" hits="0" branch="false"/>
								<line number="835" hits="0" branch="false"/>
								<line number="838" hits="0" branch="true" condition-coverage="0% (0/2)">
									<conditions>
										<condition number="0" type="jump" coverage="0%"/>
									</conditions>
								</line>
								<line number="839" hits="0" branch="false"/>
								<line number="840" hits="0" branch="false"/>
								<line number="841" hits="0" branch="true" condition-coverage="0% (0/2)">
									<conditions>
										<condition number="0" type="jump" coverage="0%"/>
									</conditions>
								</line>
								<line number="842" hits="0" branch="false"/>
								<line number="843" hits="0" branch="true" condition-coverage="0% (0/2)">
									<conditions>
										<condition number="0" type="jump" coverage="0%"/>
									</conditions>
								</line>
								<line number="844" hits="0" branch="false"/>
								<line number="845" hits="0" branch="false"/>
								<line number="846" hits="0" branch="false"/>
								<line number="849" hits="0" branch="false"/>
								<line number="850" hits="0" branch="false"/>
								<line number="851" hits="0" branch="true" condition-coverage="0% (0/2)">
									<conditions>
										<condition number="0" type="jump" coverage="0%"/>
									</conditions>
								</line>
								<line number="852" hits="0" branch="false"/>
								<line number="853" hits="0" branch="false"/>
								<line number="855" hits="0" branch="false"/>
								<line number="856" hits="0" branch="true" condition-coverage="0% (0/2)">
									<conditions>
										<condition number="0" type="jump" coverage="0%"/>
									</conditions>
								</line>
								<line number="857" hits="0" branch="false"/>
								<line number="858" hits="0" branch="false"/>
								<line number="859" hits="0" branch="false"/>
								<line number="863" hits="0" branch="false"/>
								<line number="864" hits="0" branch="false"/>
								<line number="865" hits="0" branch="false"/>
								<line number="866" hits="0" branch="false"/>
								<line number="867" hits="0" branch="false"/>
								<line number="869" hits="0" branch="false"/>
								<line number="871" hits="0" branch="false"/>
							</lines>
						</method>
						<method name="emitCrosstabRegion" signature="(Lorg/javautil/dataset/Dataset;III)Lorg/javautil/workbook/DataRange;" line-rate="0.0" branch-rate="1.0">
							<lines>
								<line number="472" hits="0" branch="false"/>
								<line number="473" hits="0" branch="false"/>
							</lines>
						</method>
						<method name="emitCrosstabRegion" signature="(Lorg/javautil/dataset/Dataset;IILjava/util/List;Ljava/util/List;Ljava/util/Collection;)Lorg/javautil/workbook/DataRange;" line-rate="0.0" branch-rate="0.0">
							<lines>
								<line number="99" hits="0" branch="false"/>
								<line number="100" hits="0" branch="false"/>
								<line number="101" hits="0" branch="false"/>
								<line number="102" hits="0" branch="false"/>
								<line number="103" hits="0" branch="false"/>
								<line number="106" hits="0" branch="false"/>
								<line number="107" hits="0" branch="true" condition-coverage="0% (0/2)">
									<conditions>
										<condition number="0" type="jump" coverage="0%"/>
									</conditions>
								</line>
								<line number="108" hits="0" branch="false"/>
								<line number="109" hits="0" branch="true" condition-coverage="0% (0/2)">
									<conditions>
										<condition number="0" type="jump" coverage="0%"/>
									</conditions>
								</line>
								<line number="110" hits="0" branch="false"/>
								<line number="116" hits="0" branch="false"/>
								<line number="117" hits="0" branch="true" condition-coverage="0% (0/2)">
									<conditions>
										<condition number="0" type="jump" coverage="0%"/>
									</conditions>
								</line>
								<line number="118" hits="0" branch="false"/>
								<line number="119" hits="0" branch="false"/>
								<line number="121" hits="0" branch="false"/>
								<line number="122" hits="0" branch="false"/>
								<line number="123" hits="0" branch="false"/>
								<line number="125" hits="0" branch="false"/>
								<line number="126" hits="0" branch="false"/>
								<line number="128" hits="0" branch="true" condition-coverage="0% (0/2)">
									<conditions>
										<condition number="0" type="jump" coverage="0%"/>
									</conditions>
								</line>
								<line number="129" hits="0" branch="false"/>
								<line number="130" hits="0" branch="false"/>
								<line number="132" hits="0" branch="false"/>
								<line number="133" hits="0" branch="false"/>
								<line number="134" hits="0" branch="false"/>
								<line number="135" hits="0" branch="false"/>
								<line number="140" hits="0" branch="false"/>
								<line number="141" hits="0" branch="false"/>
								<line number="143" hits="0" branch="true" condition-coverage="0% (0/2)">
									<conditions>
										<condition number="0" type="jump" coverage="0%"/>
									</conditions>
								</line>
								<line number="145" hits="0" branch="false"/>
								<line number="146" hits="0" branch="false"/>
								<line number="147" hits="0" branch="false"/>
								<line number="148" hits="0" branch="false"/>
								<line number="150" hits="0" branch="false"/>
								<line number="151" hits="0" branch="false"/>
								<line number="152" hits="0" branch="false"/>
								<line number="153" hits="0" branch="false"/>
								<line number="161" hits="0" branch="true" condition-coverage="0% (0/2)">
									<conditions>
										<condition number="0" type="jump" coverage="0%"/>
									</conditions>
								</line>
								<line number="162" hits="0" branch="false"/>
								<line number="163" hits="0" branch="false"/>
								<line number="164" hits="0" branch="false"/>
								<line number="165" hits="0" branch="false"/>
								<line number="166" hits="0" branch="false"/>
								<line number="167" hits="0" branch="false"/>
								<line number="171" hits="0" branch="false"/>
								<line number="172" hits="0" branch="false"/>
								<line number="173" hits="0" branch="false"/>
								<line number="174" hits="0" branch="false"/>
								<line number="175" hits="0" branch="false"/>
								<line number="176" hits="0" branch="false"/>
								<line number="178" hits="0" branch="false"/>
							</lines>
						</method>
						<method name="emitCrosstabbedData" signature="(Lorg/javautil/dataset/Dataset;Ljava/util/List;Lorg/javautil/document/style/Style;IILjava/util/List;Ljava/util/List;Ljava/util/Collection;Ljava/util/Map;[Ljava/lang/String;)I" line-rate="0.0" branch-rate="0.0">
							<lines>
								<line number="235" hits="0" branch="true" condition-coverage="0% (0/2)">
									<conditions>
										<condition number="0" type="jump" coverage="0%"/>
									</conditions>
								</line>
								<line number="236" hits="0" branch="true" condition-coverage="0% (0/2)">
									<conditions>
										<condition number="0" type="jump" coverage="0%"/>
									</conditions>
								</line>
								<line number="237" hits="0" branch="false"/>
								<line number="241" hits="0" branch="false"/>
								<line number="242" hits="0" branch="false"/>
								<line number="244" hits="0" branch="false"/>
								<line number="245" hits="0" branch="true" condition-coverage="0% (0/2)">
									<conditions>
										<condition number="0" type="jump" coverage="0%"/>
									</conditions>
								</line>
								<line number="246" hits="0" branch="false"/>
								<line number="248" hits="0" branch="false"/>
								<line number="249" hits="0" branch="false"/>
								<line number="250" hits="0" branch="false"/>
								<line number="251" hits="0" branch="true" condition-coverage="0% (0/2)">
									<conditions>
										<condition number="0" type="jump" coverage="0%"/>
									</conditions>
								</line>
								<line number="252" hits="0" branch="false"/>
								<line number="253" hits="0" branch="false"/>
								<line number="256" hits="0" branch="true" condition-coverage="0% (0/2)">
									<conditions>
										<condition number="0" type="jump" coverage="0%"/>
									</conditions>
								</line>
								<line number="257" hits="0" branch="false"/>
								<line number="258" hits="0" branch="false"/>
								<line number="259" hits="0" branch="false"/>
								<line number="260" hits="0" branch="false"/>
								<line number="261" hits="0" branch="true" condition-coverage="0% (0/2)">
									<conditions>
										<condition number="0" type="jump" coverage="0%"/>
									</conditions>
								</line>
								<line number="262" hits="0" branch="false"/>
								<line number="263" hits="0" branch="false"/>
								<line number="264" hits="0" branch="false"/>
								<line number="266" hits="0" branch="false"/>
								<line number="267" hits="0" branch="false"/>
								<line number="269" hits="0" branch="false"/>
								<line number="270" hits="0" branch="true" condition-coverage="0% (0/2)">
									<conditions>
										<condition number="0" type="jump" coverage="0%"/>
									</conditions>
								</line>
								<line number="282" hits="0" branch="false"/>
								<line number="283" hits="0" branch="false"/>
								<line number="284" hits="0" branch="false"/>
								<line number="285" hits="0" branch="false"/>
								<line number="288" hits="0" branch="true" condition-coverage="0% (0/2)">
									<conditions>
										<condition number="0" type="jump" coverage="0%"/>
									</conditions>
								</line>
								<line number="289" hits="0" branch="false"/>
								<line number="290" hits="0" branch="false"/>
								<line number="291" hits="0" branch="false"/>
								<line number="292" hits="0" branch="false"/>
								<line number="293" hits="0" branch="true" condition-coverage="0% (0/2)">
									<conditions>
										<condition number="0" type="jump" coverage="0%"/>
									</conditions>
								</line>
								<line number="295" hits="0" branch="false"/>
								<line number="296" hits="0" branch="false"/>
								<line number="297" hits="0" branch="false"/>
								<line number="298" hits="0" branch="false"/>
								<line number="299" hits="0" branch="false"/>
								<line number="302" hits="0" branch="false"/>
								<line number="303" hits="0" branch="false"/>
								<line number="304" hits="0" branch="false"/>
								<line number="305" hits="0" branch="false"/>
								<line number="306" hits="0" branch="false"/>
								<line number="309" hits="0" branch="false"/>
								<line number="310" hits="0" branch="false"/>
								<line number="311" hits="0" branch="false"/>
								<line number="312" hits="0" branch="true" condition-coverage="0% (0/2)">
									<conditions>
										<condition number="0" type="jump" coverage="0%"/>
									</conditions>
								</line>
								<line number="315" hits="0" branch="false"/>
								<line number="316" hits="0" branch="false"/>
								<line number="318" hits="0" branch="false"/>
								<line number="319" hits="0" branch="false"/>
								<line number="321" hits="0" branch="false"/>
								<line number="323" hits="0" branch="false"/>
								<line number="325" hits="0" branch="false"/>
								<line number="327" hits="0" branch="false"/>
							</lines>
						</method>
						<method name="emitCrosstabbedDataValidateArgs" signature="(Lorg/javautil/dataset/Dataset;Ljava/util/List;Lorg/javautil/document/style/Style;IILjava/util/List;)V" line-rate="0.0" branch-rate="0.0">
							<lines>
								<line number="185" hits="0" branch="true" condition-coverage="0% (0/2)">
									<conditions>
										<condition number="0" type="jump" coverage="0%"/>
									</conditions>
								</line>
								<line number="186" hits="0" branch="false"/>
								<line number="188" hits="0" branch="true" condition-coverage="0% (0/2)">
									<conditions>
										<condition number="0" type="jump" coverage="0%"/>
									</conditions>
								</line>
								<line number="189" hits="0" branch="false"/>
								<line number="191" hits="0" branch="true" condition-coverage="0% (0/2)">
									<conditions>
										<condition number="0" type="jump" coverage="0%"/>
									</conditions>
								</line>
								<line number="192" hits="0" branch="false"/>
								<line number="194" hits="0" branch="false"/>
							</lines>
						</method>
						<method name="emitCrosstabbedSummary" signature="(Lorg/javautil/dataset/Dataset;Ljava/util/List;IIIILorg/javautil/document/style/Style;Ljava/util/List;Ljava/util/List;Ljava/util/Collection;Ljava/util/Map;[Ljava/lang/String;)V" line-rate="0.0" branch-rate="0.0">
							<lines>
								<line number="394" hits="0" branch="false"/>
								<line number="395" hits="0" branch="false"/>
								<line number="397" hits="0" branch="true" condition-coverage="0% (0/2)">
									<conditions>
										<condition number="0" type="jump" coverage="0%"/>
									</conditions>
								</line>
								<line number="398" hits="0" branch="false"/>
								<line number="399" hits="0" branch="false"/>
								<line number="400" hits="0" branch="false"/>
								<line number="401" hits="0" branch="true" condition-coverage="0% (0/2)">
									<conditions>
										<condition number="0" type="jump" coverage="0%"/>
									</conditions>
								</line>
								<line number="402" hits="0" branch="true" condition-coverage="0% (0/2)">
									<conditions>
										<condition number="0" type="jump" coverage="0%"/>
									</conditions>
								</line>
								<line number="403" hits="0" branch="false"/>
								<line number="404" hits="0" branch="false"/>
								<line number="405" hits="0" branch="false"/>
								<line number="407" hits="0" branch="false"/>
								<line number="408" hits="0" branch="false"/>
								<line number="409" hits="0" branch="false"/>
								<line number="411" hits="0" branch="false"/>
								<line number="413" hits="0" branch="false"/>
								<line number="414" hits="0" branch="true" condition-coverage="0% (0/2)">
									<conditions>
										<condition number="0" type="jump" coverage="0%"/>
									</conditions>
								</line>
								<line number="415" hits="0" branch="false"/>
								<line number="416" hits="0" branch="false"/>
								<line number="417" hits="0" branch="false"/>
								<line number="418" hits="0" branch="true" condition-coverage="0% (0/2)">
									<conditions>
										<condition number="0" type="jump" coverage="0%"/>
									</conditions>
								</line>
								<line number="419" hits="0" branch="false"/>
								<line number="420" hits="0" branch="false"/>
								<line number="421" hits="0" branch="false"/>
								<line number="422" hits="0" branch="true" condition-coverage="0% (0/2)">
									<conditions>
										<condition number="0" type="jump" coverage="0%"/>
									</conditions>
								</line>
								<line number="423" hits="0" branch="false"/>
								<line number="424" hits="0" branch="false"/>
								<line number="426" hits="0" branch="false"/>
								<line number="427" hits="0" branch="true" condition-coverage="0% (0/2)">
									<conditions>
										<condition number="0" type="jump" coverage="0%"/>
									</conditions>
								</line>
								<line number="428" hits="0" branch="false"/>
								<line number="429" hits="0" branch="false"/>
								<line number="430" hits="0" branch="false"/>
								<line number="433" hits="0" branch="false"/>
								<line number="434" hits="0" branch="false"/>
								<line number="435" hits="0" branch="false"/>
								<line number="436" hits="0" branch="true" condition-coverage="0% (0/2)">
									<conditions>
										<condition number="0" type="jump" coverage="0%"/>
									</conditions>
								</line>
								<line number="437" hits="0" branch="true" condition-coverage="0% (0/2)">
									<conditions>
										<condition number="0" type="jump" coverage="0%"/>
									</conditions>
								</line>
								<line number="438" hits="0" branch="false"/>
								<line number="439" hits="0" branch="false"/>
								<line number="440" hits="0" branch="false"/>
								<line number="442" hits="0" branch="false"/>
								<line number="443" hits="0" branch="false"/>
								<line number="444" hits="0" branch="false"/>
								<line number="446" hits="0" branch="true" condition-coverage="0% (0/2)">
									<conditions>
										<condition number="0" type="jump" coverage="0%"/>
									</conditions>
								</line>
								<line number="447" hits="0" branch="false"/>
								<line number="448" hits="0" branch="false"/>
								<line number="449" hits="0" branch="false"/>
								<line number="450" hits="0" branch="false"/>
								<line number="451" hits="0" branch="false"/>
								<line number="453" hits="0" branch="false"/>
								<line number="455" hits="0" branch="false"/>
								<line number="458" hits="0" branch="false"/>
							</lines>
						</method>
						<method name="emitHeadersForRowIdentifiers" signature="(Lorg/javautil/dataset/Dataset;Lorg/javautil/document/style/Style;II)V" line-rate="0.0" branch-rate="0.0">
							<lines>
								<line number="717" hits="0" branch="true" condition-coverage="0% (0/2)">
									<conditions>
										<condition number="0" type="jump" coverage="0%"/>
									</conditions>
								</line>
								<line number="718" hits="0" branch="false"/>
								<line number="720" hits="0" branch="false"/>
								<line number="721" hits="0" branch="false"/>
								<line number="722" hits="0" branch="true" condition-coverage="0% (0/2)">
									<conditions>
										<condition number="0" type="jump" coverage="0%"/>
									</conditions>
								</line>
								<line number="723" hits="0" branch="false"/>
								<line number="725" hits="0" branch="false"/>
								<line number="728" hits="0" branch="true" condition-coverage="0% (0/2)">
									<conditions>
										<condition number="0" type="jump" coverage="0%"/>
									</conditions>
								</line>
								<line number="729" hits="0" branch="true" condition-coverage="0% (0/2)">
									<conditions>
										<condition number="0" type="jump" coverage="0%"/>
									</conditions>
								</line>
								<line number="730" hits="0" branch="false"/>
								<line number="732" hits="0" branch="false"/>
								<line number="733" hits="0" branch="true" condition-coverage="0% (0/2)">
									<conditions>
										<condition number="0" type="jump" coverage="0%"/>
									</conditions>
								</line>
								<line number="734" hits="0" branch="false"/>
								<line number="735" hits="0" branch="false"/>
								<line number="737" hits="0" branch="false"/>
								<line number="738" hits="0" branch="false"/>
								<line number="740" hits="0" branch="false"/>
							</lines>
						</method>
						<method name="getColumnNameIndexMap" signature="(Lorg/javautil/dataset/Dataset;ILjava/util/Collection;Ljava/lang/String;Ljava/util/List;)Ljava/util/Map;" line-rate="0.0" branch-rate="0.0">
							<lines>
								<line number="335" hits="0" branch="false"/>
								<line number="336" hits="0" branch="false"/>
								<line number="337" hits="0" branch="false"/>
								<line number="339" hits="0" branch="false"/>
								<line number="342" hits="0" branch="false"/>
								<line number="343" hits="0" branch="true" condition-coverage="0% (0/2)">
									<conditions>
										<condition number="0" type="jump" coverage="0%"/>
									</conditions>
								</line>
								<line number="344" hits="0" branch="true" condition-coverage="0% (0/4)">
									<conditions>
										<condition number="0" type="jump" coverage="0%"/>
										<condition number="1" type="jump" coverage="0%"/>
									</conditions>
								</line>
								<line number="345" hits="0" branch="false"/>
								<line number="350" hits="0" branch="false"/>
								<line number="351" hits="0" branch="true" condition-coverage="0% (0/2)">
									<conditions>
										<condition number="0" type="jump" coverage="0%"/>
									</conditions>
								</line>
								<line number="352" hits="0" branch="false"/>
								<line number="353" hits="0" branch="false"/>
								<line number="356" hits="0" branch="false"/>
							</lines>
						</method>
						<method name="getEmittedColumnsInGroupCount" signature="()I" line-rate="0.0" branch-rate="1.0">
							<lines>
								<line number="802" hits="0" branch="false"/>
							</lines>
						</method>
						<method name="getMergedColumnHeading" signature="(Lorg/javautil/dataset/ColumnMetadata;)Ljava/lang/String;" line-rate="0.0" branch-rate="0.0">
							<lines>
								<line number="550" hits="0" branch="false"/>
								<line number="552" hits="0" branch="false"/>
								<line number="553" hits="0" branch="true" condition-coverage="0% (0/2)">
									<conditions>
										<condition number="0" type="jump" coverage="0%"/>
									</conditions>
								</line>
								<line number="554" hits="0" branch="false"/>
								<line number="556" hits="0" branch="true" condition-coverage="0% (0/2)">
									<conditions>
										<condition number="0" type="jump" coverage="0%"/>
									</conditions>
								</line>
								<line number="557" hits="0" branch="false"/>
								<line number="558" hits="0" branch="false"/>
								<line number="560" hits="0" branch="true" condition-coverage="0% (0/2)">
									<conditions>
										<condition number="0" type="jump" coverage="0%"/>
									</conditions>
								</line>
								<line number="561" hits="0" branch="false"/>
								<line number="563" hits="0" branch="true" condition-coverage="0% (0/2)">
									<conditions>
										<condition number="0" type="jump" coverage="0%"/>
									</conditions>
								</line>
								<line number="564" hits="0" branch="false"/>
								<line number="566" hits="0" branch="true" condition-coverage="0% (0/2)">
									<conditions>
										<condition number="0" type="jump" coverage="0%"/>
									</conditions>
								</line>
								<line number="567" hits="0" branch="false"/>
								<line number="570" hits="0" branch="true" condition-coverage="0% (0/2)">
									<conditions>
										<condition number="0" type="jump" coverage="0%"/>
									</conditions>
								</line>
								<line number="571" hits="0" branch="false"/>
								<line number="573" hits="0" branch="false"/>
							</lines>
						</method>
						<method name="getNonmergedColumnHeading" signature="(Lorg/javautil/dataset/ColumnMetadata;)Ljava/lang/String;" line-rate="0.0" branch-rate="0.0">
							<lines>
								<line number="584" hits="0" branch="false"/>
								<line number="586" hits="0" branch="false"/>
								<line number="587" hits="0" branch="true" condition-coverage="0% (0/2)">
									<conditions>
										<condition number="0" type="jump" coverage="0%"/>
									</conditions>
								</line>
								<line number="588" hits="0" branch="false"/>
								<line number="590" hits="0" branch="true" condition-coverage="0% (0/2)">
									<conditions>
										<condition number="0" type="jump" coverage="0%"/>
									</conditions>
								</line>
								<line number="591" hits="0" branch="false"/>
								<line number="592" hits="0" branch="false"/>
								<line number="595" hits="0" branch="true" condition-coverage="0% (0/2)">
									<conditions>
										<condition number="0" type="jump" coverage="0%"/>
									</conditions>
								</line>
								<line number="596" hits="0" branch="false"/>
								<line number="598" hits="0" branch="true" condition-coverage="0% (0/2)">
									<conditions>
										<condition number="0" type="jump" coverage="0%"/>
									</conditions>
								</line>
								<line number="599" hits="0" branch="false"/>
								<line number="602" hits="0" branch="true" condition-coverage="0% (0/2)">
									<conditions>
										<condition number="0" type="jump" coverage="0%"/>
									</conditions>
								</line>
								<line number="603" hits="0" branch="false"/>
								<line number="605" hits="0" branch="false"/>
							</lines>
						</method>
						<method name="isSingleCellCrosstabColumnHeading" signature="()Z" line-rate="0.0" branch-rate="1.0">
							<lines>
								<line number="883" hits="0" branch="false"/>
							</lines>
						</method>
						<method name="setSingleCellCrosstabColumnHeading" signature="(Z)V" line-rate="0.0" branch-rate="1.0">
							<lines>
								<line number="888" hits="0" branch="false"/>
								<line number="889" hits="0" branch="false"/>
							</lines>
						</method>
						<method name="setSourceRowidColumnIndexes" signature="(Ljava/util/List;Lorg/javautil/dataset/DatasetMetadata;)V" line-rate="0.0" branch-rate="0.0">
							<lines>
								<line number="875" hits="0" branch="false"/>
								<line number="876" hits="0" branch="false"/>
								<line number="877" hits="0" branch="true" condition-coverage="0% (0/2)">
									<conditions>
										<condition number="0" type="jump" coverage="0%"/>
									</conditions>
								</line>
								<line number="878" hits="0" branch="false"/>
								<line number="880" hits="0" branch="false"/>
							</lines>
						</method>
					</methods>
					<lines>
						<line number="35" hits="0" branch="false"/>
						<line number="52" hits="0" branch="false"/>
						<line number="53" hits="0" branch="false"/>
						<line number="99" hits="0" branch="false"/>
						<line number="100" hits="0" branch="false"/>
						<line number="101" hits="0" branch="false"/>
						<line number="102" hits="0" branch="false"/>
						<line number="103" hits="0" branch="false"/>
						<line number="106" hits="0" branch="false"/>
						<line number="107" hits="0" branch="true" condition-coverage="0% (0/2)">
							<conditions>
								<condition number="0" type="jump" coverage="0%"/>
							</conditions>
						</line>
						<line number="108" hits="0" branch="false"/>
						<line number="109" hits="0" branch="true" condition-coverage="0% (0/2)">
							<conditions>
								<condition number="0" type="jump" coverage="0%"/>
							</conditions>
						</line>
						<line number="110" hits="0" branch="false"/>
						<line number="116" hits="0" branch="false"/>
						<line number="117" hits="0" branch="true" condition-coverage="0% (0/2)">
							<conditions>
								<condition number="0" type="jump" coverage="0%"/>
							</conditions>
						</line>
						<line number="118" hits="0" branch="false"/>
						<line number="119" hits="0" branch="false"/>
						<line number="121" hits="0" branch="false"/>
						<line number="122" hits="0" branch="false"/>
						<line number="123" hits="0" branch="false"/>
						<line number="125" hits="0" branch="false"/>
						<line number="126" hits="0" branch="false"/>
						<line number="128" hits="0" branch="true" condition-coverage="0% (0/2)">
							<conditions>
								<condition number="0" type="jump" coverage="0%"/>
							</conditions>
						</line>
						<line number="129" hits="0" branch="false"/>
						<line number="130" hits="0" branch="false"/>
						<line number="132" hits="0" branch="false"/>
						<line number="133" hits="0" branch="false"/>
						<line number="134" hits="0" branch="false"/>
						<line number="135" hits="0" branch="false"/>
						<line number="140" hits="0" branch="false"/>
						<line number="141" hits="0" branch="false"/>
						<line number="143" hits="0" branch="true" condition-coverage="0% (0/2)">
							<conditions>
								<condition number="0" type="jump" coverage="0%"/>
							</conditions>
						</line>
						<line number="145" hits="0" branch="false"/>
						<line number="146" hits="0" branch="false"/>
						<line number="147" hits="0" branch="false"/>
						<line number="148" hits="0" branch="false"/>
						<line number="150" hits="0" branch="false"/>
						<line number="151" hits="0" branch="false"/>
						<line number="152" hits="0" branch="false"/>
						<line number="153" hits="0" branch="false"/>
						<line number="161" hits="0" branch="true" condition-coverage="0% (0/2)">
							<conditions>
								<condition number="0" type="jump" coverage="0%"/>
							</conditions>
						</line>
						<line number="162" hits="0" branch="false"/>
						<line number="163" hits="0" branch="false"/>
						<line number="164" hits="0" branch="false"/>
						<line number="165" hits="0" branch="false"/>
						<line number="166" hits="0" branch="false"/>
						<line number="167" hits="0" branch="false"/>
						<line number="171" hits="0" branch="false"/>
						<line number="172" hits="0" branch="false"/>
						<line number="173" hits="0" branch="false"/>
						<line number="174" hits="0" branch="false"/>
						<line number="175" hits="0" branch="false"/>
						<line number="176" hits="0" branch="false"/>
						<line number="178" hits="0" branch="false"/>
						<line number="185" hits="0" branch="true" condition-coverage="0% (0/2)">
							<conditions>
								<condition number="0" type="jump" coverage="0%"/>
							</conditions>
						</line>
						<line number="186" hits="0" branch="false"/>
						<line number="188" hits="0" branch="true" condition-coverage="0% (0/2)">
							<conditions>
								<condition number="0" type="jump" coverage="0%"/>
							</conditions>
						</line>
						<line number="189" hits="0" branch="false"/>
						<line number="191" hits="0" branch="true" condition-coverage="0% (0/2)">
							<conditions>
								<condition number="0" type="jump" coverage="0%"/>
							</conditions>
						</line>
						<line number="192" hits="0" branch="false"/>
						<line number="194" hits="0" branch="false"/>
						<line number="235" hits="0" branch="true" condition-coverage="0% (0/2)">
							<conditions>
								<condition number="0" type="jump" coverage="0%"/>
							</conditions>
						</line>
						<line number="236" hits="0" branch="true" condition-coverage="0% (0/2)">
							<conditions>
								<condition number="0" type="jump" coverage="0%"/>
							</conditions>
						</line>
						<line number="237" hits="0" branch="false"/>
						<line number="241" hits="0" branch="false"/>
						<line number="242" hits="0" branch="false"/>
						<line number="244" hits="0" branch="false"/>
						<line number="245" hits="0" branch="true" condition-coverage="0% (0/2)">
							<conditions>
								<condition number="0" type="jump" coverage="0%"/>
							</conditions>
						</line>
						<line number="246" hits="0" branch="false"/>
						<line number="248" hits="0" branch="false"/>
						<line number="249" hits="0" branch="false"/>
						<line number="250" hits="0" branch="false"/>
						<line number="251" hits="0" branch="true" condition-coverage="0% (0/2)">
							<conditions>
								<condition number="0" type="jump" coverage="0%"/>
							</conditions>
						</line>
						<line number="252" hits="0" branch="false"/>
						<line number="253" hits="0" branch="false"/>
						<line number="256" hits="0" branch="true" condition-coverage="0% (0/2)">
							<conditions>
								<condition number="0" type="jump" coverage="0%"/>
							</conditions>
						</line>
						<line number="257" hits="0" branch="false"/>
						<line number="258" hits="0" branch="false"/>
						<line number="259" hits="0" branch="false"/>
						<line number="260" hits="0" branch="false"/>
						<line number="261" hits="0" branch="true" condition-coverage="0% (0/2)">
							<conditions>
								<condition number="0" type="jump" coverage="0%"/>
							</conditions>
						</line>
						<line number="262" hits="0" branch="false"/>
						<line number="263" hits="0" branch="false"/>
						<line number="264" hits="0" branch="false"/>
						<line number="266" hits="0" branch="false"/>
						<line number="267" hits="0" branch="false"/>
						<line number="269" hits="0" branch="false"/>
						<line number="270" hits="0" branch="true" condition-coverage="0% (0/2)">
							<conditions>
								<condition number="0" type="jump" coverage="0%"/>
							</conditions>
						</line>
						<line number="282" hits="0" branch="false"/>
						<line number="283" hits="0" branch="false"/>
						<line number="284" hits="0" branch="false"/>
						<line number="285" hits="0" branch="false"/>
						<line number="288" hits="0" branch="true" condition-coverage="0% (0/2)">
							<conditions>
								<condition number="0" type="jump" coverage="0%"/>
							</conditions>
						</line>
						<line number="289" hits="0" branch="false"/>
						<line number="290" hits="0" branch="false"/>
						<line number="291" hits="0" branch="false"/>
						<line number="292" hits="0" branch="false"/>
						<line number="293" hits="0" branch="true" condition-coverage="0% (0/2)">
							<conditions>
								<condition number="0" type="jump" coverage="0%"/>
							</conditions>
						</line>
						<line number="295" hits="0" branch="false"/>
						<line number="296" hits="0" branch="false"/>
						<line number="297" hits="0" branch="false"/>
						<line number="298" hits="0" branch="false"/>
						<line number="299" hits="0" branch="false"/>
						<line number="302" hits="0" branch="false"/>
						<line number="303" hits="0" branch="false"/>
						<line number="304" hits="0" branch="false"/>
						<line number="305" hits="0" branch="false"/>
						<line number="306" hits="0" branch="false"/>
						<line number="309" hits="0" branch="false"/>
						<line number="310" hits="0" branch="false"/>
						<line number="311" hits="0" branch="false"/>
						<line number="312" hits="0" branch="true" condition-coverage="0% (0/2)">
							<conditions>
								<condition number="0" type="jump" coverage="0%"/>
							</conditions>
						</line>
						<line number="315" hits="0" branch="false"/>
						<line number="316" hits="0" branch="false"/>
						<line number="318" hits="0" branch="false"/>
						<line number="319" hits="0" branch="false"/>
						<line number="321" hits="0" branch="false"/>
						<line number="323" hits="0" branch="false"/>
						<line number="325" hits="0" branch="false"/>
						<line number="327" hits="0" branch="false"/>
						<line number="335" hits="0" branch="false"/>
[...]
						<line number="49" hits="0" branch="false"/>
						<line number="51" hits="0" branch="false"/>
						<line number="53" hits="0" branch="false"/>
						<line number="55" hits="0" branch="false"/>
						<line number="57" hits="0" branch="false"/>
						<line number="59" hits="0" branch="false"/>
						<line number="61" hits="0" branch="false"/>
						<line number="64" hits="0" branch="false"/>
						<line number="67" hits="0" branch="false"/>
						<line number="68" hits="0" branch="false"/>
						<line number="69" hits="0" branch="false"/>
						<line number="70" hits="0" branch="false"/>
						<line number="71" hits="0" branch="false"/>
						<line number="72" hits="0" branch="false"/>
						<line number="73" hits="0" branch="false"/>
						<line number="75" hits="0" branch="false"/>
						<line number="84" hits="0" branch="false"/>
						<line number="121" hits="0" branch="false"/>
						<line number="139" hits="0" branch="false"/>
						<line number="140" hits="0" branch="false"/>
						<line number="141" hits="0" branch="false"/>
						<line number="142" hits="0" branch="true" condition-coverage="0% (0/2)">
							<conditions>
								<condition number="0" type="jump" coverage="0%"/>
							</conditions>
						</line>
						<line number="143" hits="0" branch="true" condition-coverage="0% (0/4)">
							<conditions>
								<condition number="0" type="switch" coverage="0%"/>
							</conditions>
						</line>
						<line number="145" hits="0" branch="false"/>
						<line number="146" hits="0" branch="false"/>
						<line number="148" hits="0" branch="false"/>
						<line number="149" hits="0" branch="false"/>
						<line number="151" hits="0" branch="false"/>
						<line number="153" hits="0" branch="true" condition-coverage="0% (0/2)">
							<conditions>
								<condition number="0" type="jump" coverage="0%"/>
							</conditions>
						</line>
						<line number="154" hits="0" branch="false"/>
						<line number="156" hits="0" branch="false"/>
						<line number="159" hits="0" branch="false"/>
						<line number="160" hits="0" branch="true" condition-coverage="0% (0/2)">
							<conditions>
								<condition number="0" type="jump" coverage="0%"/>
							</conditions>
						</line>
						<line number="161" hits="0" branch="false"/>
						<line number="163" hits="0" branch="false"/>
						<line number="165" hits="0" branch="false"/>
						<line number="169" hits="0" branch="true" condition-coverage="0% (0/2)">
							<conditions>
								<condition number="0" type="jump" coverage="0%"/>
							</conditions>
						</line>
						<line number="174" hits="0" branch="false"/>
						<line number="175" hits="0" branch="false"/>
						<line number="176" hits="0" branch="true" condition-coverage="0% (0/2)">
							<conditions>
								<condition number="0" type="jump" coverage="0%"/>
							</conditions>
						</line>
						<line number="177" hits="0" branch="false"/>
						<line number="180" hits="0" branch="false"/>
						<line number="181" hits="0" branch="true" condition-coverage="0% (0/4)">
							<conditions>
								<condition number="0" type="jump" coverage="0%"/>
								<condition number="1" type="jump" coverage="0%"/>
							</conditions>
						</line>
						<line number="182" hits="0" branch="false"/>
						<line number="184" hits="0" branch="false"/>
						<line number="185" hits="0" branch="true" condition-coverage="0% (0/2)">
							<conditions>
								<condition number="0" type="jump" coverage="0%"/>
							</conditions>
						</line>
						<line number="186" hits="0" branch="false"/>
						<line number="187" hits="0" branch="true" condition-coverage="0% (0/2)">
							<conditions>
								<condition number="0" type="jump" coverage="0%"/>
							</conditions>
						</line>
						<line number="188" hits="0" branch="false"/>
						<line number="190" hits="0" branch="false"/>
						<line number="192" hits="0" branch="false"/>
						<line number="194" hits="0" branch="false"/>
						<line number="199" hits="0" branch="false"/>
						<line number="200" hits="0" branch="false"/>
						<line number="203" hits="0" branch="true" condition-coverage="0% (0/4)">
							<conditions>
								<condition number="0" type="jump" coverage="0%"/>
								<condition number="1" type="jump" coverage="0%"/>
							</conditions>
						</line>
						<line number="204" hits="0" branch="false"/>
						<line number="206" hits="0" branch="true" condition-coverage="0% (0/2)">
							<conditions>
								<condition number="0" type="jump" coverage="0%"/>
							</conditions>
						</line>
						<line number="207" hits="0" branch="false"/>
						<line number="209" hits="0" branch="false"/>
						<line number="210" hits="0" branch="true" condition-coverage="0% (0/2)">
							<conditions>
								<condition number="0" type="jump" coverage="0%"/>
							</conditions>
						</line>
						<line number="211" hits="0" branch="false"/>
						<line number="214" hits="0" branch="false"/>
						<line number="215" hits="0" branch="false"/>
						<line number="216" hits="0" branch="true" condition-coverage="0% (0/2)">
							<conditions>
								<condition number="0" type="jump" coverage="0%"/>
							</conditions>
						</line>
						<line number="217" hits="0" branch="false"/>
						<line number="220" hits="0" branch="true" condition-coverage="0% (0/2)">
							<conditions>
								<condition number="0" type="jump" coverage="0%"/>
							</conditions>
						</line>
						<line number="221" hits="0" branch="false"/>
						<line number="222" hits="0" branch="true" condition-coverage="0% (0/2)">
							<conditions>
								<condition number="0" type="jump" coverage="0%"/>
							</conditions>
						</line>
						<line number="223" hits="0" branch="false"/>
						<line number="225" hits="0" branch="false"/>
						<line number="227" hits="0" branch="false"/>
						<line number="229" hits="0" branch="false"/>
					</lines>
				</class>
			</classes>
		</package>
		<package name="org.javautil.workbook.formula" line-rate="0.0" branch-rate="1.0" complexity="1.0">
			<classes>
				<class name="org.javautil.workbook.formula.AbstractColumnFormula" filename="org/javautil/workbook/formula/AbstractColumnFormula.java" line-rate="0.0" branch-rate="1.0" complexity="1.0">
					<methods>
						<method name="&lt;init&gt;" signature="()V" line-rate="0.0" branch-rate="1.0">
							<lines>
								<line number="5" hits="0" branch="false"/>
							</lines>
						</method>
						<method name="getRange" signature="(III)Ljava/lang/String;" line-rate="0.0" branch-rate="1.0">
							<lines>
								<line number="9" hits="0" branch="false"/>
								<line number="10" hits="0" branch="false"/>
							</lines>
						</method>
					</methods>
					<lines>
						<line number="5" hits="0" branch="false"/>
						<line number="9" hits="0" branch="false"/>
						<line number="10" hits="0" branch="false"/>
					</lines>
				</class>
				<class name="org.javautil.workbook.formula.ColumnFormula" filename="org/javautil/workbook/formula/ColumnFormula.java" line-rate="1.0" branch-rate="1.0" complexity="1.0">
					<methods>
					</methods>
					<lines>
					</lines>
				</class>
				<class name="org.javautil.workbook.formula.RowFormula" filename="org/javautil/workbook/formula/RowFormula.java" line-rate="1.0" branch-rate="1.0" complexity="1.0">
					<methods>
					</methods>
					<lines>
					</lines>
				</class>
				<class name="org.javautil.workbook.formula.SumColumnFormula" filename="org/javautil/workbook/formula/SumColumnFormula.java" line-rate="0.0" branch-rate="1.0" complexity="1.0">
					<methods>
						<method name="&lt;init&gt;" signature="()V" line-rate="0.0" branch-rate="1.0">
							<lines>
								<line number="3" hits="0" branch="false"/>
							</lines>
						</method>
						<method name="getFormula" signature="(III)Ljava/lang/String;" line-rate="0.0" branch-rate="1.0">
							<lines>
								<line number="12" hits="0" branch="false"/>
							</lines>
						</method>
					</methods>
					<lines>
						<line number="3" hits="0" branch="false"/>
						<line number="12" hits="0" branch="false"/>
					</lines>
				</class>
			</classes>
		</package>
		<package name="org.javautil.workbook.poi" line-rate="0.0" branch-rate="0.0" complexity="1.5555555555555556">
			<classes>
				<class name="org.javautil.workbook.poi.CellStyleLibrary" filename="org/javautil/workbook/poi/CellStyleLibrary.java" line-rate="1.0" branch-rate="1.0" complexity="1.0">
					<methods>
					</methods>
					<lines>
					</lines>
				</class>
				<class name="org.javautil.workbook.poi.FontLibrary" filename="org/javautil/workbook/poi/FontLibrary.java" line-rate="0.0" branch-rate="0.0" complexity="1.4">
					<methods>
						<method name="&lt;init&gt;" signature="()V" line-rate="0.0" branch-rate="1.0">
							<lines>
								<line number="15" hits="0" branch="false"/>
								<line number="26" hits="0" branch="false"/>
							</lines>
						</method>
						<method name="addFont" signature="(Ljava/lang/String;Lorg/apache/poi/hssf/usermodel/HSSFFont;)V" line-rate="0.0" branch-rate="1.0">
							<lines>
								<line number="118" hits="0" branch="false"/>
								<line number="119" hits="0" branch="false"/>
							</lines>
						</method>
						<method name="createFont" signature="(Lorg/apache/poi/hssf/usermodel/HSSFWorkbook;ISSB)Lorg/apache/poi/hssf/usermodel/HSSFFont;" line-rate="0.0" branch-rate="1.0">
							<lines>
								<line number="107" hits="0" branch="false"/>
								<line number="108" hits="0" branch="false"/>
								<line number="109" hits="0" branch="false"/>
								<line number="110" hits="0" branch="false"/>
								<line number="111" hits="0" branch="false"/>
								<line number="112" hits="0" branch="false"/>
							</lines>
						</method>
						<method name="getFont" signature="(Ljava/lang/String;)Lorg/apache/poi/hssf/usermodel/HSSFFont;" line-rate="0.0" branch-rate="0.0">
							<lines>
								<line number="122" hits="0" branch="false"/>
								<line number="123" hits="0" branch="true" condition-coverage="0% (0/2)">
									<conditions>
										<condition number="0" type="jump" coverage="0%"/>
									</conditions>
								</line>
								<line number="124" hits="0" branch="false"/>
								<line number="127" hits="0" branch="false"/>
							</lines>
						</method>
						<method name="getFonts" signature="()Ljava/util/Map;" line-rate="0.0" branch-rate="1.0">
							<lines>
								<line number="131" hits="0" branch="false"/>
							</lines>
						</method>
					</methods>
					<lines>
						<line number="15" hits="0" branch="false"/>
						<line number="26" hits="0" branch="false"/>
						<line number="107" hits="0" branch="false"/>
						<line number="108" hits="0" branch="false"/>
						<line number="109" hits="0" branch="false"/>
						<line number="110" hits="0" branch="false"/>
						<line number="111" hits="0" branch="false"/>
						<line number="112" hits="0" branch="false"/>
						<line number="118" hits="0" branch="false"/>
						<line number="119" hits="0" branch="false"/>
						<line number="122" hits="0" branch="false"/>
						<line number="123" hits="0" branch="true" condition-coverage="0% (0/2)">
							<conditions>
								<condition number="0" type="jump" coverage="0%"/>
							</conditions>
						</line>
						<line number="124" hits="0" branch="false"/>
						<line number="127" hits="0" branch="false"/>
						<line number="131" hits="0" branch="false"/>
					</lines>
				</class>
				<class name="org.javautil.workbook.poi.StandardFonts" filename="org/javautil/workbook/poi/StandardFonts.java" line-rate="0.0" branch-rate="0.0" complexity="1.5">
					<methods>
						<method name="&lt;init&gt;" signature="(Lorg/apache/poi/hssf/usermodel/HSSFWorkbook;)V" line-rate="0.0" branch-rate="1.0">
							<lines>
								<line number="15" hits="0" branch="false"/>
								<line number="37" hits="0" branch="false"/>
								<line number="38" hits="0" branch="false"/>
								<line number="39" hits="0" branch="false"/>
							</lines>
						</method>
						<method name="createFonts" signature="()V" line-rate="0.0" branch-rate="1.0">
							<lines>
								<line number="20" hits="0" branch="false"/>
								<line number="22" hits="0" branch="false"/>
								<line number="25" hits="0" branch="false"/>
								<line number="28" hits="0" branch="false"/>
								<line number="30" hits="0" branch="false"/>
								<line number="32" hits="0" branch="false"/>
								<line number="35" hits="0" branch="false"/>
							</lines>
						</method>
						<method name="getFont" signature="(Ljava/lang/String;)Lorg/apache/poi/hssf/usermodel/HSSFFont;" line-rate="0.0" branch-rate="0.0">
							<lines>
								<line number="56" hits="0" branch="true" condition-coverage="0% (0/2)">
									<conditions>
										<condition number="0" type="jump" coverage="0%"/>
									</conditions>
								</line>
								<line number="58" hits="0" branch="false"/>
								<line number="59" hits="0" branch="false"/>
								<line number="62" hits="0" branch="false"/>
							</lines>
						</method>
						<method name="getFonts" signature="(Lorg/apache/poi/hssf/usermodel/HSSFWorkbook;)Ljava/util/Map;" line-rate="0.0" branch-rate="0.0">
							<lines>
								<line number="44" hits="0" branch="true" condition-coverage="0% (0/2)">
									<conditions>
										<condition number="0" type="jump" coverage="0%"/>
									</conditions>
								</line>
								<line number="46" hits="0" branch="false"/>
								<line number="47" hits="0" branch="false"/>
								<line number="50" hits="0" branch="false"/>
							</lines>
						</method>
					</methods>
					<lines>
						<line number="15" hits="0" branch="false"/>
						<line number="20" hits="0" branch="false"/>
						<line number="22" hits="0" branch="false"/>
						<line number="25" hits="0" branch="false"/>
						<line number="28" hits="0" branch="false"/>
						<line number="30" hits="0" branch="false"/>
						<line number="32" hits="0" branch="false"/>
						<line number="35" hits="0" branch="false"/>
						<line number="37" hits="0" branch="false"/>
						<line number="38" hits="0" branch="false"/>
						<line number="39" hits="0" branch="false"/>
						<line number="44" hits="0" branch="true" condition-coverage="0% (0/2)">
							<conditions>
								<condition number="0" type="jump" coverage="0%"/>
							</conditions>
						</line>
						<line number="46" hits="0" branch="false"/>
						<line number="47" hits="0" branch="false"/>
						<line number="50" hits="0" branch="false"/>
						<line number="56" hits="0" branch="true" condition-coverage="0% (0/2)">
							<conditions>
								<condition number="0" type="jump" coverage="0%"/>
							</conditions>
						</line>
						<line number="58" hits="0" branch="false"/>
						<line number="59" hits="0" branch="false"/>
						<line number="62" hits="0" branch="false"/>
					</lines>
				</class>
				<class name="org.javautil.workbook.poi.StyleLibrary" filename="org/javautil/workbook/poi/StyleLibrary.java" line-rate="0.0" branch-rate="0.0" complexity="2.2">
					<methods>
						<method name="&lt;init&gt;" signature="()V" line-rate="0.0" branch-rate="1.0">
							<lines>
								<line number="16" hits="0" branch="false"/>
								<line number="18" hits="0" branch="false"/>
							</lines>
						</method>
						<method name="addStyle" signature="(Ljava/lang/String;Lorg/apache/poi/hssf/usermodel/HSSFCellStyle;)V" line-rate="0.0" branch-rate="1.0">
							<lines>
								<line number="76" hits="0" branch="false"/>
								<line number="78" hits="0" branch="false"/>
							</lines>
						</method>
						<method name="createStyle" signature="(Lorg/apache/poi/hssf/usermodel/HSSFWorkbook;Ljava/lang/Short;Lorg/apache/poi/hssf/usermodel/HSSFFont;Ljava/lang/String;Ljava/lang/Short;Ljava/lang/Short;Ljava/lang/Short;)Lorg/apache/poi/hssf/usermodel/HSSFCellStyle;" line-rate="0.0" branch-rate="0.0">
							<lines>
								<line number="27" hits="0" branch="false"/>
								<line number="28" hits="0" branch="true" condition-coverage="0% (0/2)">
									<conditions>
										<condition number="0" type="jump" coverage="0%"/>
									</conditions>
								</line>
								<line number="29" hits="0" branch="false"/>
								<line number="31" hits="0" branch="true" condition-coverage="0% (0/2)">
									<conditions>
										<condition number="0" type="jump" coverage="0%"/>
									</conditions>
								</line>
								<line number="32" hits="0" branch="false"/>
								<line number="34" hits="0" branch="true" condition-coverage="0% (0/2)">
									<conditions>
										<condition number="0" type="jump" coverage="0%"/>
									</conditions>
								</line>
								<line number="35" hits="0" branch="false"/>
								<line number="38" hits="0" branch="true" condition-coverage="0% (0/2)">
									<conditions>
										<condition number="0" type="jump" coverage="0%"/>
									</conditions>
								</line>
								<line number="39" hits="0" branch="false"/>
								<line number="41" hits="0" branch="true" condition-coverage="0% (0/2)">
									<conditions>
										<condition number="0" type="jump" coverage="0%"/>
									</conditions>
								</line>
								<line number="42" hits="0" branch="false"/>
								<line number="44" hits="0" branch="true" condition-coverage="0% (0/2)">
									<conditions>
										<condition number="0" type="jump" coverage="0%"/>
									</conditions>
								</line>
								<line number="45" hits="0" branch="false"/>
								<line number="48" hits="0" branch="false"/>
							</lines>
						</method>
						<method name="getStyle" signature="(Ljava/lang/String;)Lorg/apache/poi/hssf/usermodel/HSSFCellStyle;" line-rate="0.0" branch-rate="1.0">
							<lines>
								<line number="65" hits="0" branch="false"/>
							</lines>
						</method>
						<method name="getStyles" signature="()Ljava/util/Map;" line-rate="0.0" branch-rate="1.0">
							<lines>
								<line number="55" hits="0" branch="false"/>
							</lines>
						</method>
					</methods>
					<lines>
						<line number="16" hits="0" branch="false"/>
						<line number="18" hits="0" branch="false"/>
						<line number="27" hits="0" branch="false"/>
						<line number="28" hits="0" branch="true" condition-coverage="0% (0/2)">
							<conditions>
								<condition number="0" type="jump" coverage="0%"/>
							</conditions>
						</line>
						<line number="29" hits="0" branch="false"/>
						<line number="31" hits="0" branch="true" condition-coverage="0% (0/2)">
							<conditions>
								<condition number="0" type="jump" coverage="0%"/>
							</conditions>
						</line>
						<line number="32" hits="0" branch="false"/>
						<line number="34" hits="0" branch="true" condition-coverage="0% (0/2)">
							<conditions>
								<condition number="0" type="jump" coverage="0%"/>
							</conditions>
						</line>
						<line number="35" hits="0" branch="false"/>
						<line number="38" hits="0" branch="true" condition-coverage="0% (0/2)">
							<conditions>
								<condition number="0" type="jump" coverage="0%"/>
							</conditions>
						</line>
						<line number="39" hits="0" branch="false"/>
						<line number="41" hits="0" branch="true" condition-coverage="0% (0/2)">
							<conditions>
								<condition number="0" type="jump" coverage="0%"/>
							</conditions>
						</line>
						<line number="42" hits="0" branch="false"/>
						<line number="44" hits="0" branch="true" condition-coverage="0% (0/2)">
							<conditions>
								<condition number="0" type="jump" coverage="0%"/>
							</conditions>
						</line>
						<line number="45" hits="0" branch="false"/>
						<line number="48" hits="0" branch="false"/>
						<line number="55" hits="0" branch="false"/>
						<line number="65" hits="0" branch="false"/>
						<line number="76" hits="0" branch="false"/>
						<line number="78" hits="0" branch="false"/>
					</lines>
				</class>
			</classes>
		</package>
	</packages>
</coverage>
