<?xml version="1.0" encoding="UTF-8" ?>
<testsuite failures="0" time="0.089" errors="1" skipped="8" tests="9" name="org.javautil.jfm.SpringTableMetaDataFormGeneratorTest">
  <properties>
[...]
</properties>
  <testcase time="0.037" classname="org.javautil.jfm.SpringTableMetaDataFormGeneratorTest" name="test1">
    <error message="Can&apos;t find bundle for base name org/javautil/jfm/mains/mvc/SpringTableMetaDataFormGeneratorArguments, locale en_US" type="java.util.MissingResourceException">java.util.MissingResourceException: Can&apos;t find bundle for base name org/javautil/jfm/mains/mvc/SpringTableMetaDataFormGeneratorArguments, locale en_US
	at java.util.ResourceBundle.throwMissingResourceException(ResourceBundle.java:1427)
	at java.util.ResourceBundle.getBundleImpl(ResourceBundle.java:1250)
	at java.util.ResourceBundle.getBundle(ResourceBundle.java:705)
	at org.javautil.commandline.ParameterCreator.getResourceBundle(ParameterCreator.java:573)
	at org.javautil.commandline.ParameterCreator.&lt;init&gt;(ParameterCreator.java:65)
	at org.javautil.commandline.CommandLineHandler.&lt;init&gt;(CommandLineHandler.java:109)
	at org.javautil.jfm.mains.mvc.SpringTableMetaDataFormGeneratorArguments.processArguments(SpringTableMetaDataFormGeneratorArguments.java:67)
	at org.javautil.jfm.mains.mvc.SpringTableMetaDataFTLFormGenerator.main(SpringTableMetaDataFTLFormGenerator.java:133)
	at org.javautil.jfm.SpringTableMetaDataFormGeneratorTest.test1(SpringTableMetaDataFormGeneratorTest.java:26)
	at sun.reflect.NativeMethodAccessorImpl.invoke0(Native Method)
	at sun.reflect.NativeMethodAccessorImpl.invoke(NativeMethodAccessorImpl.java:39)
	at sun.reflect.DelegatingMethodAccessorImpl.invoke(DelegatingMethodAccessorImpl.java:25)
	at java.lang.reflect.Method.invoke(Method.java:597)
	at org.junit.internal.runners.TestMethod.invoke(TestMethod.java:59)
	at org.junit.internal.runners.MethodRoadie.runTestMethod(MethodRoadie.java:98)
	at org.junit.internal.runners.MethodRoadie$2.run(MethodRoadie.java:79)
	at org.junit.internal.runners.MethodRoadie.runBeforesThenTestThenAfters(MethodRoadie.java:87)
	at org.junit.internal.runners.MethodRoadie.runTest(MethodRoadie.java:77)
	at org.junit.internal.runners.MethodRoadie.run(MethodRoadie.java:42)
	at org.junit.internal.runners.JUnit4ClassRunner.invokeTestMethod(JUnit4ClassRunner.java:88)
	at org.junit.internal.runners.JUnit4ClassRunner.runMethods(JUnit4ClassRunner.java:51)
	at org.junit.internal.runners.JUnit4ClassRunner$1.run(JUnit4ClassRunner.java:44)
	at org.junit.internal.runners.ClassRoadie.runUnprotected(ClassRoadie.java:27)
	at org.junit.internal.runners.ClassRoadie.runProtected(ClassRoadie.java:37)
	at org.junit.internal.runners.JUnit4ClassRunner.run(JUnit4ClassRunner.java:42)
	at org.apache.maven.surefire.junit4.JUnit4TestSet.execute(JUnit4TestSet.java:59)
	at org.apache.maven.surefire.suite.AbstractDirectoryTestSuite.executeTestSet(AbstractDirectoryTestSuite.java:115)
	at org.apache.maven.surefire.suite.AbstractDirectoryTestSuite.execute(AbstractDirectoryTestSuite.java:102)
	at org.apache.maven.surefire.Surefire.run(Surefire.java:180)
	at sun.reflect.NativeMethodAccessorImpl.invoke0(Native Method)
	at sun.reflect.NativeMethodAccessorImpl.invoke(NativeMethodAccessorImpl.java:39)
	at sun.reflect.DelegatingMethodAccessorImpl.invoke(DelegatingMethodAccessorImpl.java:25)
	at java.lang.reflect.Method.invoke(Method.java:597)
	at org.apache.maven.surefire.booter.SurefireBooter.runSuitesInProcess(SurefireBooter.java:350)
	at org.apache.maven.surefire.booter.SurefireBooter.main(SurefireBooter.java:1021)
Caused by: java.lang.NoClassDefFoundError: IllegalName: org/javautil/jfm/mains/mvc/SpringTableMetaDataFormGeneratorArguments
	at java.lang.ClassLoader.preDefineClass(ClassLoader.java:476)
	at java.lang.ClassLoader.defineClassCond(ClassLoader.java:625)
	at java.lang.ClassLoader.defineClass(ClassLoader.java:615)
	at java.security.SecureClassLoader.defineClass(SecureClassLoader.java:141)
	at java.net.URLClassLoader.defineClass(URLClassLoader.java:283)
	at java.net.URLClassLoader.access$000(URLClassLoader.java:58)
	at java.net.URLClassLoader$1.run(URLClassLoader.java:197)
	at java.security.AccessController.doPrivileged(Native Method)
	at java.net.URLClassLoader.findClass(URLClassLoader.java:190)
	at java.lang.ClassLoader.loadClass(ClassLoader.java:306)
	at sun.misc.Launcher$AppClassLoader.loadClass(Launcher.java:301)
	at java.lang.ClassLoader.loadClass(ClassLoader.java:247)
	at java.util.ResourceBundle$Control.newBundle(ResourceBundle.java:2289)
	at java.util.ResourceBundle.loadBundle(ResourceBundle.java:1364)
	at java.util.ResourceBundle.findBundle(ResourceBundle.java:1328)
	at java.util.ResourceBundle.findBundle(ResourceBundle.java:1282)
	at java.util.ResourceBundle.findBundle(ResourceBundle.java:1282)
	at java.util.ResourceBundle.getBundleImpl(ResourceBundle.java:1224)
	... 33 more
</error>
  </testcase>
  <testcase time="0.043" classname="org.javautil.jfm.SpringTableMetaDataFormGeneratorTest" name="test2">
    <skipped/>
  </testcase>
  <testcase time="0.043" classname="org.javautil.jfm.SpringTableMetaDataFormGeneratorTest" name="test3">
    <skipped/>
  </testcase>
  <testcase time="0.044" classname="org.javautil.jfm.SpringTableMetaDataFormGeneratorTest" name="test4">
    <skipped/>
  </testcase>
  <testcase time="0.044" classname="org.javautil.jfm.SpringTableMetaDataFormGeneratorTest" name="test5">
    <skipped/>
  </testcase>
  <testcase time="0.044" classname="org.javautil.jfm.SpringTableMetaDataFormGeneratorTest" name="test6">
    <skipped/>
  </testcase>
  <testcase time="0.044" classname="org.javautil.jfm.SpringTableMetaDataFormGeneratorTest" name="test7">
    <skipped/>
  </testcase>
  <testcase time="0.045" classname="org.javautil.jfm.SpringTableMetaDataFormGeneratorTest" name="test8">
    <skipped/>
  </testcase>
  <testcase time="0.045" classname="org.javautil.jfm.SpringTableMetaDataFormGeneratorTest" name="test9">
    <skipped/>
  </testcase>
</testsuite>